{"tag": "function", "depth": 1, "time": 1757070801.174079, "data": {"name": "connect_device", "call_args": {"uri": "Android:///"}, "start_time": 1757070800.6538785, "traceback": "Traceback (most recent call last):\n  File \"D:\\pythonProjects\\blu-test\\.venv\\lib\\site-packages\\poco\\utils\\device.py\", line 32, in default_device\n    return current_device()\n  File \"D:\\pythonProjects\\blu-test\\.venv\\lib\\site-packages\\airtest\\core\\api.py\", line 87, in device\n    return G.DEVICE\n  File \"D:\\pythonProjects\\blu-test\\.venv\\lib\\site-packages\\airtest\\core\\helper.py\", line 20, in DEVICE\n    raise NoDeviceError(\"No devices added.\")\nairtest.core.error.NoDeviceError: 'No devices added.'\n\nDuring handling of the above exception, another exception occurred:\n\nTraceback (most recent call last):\n  File \"D:\\pythonProjects\\blu-test\\.venv\\lib\\site-packages\\airtest\\utils\\logwraper.py\", line 134, in wrapper\n    res = f(*args, **kwargs)\n  File \"D:\\pythonProjects\\blu-test\\.venv\\lib\\site-packages\\airtest\\core\\api.py\", line 74, in connect_device\n    dev = init_device(platform, uuid, **params)\n  File \"D:\\pythonProjects\\blu-test\\.venv\\lib\\site-packages\\airtest\\core\\api.py\", line 42, in init_device\n    dev = cls(uuid, **kwargs)\n  File \"D:\\pythonProjects\\blu-test\\.venv\\lib\\site-packages\\airtest\\core\\android\\android.py\", line 49, in __init__\n    self.serialno = serialno or self.get_default_device(adb_path=adb_path)\n  File \"D:\\pythonProjects\\blu-test\\.venv\\lib\\site-packages\\airtest\\core\\android\\android.py\", line 311, in get_default_device\n    raise IndexError(\"ADB devices not found\")\nIndexError: ADB devices not found\n", "end_time": 1757070801.174079}}
