{"tag": "function", "depth": 1, "time": 1755218514.705444, "data": {"name": "connect_device", "call_args": {"uri": "android://127.0.0.1:5037/1C231FDF60050J?cap_method=ADBCAP&touch_method=MAXTOUCH&"}, "start_time": 1755218514.1159432, "ret": "<Android '1C231FDF60050J'>", "end_time": 1755218514.705444}}
{"tag": "function", "depth": 1, "time": 1755218523.3362136, "data": {"name": "sleep", "call_args": {"secs": 1}, "start_time": 1755218522.3358133, "ret": null, "end_time": 1755218523.3362136}}
{"tag": "info", "depth": 0, "time": 1755218523.3401186, "data": {"name": "\u83b7\u53d6\u5230\u300a\u5347\u7ea7\u5f39\u7a97\u300b\u9875\u9762\u300a\u4e0b\u6b21\u518d\u8bf4\u300b\u5143\u7d20name\u5b9a\u4f4d\u4fe1\u606f", "traceback": null, "log": "\u83b7\u53d6\u5230\u300a\u5347\u7ea7\u5f39\u7a97\u300b\u9875\u9762\u300a\u4e0b\u6b21\u518d\u8bf4\u300b\u5143\u7d20name\u5b9a\u4f4d\u4fe1\u606f"}}
{"tag": "info", "depth": 0, "time": 1755218523.4787095, "data": {"name": "\u6ca1\u6709\u5b9a\u4f4d\u5230\u300a\u5347\u7ea7\u5f39\u7a97\u300b\u9875\u9762\u300a\u4e0b\u6b21\u518d\u8bf4\u300b\u5143\u7d20", "traceback": null, "log": "\u6ca1\u6709\u5b9a\u4f4d\u5230\u300a\u5347\u7ea7\u5f39\u7a97\u300b\u9875\u9762\u300a\u4e0b\u6b21\u518d\u8bf4\u300b\u5143\u7d20"}}
{"tag": "info", "depth": 0, "time": 1755218523.4796894, "data": {"name": "\u83b7\u53d6\u5230\u300a\u8ba2\u9605\u83b7\u53d6\u300b\u9875\u9762\u300a30\u5929\u540e\u518d\u63d0\u793a\u300b\u5143\u7d20text\u5b9a\u4f4d\u4fe1\u606f", "traceback": null, "log": "\u83b7\u53d6\u5230\u300a\u8ba2\u9605\u83b7\u53d6\u300b\u9875\u9762\u300a30\u5929\u540e\u518d\u63d0\u793a\u300b\u5143\u7d20text\u5b9a\u4f4d\u4fe1\u606f"}}
{"tag": "info", "depth": 0, "time": 1755218523.5919309, "data": {"name": "\u6ca1\u6709\u5b9a\u4f4d\u5230\u300a\u8ba2\u9605\u83b7\u53d6\u300b\u9875\u9762\u300a30\u5929\u540e\u518d\u63d0\u793a\u300b\u5143\u7d20", "traceback": null, "log": "\u6ca1\u6709\u5b9a\u4f4d\u5230\u300a\u8ba2\u9605\u83b7\u53d6\u300b\u9875\u9762\u300a30\u5929\u540e\u518d\u63d0\u793a\u300b\u5143\u7d20"}}
{"tag": "info", "depth": 0, "time": 1755218523.7802975, "data": {"name": "\u7ecf\u8fc70\u6b21\u70b9\u51fb\u8fd4\u56de\u6309\u952e\uff0c\u627e\u5230'\u6211\u7684'\u5143\u7d20\uff0c\u5f53\u524d\u5728\u4e00\u7ea7\u9875\u9762", "traceback": null, "log": "\u7ecf\u8fc70\u6b21\u70b9\u51fb\u8fd4\u56de\u6309\u952e\uff0c\u627e\u5230'\u6211\u7684'\u5143\u7d20\uff0c\u5f53\u524d\u5728\u4e00\u7ea7\u9875\u9762"}}
{"tag": "info", "depth": 0, "time": 1755218523.7812736, "data": {"name": "\u83b7\u53d6\u5230\u300a\u6211\u7684\u300b\u9875\u9762\u300a\u6211\u7684\u300b\u5143\u7d20text\u5b9a\u4f4d\u4fe1\u606f", "traceback": null, "log": "\u83b7\u53d6\u5230\u300a\u6211\u7684\u300b\u9875\u9762\u300a\u6211\u7684\u300b\u5143\u7d20text\u5b9a\u4f4d\u4fe1\u606f"}}
{"tag": "info", "depth": 0, "time": 1755218523.8847258, "data": {"name": "\u5df2\u7ecf\u662f\u767b\u5f55\u72b6\u6001", "traceback": null, "log": "\u5df2\u7ecf\u662f\u767b\u5f55\u72b6\u6001"}}
{"tag": "info", "depth": 0, "time": 1755218523.897414, "data": {"name": "\u83b7\u53d6\u5230\u300a\u5347\u7ea7\u5f39\u7a97\u300b\u9875\u9762\u300a\u4e0b\u6b21\u518d\u8bf4\u300b\u5143\u7d20name\u5b9a\u4f4d\u4fe1\u606f", "traceback": null, "log": "\u83b7\u53d6\u5230\u300a\u5347\u7ea7\u5f39\u7a97\u300b\u9875\u9762\u300a\u4e0b\u6b21\u518d\u8bf4\u300b\u5143\u7d20name\u5b9a\u4f4d\u4fe1\u606f"}}
{"tag": "info", "depth": 0, "time": 1755218523.9549994, "data": {"name": "\u6ca1\u6709\u5b9a\u4f4d\u5230\u300a\u5347\u7ea7\u5f39\u7a97\u300b\u9875\u9762\u300a\u4e0b\u6b21\u518d\u8bf4\u300b\u5143\u7d20", "traceback": null, "log": "\u6ca1\u6709\u5b9a\u4f4d\u5230\u300a\u5347\u7ea7\u5f39\u7a97\u300b\u9875\u9762\u300a\u4e0b\u6b21\u518d\u8bf4\u300b\u5143\u7d20"}}
{"tag": "info", "depth": 0, "time": 1755218523.9569497, "data": {"name": "\u83b7\u53d6\u5230\u300a\u8ba2\u9605\u83b7\u53d6\u300b\u9875\u9762\u300a30\u5929\u540e\u518d\u63d0\u793a\u300b\u5143\u7d20text\u5b9a\u4f4d\u4fe1\u606f", "traceback": null, "log": "\u83b7\u53d6\u5230\u300a\u8ba2\u9605\u83b7\u53d6\u300b\u9875\u9762\u300a30\u5929\u540e\u518d\u63d0\u793a\u300b\u5143\u7d20text\u5b9a\u4f4d\u4fe1\u606f"}}
{"tag": "info", "depth": 0, "time": 1755218524.0838463, "data": {"name": "\u6ca1\u6709\u5b9a\u4f4d\u5230\u300a\u8ba2\u9605\u83b7\u53d6\u300b\u9875\u9762\u300a30\u5929\u540e\u518d\u63d0\u793a\u300b\u5143\u7d20", "traceback": null, "log": "\u6ca1\u6709\u5b9a\u4f4d\u5230\u300a\u8ba2\u9605\u83b7\u53d6\u300b\u9875\u9762\u300a30\u5929\u540e\u518d\u63d0\u793a\u300b\u5143\u7d20"}}
{"tag": "info", "depth": 0, "time": 1755218524.339542, "data": {"name": "\u7ecf\u8fc70\u6b21\u70b9\u51fb\u8fd4\u56de\u6309\u952e\uff0c\u627e\u5230'\u6211\u7684'\u5143\u7d20\uff0c\u5f53\u524d\u5728\u4e00\u7ea7\u9875\u9762", "traceback": null, "log": "\u7ecf\u8fc70\u6b21\u70b9\u51fb\u8fd4\u56de\u6309\u952e\uff0c\u627e\u5230'\u6211\u7684'\u5143\u7d20\uff0c\u5f53\u524d\u5728\u4e00\u7ea7\u9875\u9762"}}
{"tag": "info", "depth": 0, "time": 1755218524.5240057, "data": {"name": "\u5f53\u524d\u8bed\u8a00\u662f\u7b80\u4f53\u4e2d\u6587", "traceback": null, "log": "\u5f53\u524d\u8bed\u8a00\u662f\u7b80\u4f53\u4e2d\u6587"}}
{"tag": "info", "depth": 0, "time": 1755218524.5240057, "data": {"name": "\u671f\u671b\u8bed\u8a00\u662f\u7b80\u4f53\u4e2d\u6587\uff0c\u90a3\u5c31\u4e0d\u7528\u5207\u6362\u8bed\u8a00\u4e86", "traceback": null, "log": "\u671f\u671b\u8bed\u8a00\u662f\u7b80\u4f53\u4e2d\u6587\uff0c\u90a3\u5c31\u4e0d\u7528\u5207\u6362\u8bed\u8a00\u4e86"}}
{"tag": "info", "depth": 0, "time": 1755218524.5240057, "data": {"name": "\u6d4b\u8bd5\u7b80\u4f53\u4e2d\u6587\u7ffb\u8bd1", "traceback": null, "log": "\u6d4b\u8bd5\u7b80\u4f53\u4e2d\u6587\u7ffb\u8bd1"}}
{"tag": "info", "depth": 0, "time": 1755218524.524982, "data": {"name": "\u83b7\u53d6\u5230\u300a\u6211\u7684\u300b\u9875\u9762\u300a\u6211\u7684\u300b\u5143\u7d20text\u5b9a\u4f4d\u4fe1\u606f", "traceback": null, "log": "\u83b7\u53d6\u5230\u300a\u6211\u7684\u300b\u9875\u9762\u300a\u6211\u7684\u300b\u5143\u7d20text\u5b9a\u4f4d\u4fe1\u606f"}}
{"tag": "info", "depth": 0, "time": 1755218524.7406821, "data": {"name": "\u5b9a\u4f4d\u5230\u300a\u6211\u7684\u300b\u9875\u9762\u300a\u6211\u7684\u300b\u5143\u7d20", "traceback": null, "log": "\u5b9a\u4f4d\u5230\u300a\u6211\u7684\u300b\u9875\u9762\u300a\u6211\u7684\u300b\u5143\u7d20"}}
{"tag": "function", "depth": 2, "time": 1755218525.827946, "data": {"name": "try_log_screen", "call_args": {"quality": 10, "max_size": null, "screen": null}, "start_time": 1755218525.1076539, "ret": {"screen": "1755218525803.jpg", "resolution": [1080, 2400]}, "end_time": 1755218525.827946}}
{"tag": "function", "depth": 1, "time": 1755218525.827946, "data": {"name": "snapshot", "call_args": {"msg": "UIObjectProxy of \"text=\u6211\u7684\"", "filename": null, "quality": null, "max_size": null}, "start_time": 1755218525.1076539, "ret": {"screen": "1755218525803.jpg", "resolution": [1080, 2400]}, "end_time": 1755218525.827946}}
{"tag": "function", "depth": 1, "time": 1755218525.827946, "data": {"name": "record_ui", "call_args": {"driver": "<poco.drivers.android.uiautomation.AndroidUiautomationPoco object at 0x0000016F52752EB0>", "action": "'click'", "ui": "UIObjectProxy of \"text=\u6211\u7684\"", "args": "[0.9, 0.9533333333333334]"}, "start_time": 1755218525.827946, "ret": "UIObjectProxy of \"text=\u6211\u7684\"", "end_time": 1755218525.827946}}
{"tag": "function", "depth": 2, "time": 1755218527.7419107, "data": {"name": "try_log_screen", "call_args": {"screen": null, "quality": null, "max_size": null}, "start_time": 1755218527.3573353, "ret": {"screen": "1755218527726.jpg", "resolution": [1080, 2400]}, "end_time": 1755218527.7419107}}
{"tag": "function", "depth": 1, "time": 1755218528.3021026, "data": {"name": "touch", "call_args": {"v": [972.0, 2288.0], "kwargs": {"duration": 0.01}, "times": 1}, "start_time": 1755218527.3573353, "ret": [972.0, 2288.0], "end_time": 1755218528.3021026}}
{"tag": "info", "depth": 0, "time": 1755218529.9027433, "data": {"name": "\u70b9\u51fb\u300a\u6211\u7684\u300b\u9875\u9762\u300a\u6211\u7684\u300b\u5143\u7d20\u6210\u529f", "traceback": null, "log": "\u70b9\u51fb\u300a\u6211\u7684\u300b\u9875\u9762\u300a\u6211\u7684\u300b\u5143\u7d20\u6210\u529f"}}
{"tag": "info", "depth": 0, "time": 1755218529.9515486, "data": {"name": "\u83b7\u53d6\u5230\u300a\u6211\u7684\u300b\u9875\u9762\u300a\u5730\u5740\u7ba1\u7406\u300b\u5143\u7d20text\u5b9a\u4f4d\u4fe1\u606f", "traceback": null, "log": "\u83b7\u53d6\u5230\u300a\u6211\u7684\u300b\u9875\u9762\u300a\u5730\u5740\u7ba1\u7406\u300b\u5143\u7d20text\u5b9a\u4f4d\u4fe1\u606f"}}
{"tag": "info", "depth": 0, "time": 1755218530.1379592, "data": {"name": "\u5b9a\u4f4d\u5230\u300a\u6211\u7684\u300b\u9875\u9762\u300a\u5730\u5740\u7ba1\u7406\u300b\u5143\u7d20", "traceback": null, "log": "\u5b9a\u4f4d\u5230\u300a\u6211\u7684\u300b\u9875\u9762\u300a\u5730\u5740\u7ba1\u7406\u300b\u5143\u7d20"}}
{"tag": "function", "depth": 2, "time": 1755218530.784076, "data": {"name": "try_log_screen", "call_args": {"quality": 10, "max_size": null, "screen": null}, "start_time": 1755218530.493223, "ret": {"screen": "1755218530768.jpg", "resolution": [1080, 2400]}, "end_time": 1755218530.784076}}
{"tag": "function", "depth": 1, "time": 1755218530.784076, "data": {"name": "snapshot", "call_args": {"msg": "UIObjectProxy of \"text=\u5730\u5740\u7ba1\u7406\"", "filename": null, "quality": null, "max_size": null}, "start_time": 1755218530.493223, "ret": {"screen": "1755218530768.jpg", "resolution": [1080, 2400]}, "end_time": 1755218530.784076}}
{"tag": "function", "depth": 1, "time": 1755218530.784076, "data": {"name": "record_ui", "call_args": {"driver": "<poco.drivers.android.uiautomation.AndroidUiautomationPoco object at 0x0000016F52752EB0>", "action": "'click'", "ui": "UIObjectProxy of \"text=\u5730\u5740\u7ba1\u7406\"", "args": "[0.7379629629629629, 0.37583333333333335]"}, "start_time": 1755218530.784076, "ret": "UIObjectProxy of \"text=\u5730\u5740\u7ba1\u7406\"", "end_time": 1755218530.784076}}
{"tag": "function", "depth": 2, "time": 1755218531.16276, "data": {"name": "try_log_screen", "call_args": {"screen": null, "quality": null, "max_size": null}, "start_time": 1755218530.784076, "ret": {"screen": "1755218531146.jpg", "resolution": [1080, 2400]}, "end_time": 1755218531.16276}}
{"tag": "function", "depth": 1, "time": 1755218531.3462477, "data": {"name": "touch", "call_args": {"v": [797.0, 902.0], "kwargs": {"duration": 0.01}, "times": 1}, "start_time": 1755218530.784076, "ret": [797.0, 902.0], "end_time": 1755218531.3462477}}
{"tag": "info", "depth": 0, "time": 1755218532.9468923, "data": {"name": "\u70b9\u51fb\u300a\u6211\u7684\u300b\u9875\u9762\u300a\u5730\u5740\u7ba1\u7406\u300b\u5143\u7d20\u6210\u529f", "traceback": null, "log": "\u70b9\u51fb\u300a\u6211\u7684\u300b\u9875\u9762\u300a\u5730\u5740\u7ba1\u7406\u300b\u5143\u7d20\u6210\u529f"}}
{"tag": "function", "depth": 2, "time": 1755218533.5520074, "data": {"name": "try_log_screen", "call_args": {"screen": null, "quality": null, "max_size": null}, "start_time": 1755218533.1674645, "ret": {"screen": "1755218533536.jpg", "resolution": [1080, 2400]}, "end_time": 1755218533.5520074}}
{"tag": "function", "depth": 1, "time": 1755218533.5520074, "data": {"name": "assert_equal", "call_args": {"first": true, "second": true, "msg": "\u7b80\u4f53\u4e2d\u6587--\u300a\u5730\u5740\u7ba1\u7406\u300b\u9875\u9762\u300a\u5730\u5740\u7ba1\u7406\u300b\u5143\u7d20"}, "start_time": 1755218533.1674645, "ret": null, "end_time": 1755218533.1674645}}
{"tag": "function", "depth": 2, "time": 1755218534.1229727, "data": {"name": "try_log_screen", "call_args": {"screen": null, "quality": null, "max_size": null}, "start_time": 1755218533.759896, "ret": {"screen": "1755218534106.jpg", "resolution": [1080, 2400]}, "end_time": 1755218534.1229727}}
{"tag": "function", "depth": 1, "time": 1755218534.1229727, "data": {"name": "assert_equal", "call_args": {"first": true, "second": true, "msg": "\u7b80\u4f53\u4e2d\u6587--\u300a\u5730\u5740\u7ba1\u7406\u300b\u9875\u9762\u300a\u65b0\u589e\u5730\u5740\u300b\u5143\u7d20"}, "start_time": 1755218533.759896, "ret": null, "end_time": 1755218533.759896}}
{"tag": "info", "depth": 0, "time": 1755218534.1239483, "data": {"name": "\u83b7\u53d6\u5230\u300a\u5730\u5740\u7ba1\u7406\u300b\u9875\u9762\u300a\u65b0\u589e\u5730\u5740\u300b\u5143\u7d20text\u5b9a\u4f4d\u4fe1\u606f", "traceback": null, "log": "\u83b7\u53d6\u5230\u300a\u5730\u5740\u7ba1\u7406\u300b\u9875\u9762\u300a\u65b0\u589e\u5730\u5740\u300b\u5143\u7d20text\u5b9a\u4f4d\u4fe1\u606f"}}
{"tag": "info", "depth": 0, "time": 1755218534.3045075, "data": {"name": "\u5b9a\u4f4d\u5230\u300a\u5730\u5740\u7ba1\u7406\u300b\u9875\u9762\u300a\u65b0\u589e\u5730\u5740\u300b\u5143\u7d20", "traceback": null, "log": "\u5b9a\u4f4d\u5230\u300a\u5730\u5740\u7ba1\u7406\u300b\u9875\u9762\u300a\u65b0\u589e\u5730\u5740\u300b\u5143\u7d20"}}
{"tag": "function", "depth": 2, "time": 1755218535.031629, "data": {"name": "try_log_screen", "call_args": {"quality": 10, "max_size": null, "screen": null}, "start_time": 1755218534.6519604, "ret": {"screen": "1755218535016.jpg", "resolution": [1080, 2400]}, "end_time": 1755218535.031629}}
{"tag": "function", "depth": 1, "time": 1755218535.031629, "data": {"name": "snapshot", "call_args": {"msg": "UIObjectProxy of \"text=\u65b0\u589e\u5730\u5740\"", "filename": null, "quality": null, "max_size": null}, "start_time": 1755218534.6519604, "ret": {"screen": "1755218535016.jpg", "resolution": [1080, 2400]}, "end_time": 1755218535.031629}}
{"tag": "function", "depth": 1, "time": 1755218535.031629, "data": {"name": "record_ui", "call_args": {"driver": "<poco.drivers.android.uiautomation.AndroidUiautomationPoco object at 0x0000016F52752EB0>", "action": "'click'", "ui": "UIObjectProxy of \"text=\u65b0\u589e\u5730\u5740\"", "args": "[0.5, 0.9254166666666667]"}, "start_time": 1755218535.031629, "ret": "UIObjectProxy of \"text=\u65b0\u589e\u5730\u5740\"", "end_time": 1755218535.031629}}
{"tag": "function", "depth": 2, "time": 1755218535.4064128, "data": {"name": "try_log_screen", "call_args": {"screen": null, "quality": null, "max_size": null}, "start_time": 1755218535.031629, "ret": {"screen": "1755218535390.jpg", "resolution": [1080, 2400]}, "end_time": 1755218535.4064128}}
{"tag": "function", "depth": 1, "time": 1755218535.5898962, "data": {"name": "touch", "call_args": {"v": [540.0, 2221.0], "kwargs": {"duration": 0.01}, "times": 1}, "start_time": 1755218535.031629, "ret": [540.0, 2221.0], "end_time": 1755218535.5898962}}
{"tag": "info", "depth": 0, "time": 1755218537.1905413, "data": {"name": "\u70b9\u51fb\u300a\u5730\u5740\u7ba1\u7406\u300b\u9875\u9762\u300a\u65b0\u589e\u5730\u5740\u300b\u5143\u7d20\u6210\u529f", "traceback": null, "log": "\u70b9\u51fb\u300a\u5730\u5740\u7ba1\u7406\u300b\u9875\u9762\u300a\u65b0\u589e\u5730\u5740\u300b\u5143\u7d20\u6210\u529f"}}
{"tag": "function", "depth": 2, "time": 1755218537.7966378, "data": {"name": "try_log_screen", "call_args": {"screen": null, "quality": null, "max_size": null}, "start_time": 1755218537.4618652, "ret": {"screen": "1755218537781.jpg", "resolution": [1080, 2400]}, "end_time": 1755218537.7966378}}
{"tag": "function", "depth": 1, "time": 1755218537.7966378, "data": {"name": "assert_equal", "call_args": {"first": true, "second": true, "msg": "\u7b80\u4f53\u4e2d\u6587--\u300a\u65b0\u589e\u5730\u5740\u300b\u9875\u9762\u300a\u65b0\u589e\u5730\u5740\u300b\u5143\u7d20"}, "start_time": 1755218537.4618652, "ret": null, "end_time": 1755218537.4618652}}
{"tag": "function", "depth": 2, "time": 1755218538.3705263, "data": {"name": "try_log_screen", "call_args": {"screen": null, "quality": null, "max_size": null}, "start_time": 1755218537.9801378, "ret": {"screen": "1755218538353.jpg", "resolution": [1080, 2400]}, "end_time": 1755218538.3705263}}
{"tag": "function", "depth": 1, "time": 1755218538.3705263, "data": {"name": "assert_equal", "call_args": {"first": true, "second": true, "msg": "\u7b80\u4f53\u4e2d\u6587--\u300a\u65b0\u589e\u5730\u5740\u300b\u9875\u9762\u300a\u8054\u7cfb\u4eba\u4fe1\u606f\u300b\u5143\u7d20"}, "start_time": 1755218537.9801378, "ret": null, "end_time": 1755218537.9801378}}
{"tag": "function", "depth": 2, "time": 1755218538.938553, "data": {"name": "try_log_screen", "call_args": {"screen": null, "quality": null, "max_size": null}, "start_time": 1755218538.606714, "ret": {"screen": "1755218538922.jpg", "resolution": [1080, 2400]}, "end_time": 1755218538.938553}}
{"tag": "function", "depth": 1, "time": 1755218538.938553, "data": {"name": "assert_equal", "call_args": {"first": true, "second": true, "msg": "\u7b80\u4f53\u4e2d\u6587--\u300a\u65b0\u589e\u5730\u5740\u300b\u9875\u9762\u300a\u540d\u5b57 *\u300b\u5143\u7d20"}, "start_time": 1755218538.606714, "ret": null, "end_time": 1755218538.606714}}
{"tag": "function", "depth": 2, "time": 1755218539.4987817, "data": {"name": "try_log_screen", "call_args": {"screen": null, "quality": null, "max_size": null}, "start_time": 1755218539.139614, "ret": {"screen": "1755218539483.jpg", "resolution": [1080, 2400]}, "end_time": 1755218539.4987817}}
{"tag": "function", "depth": 1, "time": 1755218539.4987817, "data": {"name": "assert_equal", "call_args": {"first": true, "second": true, "msg": "\u7b80\u4f53\u4e2d\u6587--\u300a\u65b0\u589e\u5730\u5740\u300b\u9875\u9762\u300a\u8bf7\u8f93\u5165\u4f60\u7684\u540d\u5b57\u300b\u5143\u7d20"}, "start_time": 1755218539.139614, "ret": null, "end_time": 1755218539.139614}}
{"tag": "function", "depth": 2, "time": 1755218540.0287466, "data": {"name": "try_log_screen", "call_args": {"screen": null, "quality": null, "max_size": null}, "start_time": 1755218539.6783621, "ret": {"screen": "1755218540013.jpg", "resolution": [1080, 2400]}, "end_time": 1755218540.0287466}}
{"tag": "function", "depth": 1, "time": 1755218540.0287466, "data": {"name": "assert_equal", "call_args": {"first": true, "second": true, "msg": "\u7b80\u4f53\u4e2d\u6587--\u300a\u65b0\u589e\u5730\u5740\u300b\u9875\u9762\u300a\u59d3\u6c0f *\u300b\u5143\u7d20"}, "start_time": 1755218539.6783621, "ret": null, "end_time": 1755218539.6783621}}
{"tag": "function", "depth": 2, "time": 1755218540.5723777, "data": {"name": "try_log_screen", "call_args": {"screen": null, "quality": null, "max_size": null}, "start_time": 1755218540.2249222, "ret": {"screen": "1755218540554.jpg", "resolution": [1080, 2400]}, "end_time": 1755218540.5723777}}
{"tag": "function", "depth": 1, "time": 1755218540.5723777, "data": {"name": "assert_equal", "call_args": {"first": true, "second": true, "msg": "\u7b80\u4f53\u4e2d\u6587--\u300a\u65b0\u589e\u5730\u5740\u300b\u9875\u9762\u300a\u8bf7\u8f93\u5165\u4f60\u7684\u59d3\u6c0f\u300b\u5143\u7d20"}, "start_time": 1755218540.2249222, "ret": null, "end_time": 1755218540.2249222}}
{"tag": "function", "depth": 2, "time": 1755218540.9764466, "data": {"name": "try_log_screen", "call_args": {"screen": null, "quality": null, "max_size": null}, "start_time": 1755218540.673895, "ret": {"screen": "1755218540959.jpg", "resolution": [1080, 2400]}, "end_time": 1755218540.9764466}}
{"tag": "function", "depth": 1, "time": 1755218540.9764466, "data": {"name": "assert_equal", "call_args": {"first": true, "second": true, "msg": "\u7b80\u4f53\u4e2d\u6587--\u300a\u65b0\u589e\u5730\u5740\u300b\u9875\u9762\u300a\u4e2d\u95f4\u540d (\u9009\u586b)\u300b\u5143\u7d20"}, "start_time": 1755218540.673895, "ret": null, "end_time": 1755218540.673895}}
{"tag": "function", "depth": 2, "time": 1755218541.4927516, "data": {"name": "try_log_screen", "call_args": {"screen": null, "quality": null, "max_size": null}, "start_time": 1755218541.1326067, "ret": {"screen": "1755218541477.jpg", "resolution": [1080, 2400]}, "end_time": 1755218541.4927516}}
{"tag": "function", "depth": 1, "time": 1755218541.4927516, "data": {"name": "assert_equal", "call_args": {"first": true, "second": true, "msg": "\u7b80\u4f53\u4e2d\u6587--\u300a\u65b0\u589e\u5730\u5740\u300b\u9875\u9762\u300a\u8bf7\u8f93\u5165\u4f60\u7684\u4e2d\u95f4\u540d\u300b\u5143\u7d20"}, "start_time": 1755218541.1326067, "ret": null, "end_time": 1755218541.1326067}}
{"tag": "function", "depth": 2, "time": 1755218542.053951, "data": {"name": "try_log_screen", "call_args": {"screen": null, "quality": null, "max_size": null}, "start_time": 1755218541.7045429, "ret": {"screen": "1755218542038.jpg", "resolution": [1080, 2400]}, "end_time": 1755218542.053951}}
{"tag": "function", "depth": 1, "time": 1755218542.053951, "data": {"name": "assert_equal", "call_args": {"first": true, "second": true, "msg": "\u7b80\u4f53\u4e2d\u6587--\u300a\u65b0\u589e\u5730\u5740\u300b\u9875\u9762\u300a\u516c\u53f8\u540d\u79f0\u300b\u5143\u7d20"}, "start_time": 1755218541.7045429, "ret": null, "end_time": 1755218541.7045429}}
{"tag": "function", "depth": 2, "time": 1755218542.5946548, "data": {"name": "try_log_screen", "call_args": {"screen": null, "quality": null, "max_size": null}, "start_time": 1755218542.2374346, "ret": {"screen": "1755218542578.jpg", "resolution": [1080, 2400]}, "end_time": 1755218542.5946548}}
{"tag": "function", "depth": 1, "time": 1755218542.5946548, "data": {"name": "assert_equal", "call_args": {"first": true, "second": true, "msg": "\u7b80\u4f53\u4e2d\u6587--\u300a\u65b0\u589e\u5730\u5740\u300b\u9875\u9762\u300a\u8bf7\u8f93\u5165\u4f60\u7684\u516c\u53f8\u540d\u79f0\u300b\u5143\u7d20"}, "start_time": 1755218542.2374346, "ret": null, "end_time": 1755218542.2374346}}
{"tag": "function", "depth": 2, "time": 1755218543.176351, "data": {"name": "try_log_screen", "call_args": {"screen": null, "quality": null, "max_size": null}, "start_time": 1755218542.8103507, "ret": {"screen": "1755218543159.jpg", "resolution": [1080, 2400]}, "end_time": 1755218543.176351}}
{"tag": "function", "depth": 1, "time": 1755218543.176351, "data": {"name": "assert_equal", "call_args": {"first": true, "second": true, "msg": "\u7b80\u4f53\u4e2d\u6587--\u300a\u65b0\u589e\u5730\u5740\u300b\u9875\u9762\u300a\u8054\u7cfb\u90ae\u7bb1 *\u300b\u5143\u7d20"}, "start_time": 1755218542.8103507, "ret": null, "end_time": 1755218542.8103507}}
{"tag": "function", "depth": 2, "time": 1755218543.7434034, "data": {"name": "try_log_screen", "call_args": {"screen": null, "quality": null, "max_size": null}, "start_time": 1755218543.406683, "ret": {"screen": "1755218543727.jpg", "resolution": [1080, 2400]}, "end_time": 1755218543.7434034}}
{"tag": "function", "depth": 1, "time": 1755218543.7434034, "data": {"name": "assert_equal", "call_args": {"first": true, "second": true, "msg": "\u7b80\u4f53\u4e2d\u6587--\u300a\u65b0\u589e\u5730\u5740\u300b\u9875\u9762\u300a\u5730\u5740\u300b\u5143\u7d20"}, "start_time": 1755218543.406683, "ret": null, "end_time": 1755218543.406683}}
{"tag": "function", "depth": 2, "time": 1755218544.271424, "data": {"name": "try_log_screen", "call_args": {"screen": null, "quality": null, "max_size": null}, "start_time": 1755218543.9337232, "ret": {"screen": "1755218544255.jpg", "resolution": [1080, 2400]}, "end_time": 1755218544.271424}}
{"tag": "function", "depth": 1, "time": 1755218544.2723956, "data": {"name": "assert_equal", "call_args": {"first": true, "second": true, "msg": "\u7b80\u4f53\u4e2d\u6587--\u300a\u65b0\u589e\u5730\u5740\u300b\u9875\u9762\u300a\u56fd\u5bb6/\u5730\u533a *\u300b\u5143\u7d20"}, "start_time": 1755218543.9337232, "ret": null, "end_time": 1755218543.9337232}}
{"tag": "function", "depth": 2, "time": 1755218544.8628843, "data": {"name": "try_log_screen", "call_args": {"screen": null, "quality": null, "max_size": null}, "start_time": 1755218544.5203042, "ret": {"screen": "1755218544846.jpg", "resolution": [1080, 2400]}, "end_time": 1755218544.8628843}}
{"tag": "function", "depth": 1, "time": 1755218544.8628843, "data": {"name": "assert_equal", "call_args": {"first": true, "second": true, "msg": "\u7b80\u4f53\u4e2d\u6587--\u300a\u65b0\u589e\u5730\u5740\u300b\u9875\u9762\u300a\u8bf7\u9009\u62e9\u56fd\u5bb6/\u5730\u533a\u300b\u5143\u7d20"}, "start_time": 1755218544.5203042, "ret": null, "end_time": 1755218544.5203042}}
{"tag": "function", "depth": 2, "time": 1755218545.367472, "data": {"name": "try_log_screen", "call_args": {"screen": null, "quality": null, "max_size": null}, "start_time": 1755218545.0043998, "ret": {"screen": "1755218545351.jpg", "resolution": [1080, 2400]}, "end_time": 1755218545.367472}}
{"tag": "function", "depth": 1, "time": 1755218545.367472, "data": {"name": "assert_equal", "call_args": {"first": false, "second": true, "msg": "\u7b80\u4f53\u4e2d\u6587--\u300a\u65b0\u589e\u5730\u5740\u300b\u9875\u9762\u300a\u7701/\u5dde *\u300b\u5143\u7d20"}, "start_time": 1755218545.0034244, "traceback": "Traceback (most recent call last):\n  File \"D:\\pythonProjects\\blu-test\\.venv\\lib\\site-packages\\airtest\\utils\\logwraper.py\", line 134, in wrapper\n    res = f(*args, **kwargs)\n  File \"D:\\pythonProjects\\blu-test\\.venv\\lib\\site-packages\\airtest\\core\\assertions.py\", line 69, in assert_equal\n    assert first == second, \"%s and %s are not equal, message: %s\" % (first, second, msg)\nAssertionError: False and True are not equal, message: \u7b80\u4f53\u4e2d\u6587--\u300a\u65b0\u589e\u5730\u5740\u300b\u9875\u9762\u300a\u7701/\u5dde *\u300b\u5143\u7d20\n", "end_time": 1755218545.0043998}}
{"tag": "info", "depth": 0, "time": 1755218545.367472, "data": {"name": "\u6ca1\u627e\u5230\u5143\u7d20\uff0c\u5411\u4e0a\u6ed1\u4e00\u4e0b\uff0c\u518d\u8bd5\u8bd5", "traceback": null, "log": "\u6ca1\u627e\u5230\u5143\u7d20\uff0c\u5411\u4e0a\u6ed1\u4e00\u4e0b\uff0c\u518d\u8bd5\u8bd5"}}
{"tag": "function", "depth": 2, "time": 1755218545.7237134, "data": {"name": "try_log_screen", "call_args": {"screen": null, "quality": null, "max_size": null}, "start_time": 1755218545.367472, "ret": {"screen": "1755218545708.jpg", "resolution": [1080, 2400]}, "end_time": 1755218545.7237134}}
{"tag": "function", "depth": 1, "time": 1755218546.4244795, "data": {"name": "swipe", "call_args": {"v1": [500, 1900], "v2": [500, 500], "kwargs": {}, "vector": null}, "start_time": 1755218545.367472, "ret": [[500, 1900], [500, 500]], "end_time": 1755218546.4244795}}
{"tag": "info", "depth": 0, "time": 1755218546.4244795, "data": {"name": "\u4ece\u4e0b\u5f80\u4e0a\u6ed1\u52a8\uff0c\u5c55\u793a\u4e0b\u65b9\u5185\u5bb9", "traceback": null, "log": "\u4ece\u4e0b\u5f80\u4e0a\u6ed1\u52a8\uff0c\u5c55\u793a\u4e0b\u65b9\u5185\u5bb9"}}
{"tag": "function", "depth": 2, "time": 1755218547.4424665, "data": {"name": "try_log_screen", "call_args": {"screen": null, "quality": null, "max_size": null}, "start_time": 1755218547.094988, "ret": {"screen": "1755218547426.jpg", "resolution": [1080, 2400]}, "end_time": 1755218547.4424665}}
{"tag": "function", "depth": 1, "time": 1755218547.4424665, "data": {"name": "assert_equal", "call_args": {"first": true, "second": true, "msg": "\u7b80\u4f53\u4e2d\u6587--\u300a\u65b0\u589e\u5730\u5740\u300b\u9875\u9762\u300a\u7701/\u5dde *\u300b\u5143\u7d20"}, "start_time": 1755218547.094988, "ret": null, "end_time": 1755218547.094988}}
{"tag": "function", "depth": 2, "time": 1755218548.0202403, "data": {"name": "try_log_screen", "call_args": {"screen": null, "quality": null, "max_size": null}, "start_time": 1755218547.6571653, "ret": {"screen": "1755218548003.jpg", "resolution": [1080, 2400]}, "end_time": 1755218548.0202403}}
{"tag": "function", "depth": 1, "time": 1755218548.0202403, "data": {"name": "assert_equal", "call_args": {"first": true, "second": true, "msg": "\u7b80\u4f53\u4e2d\u6587--\u300a\u65b0\u589e\u5730\u5740\u300b\u9875\u9762\u300a\u8bf7\u9009\u62e9\u6240\u5728\u7701/\u5dde\u300b\u5143\u7d20"}, "start_time": 1755218547.6571653, "ret": null, "end_time": 1755218547.6571653}}
{"tag": "function", "depth": 2, "time": 1755218548.539468, "data": {"name": "try_log_screen", "call_args": {"screen": null, "quality": null, "max_size": null}, "start_time": 1755218548.182257, "ret": {"screen": "1755218548523.jpg", "resolution": [1080, 2400]}, "end_time": 1755218548.539468}}
{"tag": "function", "depth": 1, "time": 1755218548.539468, "data": {"name": "assert_equal", "call_args": {"first": true, "second": true, "msg": "\u7b80\u4f53\u4e2d\u6587--\u300a\u65b0\u589e\u5730\u5740\u300b\u9875\u9762\u300a\u57ce\u5e02 *\u300b\u5143\u7d20"}, "start_time": 1755218548.182257, "ret": null, "end_time": 1755218548.182257}}
{"tag": "function", "depth": 2, "time": 1755218549.1309237, "data": {"name": "try_log_screen", "call_args": {"screen": null, "quality": null, "max_size": null}, "start_time": 1755218548.7463803, "ret": {"screen": "1755218549114.jpg", "resolution": [1080, 2400]}, "end_time": 1755218549.1309237}}
{"tag": "function", "depth": 1, "time": 1755218549.1319053, "data": {"name": "assert_equal", "call_args": {"first": true, "second": true, "msg": "\u7b80\u4f53\u4e2d\u6587--\u300a\u65b0\u589e\u5730\u5740\u300b\u9875\u9762\u300a\u8bf7\u8f93\u5165\u6240\u5728\u57ce\u5e02\u300b\u5143\u7d20"}, "start_time": 1755218548.7463803, "ret": null, "end_time": 1755218548.7463803}}
{"tag": "function", "depth": 2, "time": 1755218549.7165248, "data": {"name": "try_log_screen", "call_args": {"screen": null, "quality": null, "max_size": null}, "start_time": 1755218549.3602843, "ret": {"screen": "1755218549699.jpg", "resolution": [1080, 2400]}, "end_time": 1755218549.7165248}}
{"tag": "function", "depth": 1, "time": 1755218549.7165248, "data": {"name": "assert_equal", "call_args": {"first": true, "second": true, "msg": "\u7b80\u4f53\u4e2d\u6587--\u300a\u65b0\u589e\u5730\u5740\u300b\u9875\u9762\u300a\u8be6\u7ec6\u5730\u5740 *\u300b\u5143\u7d20"}, "start_time": 1755218549.3602843, "ret": null, "end_time": 1755218549.3602843}}
{"tag": "function", "depth": 2, "time": 1755218550.084508, "data": {"name": "try_log_screen", "call_args": {"screen": null, "quality": null, "max_size": null}, "start_time": 1755218549.8346207, "ret": {"screen": "1755218550067.jpg", "resolution": [1080, 2400]}, "end_time": 1755218550.084508}}
{"tag": "function", "depth": 1, "time": 1755218550.084508, "data": {"name": "assert_equal", "call_args": {"first": true, "second": true, "msg": "\u7b80\u4f53\u4e2d\u6587--\u300a\u65b0\u589e\u5730\u5740\u300b\u9875\u9762\u300a\u8bf7\u8f93\u5165\u8be6\u7ec6\u5730\u5740\u300b\u5143\u7d20"}, "start_time": 1755218549.8346207, "ret": null, "end_time": 1755218549.8346207}}
{"tag": "function", "depth": 2, "time": 1755218550.449505, "data": {"name": "try_log_screen", "call_args": {"screen": null, "quality": null, "max_size": null}, "start_time": 1755218550.1908605, "ret": {"screen": "1755218550432.jpg", "resolution": [1080, 2400]}, "end_time": 1755218550.449505}}
{"tag": "function", "depth": 1, "time": 1755218550.449505, "data": {"name": "assert_equal", "call_args": {"first": true, "second": true, "msg": "\u7b80\u4f53\u4e2d\u6587--\u300a\u65b0\u589e\u5730\u5740\u300b\u9875\u9762\u300a\u90ae\u653f\u7f16\u7801 *\u300b\u5143\u7d20"}, "start_time": 1755218550.1908605, "ret": null, "end_time": 1755218550.1908605}}
{"tag": "function", "depth": 2, "time": 1755218550.9267642, "data": {"name": "try_log_screen", "call_args": {"screen": null, "quality": null, "max_size": null}, "start_time": 1755218550.6495802, "ret": {"screen": "1755218550911.jpg", "resolution": [1080, 2400]}, "end_time": 1755218550.9267642}}
{"tag": "function", "depth": 1, "time": 1755218550.9267642, "data": {"name": "assert_equal", "call_args": {"first": true, "second": true, "msg": "\u7b80\u4f53\u4e2d\u6587--\u300a\u65b0\u589e\u5730\u5740\u300b\u9875\u9762\u300a\u8bf7\u8f93\u5165\u90ae\u653f\u7f16\u7801\u300b\u5143\u7d20"}, "start_time": 1755218550.6495802, "ret": null, "end_time": 1755218550.6495802}}
{"tag": "function", "depth": 2, "time": 1755218551.39435, "data": {"name": "try_log_screen", "call_args": {"screen": null, "quality": null, "max_size": null}, "start_time": 1755218551.138562, "ret": {"screen": "1755218551378.jpg", "resolution": [1080, 2400]}, "end_time": 1755218551.39435}}
{"tag": "function", "depth": 1, "time": 1755218551.39435, "data": {"name": "assert_equal", "call_args": {"first": true, "second": true, "msg": "\u7b80\u4f53\u4e2d\u6587--\u300a\u65b0\u589e\u5730\u5740\u300b\u9875\u9762\u300a\u624b\u673a\u53f7\u7801\u300b\u5143\u7d20"}, "start_time": 1755218551.138562, "ret": null, "end_time": 1755218551.138562}}
{"tag": "function", "depth": 2, "time": 1755218551.8793905, "data": {"name": "try_log_screen", "call_args": {"screen": null, "quality": null, "max_size": null}, "start_time": 1755218551.535833, "ret": {"screen": "1755218551863.jpg", "resolution": [1080, 2400]}, "end_time": 1755218551.8793905}}
{"tag": "function", "depth": 1, "time": 1755218551.8793905, "data": {"name": "assert_equal", "call_args": {"first": true, "second": true, "msg": "\u7b80\u4f53\u4e2d\u6587--\u300a\u65b0\u589e\u5730\u5740\u300b\u9875\u9762\u300a\u8bf7\u9009\u62e9\u300b\u5143\u7d20"}, "start_time": 1755218551.535833, "ret": null, "end_time": 1755218551.535833}}
{"tag": "function", "depth": 2, "time": 1755218552.4474218, "data": {"name": "try_log_screen", "call_args": {"screen": null, "quality": null, "max_size": null}, "start_time": 1755218552.0687306, "ret": {"screen": "1755218552430.jpg", "resolution": [1080, 2400]}, "end_time": 1755218552.4474218}}
{"tag": "function", "depth": 1, "time": 1755218552.4474218, "data": {"name": "assert_equal", "call_args": {"first": true, "second": true, "msg": "\u7b80\u4f53\u4e2d\u6587--\u300a\u65b0\u589e\u5730\u5740\u300b\u9875\u9762\u300a\u8bf7\u8f93\u5165\u624b\u673a\u53f7\u7801\u300b\u5143\u7d20"}, "start_time": 1755218552.0687306, "ret": null, "end_time": 1755218552.0687306}}
{"tag": "function", "depth": 2, "time": 1755218552.9354222, "data": {"name": "try_log_screen", "call_args": {"screen": null, "quality": null, "max_size": null}, "start_time": 1755218552.5723455, "ret": {"screen": "1755218552920.jpg", "resolution": [1080, 2400]}, "end_time": 1755218552.9354222}}
{"tag": "function", "depth": 1, "time": 1755218552.936398, "data": {"name": "assert_equal", "call_args": {"first": false, "second": true, "msg": "\u7b80\u4f53\u4e2d\u6587--\u300a\u65b0\u589e\u5730\u5740\u300b\u9875\u9762\u300a\u5ea7\u673a\u53f7\u7801\u300b\u5143\u7d20"}, "start_time": 1755218552.5723455, "traceback": "Traceback (most recent call last):\n  File \"D:\\pythonProjects\\blu-test\\.venv\\lib\\site-packages\\airtest\\utils\\logwraper.py\", line 134, in wrapper\n    res = f(*args, **kwargs)\n  File \"D:\\pythonProjects\\blu-test\\.venv\\lib\\site-packages\\airtest\\core\\assertions.py\", line 69, in assert_equal\n    assert first == second, \"%s and %s are not equal, message: %s\" % (first, second, msg)\nAssertionError: False and True are not equal, message: \u7b80\u4f53\u4e2d\u6587--\u300a\u65b0\u589e\u5730\u5740\u300b\u9875\u9762\u300a\u5ea7\u673a\u53f7\u7801\u300b\u5143\u7d20\n", "end_time": 1755218552.5723455}}
{"tag": "info", "depth": 0, "time": 1755218552.936398, "data": {"name": "\u6ca1\u627e\u5230\u5143\u7d20\uff0c\u5411\u4e0a\u6ed1\u4e00\u4e0b\uff0c\u518d\u8bd5\u8bd5", "traceback": null, "log": "\u6ca1\u627e\u5230\u5143\u7d20\uff0c\u5411\u4e0a\u6ed1\u4e00\u4e0b\uff0c\u518d\u8bd5\u8bd5"}}
{"tag": "function", "depth": 2, "time": 1755218553.2819026, "data": {"name": "try_log_screen", "call_args": {"screen": null, "quality": null, "max_size": null}, "start_time": 1755218552.936398, "ret": {"screen": "1755218553266.jpg", "resolution": [1080, 2400]}, "end_time": 1755218553.2819026}}
{"tag": "function", "depth": 1, "time": 1755218553.982671, "data": {"name": "swipe", "call_args": {"v1": [500, 1900], "v2": [500, 500], "kwargs": {}, "vector": null}, "start_time": 1755218552.936398, "ret": [[500, 1900], [500, 500]], "end_time": 1755218553.982671}}
{"tag": "info", "depth": 0, "time": 1755218553.982671, "data": {"name": "\u4ece\u4e0b\u5f80\u4e0a\u6ed1\u52a8\uff0c\u5c55\u793a\u4e0b\u65b9\u5185\u5bb9", "traceback": null, "log": "\u4ece\u4e0b\u5f80\u4e0a\u6ed1\u52a8\uff0c\u5c55\u793a\u4e0b\u65b9\u5185\u5bb9"}}
{"tag": "function", "depth": 2, "time": 1755218554.944027, "data": {"name": "try_log_screen", "call_args": {"screen": null, "quality": null, "max_size": null}, "start_time": 1755218554.6043787, "ret": {"screen": "1755218554927.jpg", "resolution": [1080, 2400]}, "end_time": 1755218554.944027}}
{"tag": "function", "depth": 1, "time": 1755218554.944027, "data": {"name": "assert_equal", "call_args": {"first": true, "second": true, "msg": "\u7b80\u4f53\u4e2d\u6587--\u300a\u65b0\u589e\u5730\u5740\u300b\u9875\u9762\u300a\u5ea7\u673a\u53f7\u7801\u300b\u5143\u7d20"}, "start_time": 1755218554.6043787, "ret": null, "end_time": 1755218554.6043787}}
{"tag": "function", "depth": 2, "time": 1755218555.5169432, "data": {"name": "try_log_screen", "call_args": {"screen": null, "quality": null, "max_size": null}, "start_time": 1755218555.1480107, "ret": {"screen": "1755218555493.jpg", "resolution": [1080, 2400]}, "end_time": 1755218555.5169432}}
{"tag": "function", "depth": 1, "time": 1755218555.517919, "data": {"name": "assert_equal", "call_args": {"first": true, "second": true, "msg": "\u7b80\u4f53\u4e2d\u6587--\u300a\u65b0\u589e\u5730\u5740\u300b\u9875\u9762\u300a\u8bf7\u9009\u62e9\u300b\u5143\u7d20"}, "start_time": 1755218555.1480107, "ret": null, "end_time": 1755218555.1480107}}
{"tag": "function", "depth": 2, "time": 1755218556.0488636, "data": {"name": "try_log_screen", "call_args": {"screen": null, "quality": null, "max_size": null}, "start_time": 1755218555.7121406, "ret": {"screen": "1755218556033.jpg", "resolution": [1080, 2400]}, "end_time": 1755218556.0488636}}
{"tag": "function", "depth": 1, "time": 1755218556.0488636, "data": {"name": "assert_equal", "call_args": {"first": true, "second": true, "msg": "\u7b80\u4f53\u4e2d\u6587--\u300a\u65b0\u589e\u5730\u5740\u300b\u9875\u9762\u300a(\u533a\u53f7)\u5ea7\u673a\u53f7\u7801\u300b\u5143\u7d20"}, "start_time": 1755218555.7121406, "ret": null, "end_time": 1755218555.7121406}}
{"tag": "function", "depth": 2, "time": 1755218556.583712, "data": {"name": "try_log_screen", "call_args": {"screen": null, "quality": null, "max_size": null}, "start_time": 1755218556.2274714, "ret": {"screen": "1755218556567.jpg", "resolution": [1080, 2400]}, "end_time": 1755218556.583712}}
{"tag": "function", "depth": 1, "time": 1755218556.583712, "data": {"name": "assert_equal", "call_args": {"first": true, "second": true, "msg": "\u7b80\u4f53\u4e2d\u6587--\u300a\u65b0\u589e\u5730\u5740\u300b\u9875\u9762\u300a\u8bbe\u4e3a\u9ed8\u8ba4\u5730\u5740\u300b\u5143\u7d20"}, "start_time": 1755218556.2274714, "ret": null, "end_time": 1755218556.2274714}}
{"tag": "function", "depth": 2, "time": 1755218557.1781225, "data": {"name": "try_log_screen", "call_args": {"screen": null, "quality": null, "max_size": null}, "start_time": 1755218556.8345382, "ret": {"screen": "1755218557162.jpg", "resolution": [1080, 2400]}, "end_time": 1755218557.1781225}}
{"tag": "function", "depth": 1, "time": 1755218557.1781225, "data": {"name": "assert_equal", "call_args": {"first": true, "second": true, "msg": "\u7b80\u4f53\u4e2d\u6587--\u300a\u65b0\u589e\u5730\u5740\u300b\u9875\u9762\u300a\u786e\u5b9a\u300b\u5143\u7d20"}, "start_time": 1755218556.8345382, "ret": null, "end_time": 1755218556.8345382}}
{"tag": "function", "depth": 2, "time": 1755218557.5294561, "data": {"name": "try_log_screen", "call_args": {"screen": null, "quality": null, "max_size": null}, "start_time": 1755218557.1790981, "ret": {"screen": "1755218557513.jpg", "resolution": [1080, 2400]}, "end_time": 1755218557.5294561}}
{"tag": "function", "depth": 1, "time": 1755218558.2311997, "data": {"name": "swipe", "call_args": {"v1": [500, 500], "v2": [500, 1900], "kwargs": {}, "vector": null}, "start_time": 1755218557.1790981, "ret": [[500, 500], [500, 1900]], "end_time": 1755218558.2311997}}
{"tag": "info", "depth": 0, "time": 1755218558.2311997, "data": {"name": "\u4ece\u4e0a\u5f80\u4e0b\u6ed1\u52a8,\u5c55\u793a\u4e0a\u65b9\u5185\u5bb9", "traceback": null, "log": "\u4ece\u4e0a\u5f80\u4e0b\u6ed1\u52a8,\u5c55\u793a\u4e0a\u65b9\u5185\u5bb9"}}
{"tag": "function", "depth": 2, "time": 1755218558.607931, "data": {"name": "try_log_screen", "call_args": {"screen": null, "quality": null, "max_size": null}, "start_time": 1755218558.2311997, "ret": {"screen": "1755218558592.jpg", "resolution": [1080, 2400]}, "end_time": 1755218558.607931}}
{"tag": "function", "depth": 1, "time": 1755218559.3086998, "data": {"name": "swipe", "call_args": {"v1": [500, 500], "v2": [500, 1900], "kwargs": {}, "vector": null}, "start_time": 1755218558.2311997, "ret": [[500, 500], [500, 1900]], "end_time": 1755218559.3086998}}
{"tag": "info", "depth": 0, "time": 1755218559.3086998, "data": {"name": "\u4ece\u4e0a\u5f80\u4e0b\u6ed1\u52a8,\u5c55\u793a\u4e0a\u65b9\u5185\u5bb9", "traceback": null, "log": "\u4ece\u4e0a\u5f80\u4e0b\u6ed1\u52a8,\u5c55\u793a\u4e0a\u65b9\u5185\u5bb9"}}
{"tag": "function", "depth": 2, "time": 1755218559.6659155, "data": {"name": "try_log_screen", "call_args": {"screen": null, "quality": null, "max_size": null}, "start_time": 1755218559.3086998, "ret": {"screen": "1755218559648.jpg", "resolution": [1080, 2400]}, "end_time": 1755218559.6659155}}
{"tag": "function", "depth": 1, "time": 1755218560.3676643, "data": {"name": "swipe", "call_args": {"v1": [500, 1900], "v2": [500, 500], "kwargs": {}, "vector": null}, "start_time": 1755218559.3086998, "ret": [[500, 1900], [500, 500]], "end_time": 1755218560.3676643}}
{"tag": "info", "depth": 0, "time": 1755218560.3676643, "data": {"name": "\u4ece\u4e0b\u5f80\u4e0a\u6ed1\u52a8\uff0c\u5c55\u793a\u4e0b\u65b9\u5185\u5bb9", "traceback": null, "log": "\u4ece\u4e0b\u5f80\u4e0a\u6ed1\u52a8\uff0c\u5c55\u793a\u4e0b\u65b9\u5185\u5bb9"}}
{"tag": "info", "depth": 0, "time": 1755218560.3686364, "data": {"name": "\u83b7\u53d6\u5230\u300a\u65b0\u589e\u5730\u5740\u300b\u9875\u9762\u300a\u56fd\u5bb6\u5730\u533a\u300b\u5143\u7d20text\u5b9a\u4f4d\u4fe1\u606f", "traceback": null, "log": "\u83b7\u53d6\u5230\u300a\u65b0\u589e\u5730\u5740\u300b\u9875\u9762\u300a\u56fd\u5bb6\u5730\u533a\u300b\u5143\u7d20text\u5b9a\u4f4d\u4fe1\u606f"}}
{"tag": "info", "depth": 0, "time": 1755218560.9757085, "data": {"name": "\u5b9a\u4f4d\u5230\u300a\u65b0\u589e\u5730\u5740\u300b\u9875\u9762\u300a\u56fd\u5bb6\u5730\u533a\u300b\u5143\u7d20", "traceback": null, "log": "\u5b9a\u4f4d\u5230\u300a\u65b0\u589e\u5730\u5740\u300b\u9875\u9762\u300a\u56fd\u5bb6\u5730\u533a\u300b\u5143\u7d20"}}
{"tag": "function", "depth": 2, "time": 1755218561.5896163, "data": {"name": "try_log_screen", "call_args": {"quality": 10, "max_size": null, "screen": null}, "start_time": 1755218561.2275157, "ret": {"screen": "1755218561574.jpg", "resolution": [1080, 2400]}, "end_time": 1755218561.5896163}}
{"tag": "function", "depth": 1, "time": 1755218561.5896163, "data": {"name": "snapshot", "call_args": {"msg": "UIObjectProxy of \"text=\u8bf7\u9009\u62e9\u56fd\u5bb6/\u5730\u533a\"", "filename": null, "quality": null, "max_size": null}, "start_time": 1755218561.2265403, "ret": {"screen": "1755218561574.jpg", "resolution": [1080, 2400]}, "end_time": 1755218561.5896163}}
{"tag": "function", "depth": 1, "time": 1755218561.5896163, "data": {"name": "record_ui", "call_args": {"driver": "<poco.drivers.android.uiautomation.AndroidUiautomationPoco object at 0x0000016F52752EB0>", "action": "'click'", "ui": "UIObjectProxy of \"text=\u8bf7\u9009\u62e9\u56fd\u5bb6/\u5730\u533a\"", "args": "[0.5, 0.38125]"}, "start_time": 1755218561.5896163, "ret": "UIObjectProxy of \"text=\u8bf7\u9009\u62e9\u56fd\u5bb6/\u5730\u533a\"", "end_time": 1755218561.5896163}}
{"tag": "function", "depth": 2, "time": 1755218561.9487798, "data": {"name": "try_log_screen", "call_args": {"screen": null, "quality": null, "max_size": null}, "start_time": 1755218561.5896163, "ret": {"screen": "1755218561933.jpg", "resolution": [1080, 2400]}, "end_time": 1755218561.9487798}}
{"tag": "function", "depth": 1, "time": 1755218562.1322737, "data": {"name": "touch", "call_args": {"v": [540.0, 915.0], "kwargs": {"duration": 0.01}, "times": 1}, "start_time": 1755218561.5896163, "ret": [540.0, 915.0], "end_time": 1755218562.1322737}}
{"tag": "info", "depth": 0, "time": 1755218563.7329133, "data": {"name": "\u70b9\u51fb\u300a\u65b0\u589e\u5730\u5740\u300b\u9875\u9762\u300a\u56fd\u5bb6\u5730\u533a\u300b\u5143\u7d20\u6210\u529f", "traceback": null, "log": "\u70b9\u51fb\u300a\u65b0\u589e\u5730\u5740\u300b\u9875\u9762\u300a\u56fd\u5bb6\u5730\u533a\u300b\u5143\u7d20\u6210\u529f"}}
{"tag": "function", "depth": 2, "time": 1755218564.2570214, "data": {"name": "try_log_screen", "call_args": {"screen": null, "quality": null, "max_size": null}, "start_time": 1755218563.9115174, "ret": {"screen": "1755218564240.jpg", "resolution": [1080, 2400]}, "end_time": 1755218564.2570214}}
{"tag": "function", "depth": 1, "time": 1755218564.2570214, "data": {"name": "assert_equal", "call_args": {"first": true, "second": true, "msg": "\u7b80\u4f53\u4e2d\u6587--\u300a\u56fd\u5bb6\u5730\u533a\u300b\u9875\u9762\u300a\u9009\u62e9\u56fd\u5bb6/\u5730\u533a\u300b\u5143\u7d20"}, "start_time": 1755218563.9115174, "ret": null, "end_time": 1755218563.9115174}}
{"tag": "function", "depth": 2, "time": 1755218564.816274, "data": {"name": "try_log_screen", "call_args": {"screen": null, "quality": null, "max_size": null}, "start_time": 1755218564.4580815, "ret": {"screen": "1755218564800.jpg", "resolution": [1080, 2400]}, "end_time": 1755218564.816274}}
{"tag": "function", "depth": 1, "time": 1755218564.816274, "data": {"name": "assert_equal", "call_args": {"first": true, "second": true, "msg": "\u7b80\u4f53\u4e2d\u6587--\u300a\u56fd\u5bb6\u5730\u533a\u300b\u9875\u9762\u300a\u641c\u7d22\u300b\u5143\u7d20"}, "start_time": 1755218564.4580815, "ret": null, "end_time": 1755218564.4580815}}
{"tag": "function", "depth": 2, "time": 1755218565.3755171, "data": {"name": "try_log_screen", "call_args": {"screen": null, "quality": null, "max_size": null}, "start_time": 1755218564.9978096, "ret": {"screen": "1755218565358.jpg", "resolution": [1080, 2400]}, "end_time": 1755218565.3755171}}
{"tag": "function", "depth": 1, "time": 1755218565.3755171, "data": {"name": "assert_equal", "call_args": {"first": true, "second": true, "msg": "\u7b80\u4f53\u4e2d\u6587--\u300a\u56fd\u5bb6\u5730\u533a\u300b\u9875\u9762\u300a\u5168\u90e8\u56fd\u5bb6/\u5730\u533a\u300b\u5143\u7d20"}, "start_time": 1755218564.9978096, "ret": null, "end_time": 1755218564.9978096}}
{"tag": "function", "depth": 2, "time": 1755218565.924034, "data": {"name": "try_log_screen", "call_args": {"screen": null, "quality": null, "max_size": null}, "start_time": 1755218565.5697412, "ret": {"screen": "1755218565904.jpg", "resolution": [1080, 2400]}, "end_time": 1755218565.924034}}
{"tag": "function", "depth": 1, "time": 1755218565.924034, "data": {"name": "assert_equal", "call_args": {"first": true, "second": true, "msg": "\u7b80\u4f53\u4e2d\u6587--\u300a\u56fd\u5bb6\u5730\u533a\u300b\u9875\u9762\u300a\u963f\u5c14\u5df4\u5c3c\u4e9a\u300b\u5143\u7d20"}, "start_time": 1755218565.5697412, "ret": null, "end_time": 1755218565.5697412}}
{"tag": "function", "depth": 2, "time": 1755218566.5213423, "data": {"name": "try_log_screen", "call_args": {"screen": null, "quality": null, "max_size": null}, "start_time": 1755218566.1514418, "ret": {"screen": "1755218566504.jpg", "resolution": [1080, 2400]}, "end_time": 1755218566.5213423}}
{"tag": "function", "depth": 1, "time": 1755218566.5213423, "data": {"name": "assert_equal", "call_args": {"first": true, "second": true, "msg": "\u7b80\u4f53\u4e2d\u6587--\u300a\u56fd\u5bb6\u5730\u533a\u300b\u9875\u9762\u300a\u7231\u6c99\u5c3c\u4e9a\u300b\u5143\u7d20"}, "start_time": 1755218566.1514418, "ret": null, "end_time": 1755218566.1514418}}
{"tag": "function", "depth": 2, "time": 1755218566.9956827, "data": {"name": "try_log_screen", "call_args": {"screen": null, "quality": null, "max_size": null}, "start_time": 1755218566.630664, "ret": {"screen": "1755218566979.jpg", "resolution": [1080, 2400]}, "end_time": 1755218566.9956827}}
{"tag": "function", "depth": 1, "time": 1755218566.9956827, "data": {"name": "assert_equal", "call_args": {"first": false, "second": true, "msg": "\u7b80\u4f53\u4e2d\u6587--\u300a\u56fd\u5bb6\u5730\u533a\u300b\u9875\u9762\u300a\u5b89\u54e5\u62c9\u300b\u5143\u7d20"}, "start_time": 1755218566.630664, "traceback": "Traceback (most recent call last):\n  File \"D:\\pythonProjects\\blu-test\\.venv\\lib\\site-packages\\airtest\\utils\\logwraper.py\", line 134, in wrapper\n    res = f(*args, **kwargs)\n  File \"D:\\pythonProjects\\blu-test\\.venv\\lib\\site-packages\\airtest\\core\\assertions.py\", line 69, in assert_equal\n    assert first == second, \"%s and %s are not equal, message: %s\" % (first, second, msg)\nAssertionError: False and True are not equal, message: \u7b80\u4f53\u4e2d\u6587--\u300a\u56fd\u5bb6\u5730\u533a\u300b\u9875\u9762\u300a\u5b89\u54e5\u62c9\u300b\u5143\u7d20\n", "end_time": 1755218566.630664}}
{"tag": "info", "depth": 0, "time": 1755218566.9956827, "data": {"name": "\u6ca1\u627e\u5230\u5143\u7d20\uff0c\u5411\u4e0a\u6ed1\u4e00\u4e0b\uff0c\u518d\u8bd5\u8bd5", "traceback": null, "log": "\u6ca1\u627e\u5230\u5143\u7d20\uff0c\u5411\u4e0a\u6ed1\u4e00\u4e0b\uff0c\u518d\u8bd5\u8bd5"}}
{"tag": "function", "depth": 2, "time": 1755218567.3528984, "data": {"name": "try_log_screen", "call_args": {"screen": null, "quality": null, "max_size": null}, "start_time": 1755218566.9956827, "ret": {"screen": "1755218567335.jpg", "resolution": [1080, 2400]}, "end_time": 1755218567.3528984}}
{"tag": "function", "depth": 1, "time": 1755218568.0536666, "data": {"name": "swipe", "call_args": {"v1": [500, 1900], "v2": [500, 500], "kwargs": {}, "vector": null}, "start_time": 1755218566.9956827, "ret": [[500, 1900], [500, 500]], "end_time": 1755218568.0536666}}
{"tag": "info", "depth": 0, "time": 1755218568.0536666, "data": {"name": "\u4ece\u4e0b\u5f80\u4e0a\u6ed1\u52a8\uff0c\u5c55\u793a\u4e0b\u65b9\u5185\u5bb9", "traceback": null, "log": "\u4ece\u4e0b\u5f80\u4e0a\u6ed1\u52a8\uff0c\u5c55\u793a\u4e0b\u65b9\u5185\u5bb9"}}
{"tag": "function", "depth": 2, "time": 1755218569.0374708, "data": {"name": "try_log_screen", "call_args": {"screen": null, "quality": null, "max_size": null}, "start_time": 1755218568.7036781, "ret": {"screen": "1755218569020.jpg", "resolution": [1080, 2400]}, "end_time": 1755218569.0374708}}
{"tag": "function", "depth": 1, "time": 1755218569.0374708, "data": {"name": "assert_equal", "call_args": {"first": true, "second": true, "msg": "\u7b80\u4f53\u4e2d\u6587--\u300a\u56fd\u5bb6\u5730\u533a\u300b\u9875\u9762\u300a\u5b89\u54e5\u62c9\u300b\u5143\u7d20"}, "start_time": 1755218568.7036781, "ret": null, "end_time": 1755218568.7036781}}
{"tag": "info", "depth": 0, "time": 1755218569.0384464, "data": {"name": "\u83b7\u53d6\u5230\u300a\u56fd\u5bb6\u5730\u533a\u300b\u9875\u9762\u300a\u641c\u7d22\u6846\u300b\u5143\u7d20text\u5b9a\u4f4d\u4fe1\u606f", "traceback": null, "log": "\u83b7\u53d6\u5230\u300a\u56fd\u5bb6\u5730\u533a\u300b\u9875\u9762\u300a\u641c\u7d22\u6846\u300b\u5143\u7d20text\u5b9a\u4f4d\u4fe1\u606f"}}
{"tag": "info", "depth": 0, "time": 1755218569.2141268, "data": {"name": "\u5b9a\u4f4d\u5230\u300a\u56fd\u5bb6\u5730\u533a\u300b\u9875\u9762\u300a\u641c\u7d22\u6846\u300b\u5143\u7d20", "traceback": null, "log": "\u5b9a\u4f4d\u5230\u300a\u56fd\u5bb6\u5730\u533a\u300b\u9875\u9762\u300a\u641c\u7d22\u6846\u300b\u5143\u7d20"}}
{"tag": "info", "depth": 0, "time": 1755218569.6211183, "data": {"name": "\u300a\u56fd\u5bb6\u5730\u533a\u300b\u9875\u9762\u300a\u641c\u7d22\u6846\u300b\u5143\u7d20\u8f93\u5165\u7f8e\u56fd\u6210\u529f", "traceback": null, "log": "\u300a\u56fd\u5bb6\u5730\u533a\u300b\u9875\u9762\u300a\u641c\u7d22\u6846\u300b\u5143\u7d20\u8f93\u5165\u7f8e\u56fd\u6210\u529f"}}
{"tag": "function", "depth": 2, "time": 1755218570.832364, "data": {"name": "try_log_screen", "call_args": {"quality": 10, "max_size": null, "screen": null}, "start_time": 1755218570.4790227, "ret": {"screen": "1755218570816.jpg", "resolution": [1080, 2400]}, "end_time": 1755218570.832364}}
{"tag": "function", "depth": 1, "time": 1755218570.832364, "data": {"name": "snapshot", "call_args": {"msg": "UIObjectProxy of \"text=US\"", "filename": null, "quality": null, "max_size": null}, "start_time": 1755218570.4790227, "ret": {"screen": "1755218570816.jpg", "resolution": [1080, 2400]}, "end_time": 1755218570.832364}}
{"tag": "function", "depth": 1, "time": 1755218570.832364, "data": {"name": "record_ui", "call_args": {"driver": "<poco.drivers.android.uiautomation.AndroidUiautomationPoco object at 0x0000016F52752EB0>", "action": "'click'", "ui": "UIObjectProxy of \"text=US\"", "args": "[0.15092592592592594, 0.25958333333333333]"}, "start_time": 1755218570.832364, "ret": "UIObjectProxy of \"text=US\"", "end_time": 1755218570.832364}}
{"tag": "function", "depth": 2, "time": 1755218571.1885796, "data": {"name": "try_log_screen", "call_args": {"screen": null, "quality": null, "max_size": null}, "start_time": 1755218570.832364, "ret": {"screen": "1755218571172.jpg", "resolution": [1080, 2400]}, "end_time": 1755218571.1885796}}
{"tag": "function", "depth": 1, "time": 1755218571.372067, "data": {"name": "touch", "call_args": {"v": [163.0, 623.0], "kwargs": {"duration": 0.01}, "times": 1}, "start_time": 1755218570.832364, "ret": [163.0, 623.0], "end_time": 1755218571.372067}}
{"tag": "info", "depth": 0, "time": 1755218572.9980836, "data": {"name": "text\u5b9a\u4f4d\u70b9\u51fb\u5143\u7d20\u6210\u529f", "traceback": null, "log": "text\u5b9a\u4f4d\u70b9\u51fb\u5143\u7d20\u6210\u529f"}}
{"tag": "function", "depth": 1, "time": 1755218573.9984844, "data": {"name": "sleep", "call_args": {"secs": 1.0}, "start_time": 1755218572.9980836, "ret": null, "end_time": 1755218573.9984844}}
{"tag": "info", "depth": 0, "time": 1755218573.9994557, "data": {"name": "\u83b7\u53d6\u5230\u300a\u65b0\u589e\u5730\u5740\u300b\u9875\u9762\u300a\u7701\u5dde\u300b\u5143\u7d20text\u5b9a\u4f4d\u4fe1\u606f", "traceback": null, "log": "\u83b7\u53d6\u5230\u300a\u65b0\u589e\u5730\u5740\u300b\u9875\u9762\u300a\u7701\u5dde\u300b\u5143\u7d20text\u5b9a\u4f4d\u4fe1\u606f"}}
{"tag": "info", "depth": 0, "time": 1755218574.119504, "data": {"name": "\u5b9a\u4f4d\u5230\u300a\u65b0\u589e\u5730\u5740\u300b\u9875\u9762\u300a\u7701\u5dde\u300b\u5143\u7d20", "traceback": null, "log": "\u5b9a\u4f4d\u5230\u300a\u65b0\u589e\u5730\u5740\u300b\u9875\u9762\u300a\u7701\u5dde\u300b\u5143\u7d20"}}
{"tag": "function", "depth": 2, "time": 1755218574.797829, "data": {"name": "try_log_screen", "call_args": {"quality": 10, "max_size": null, "screen": null}, "start_time": 1755218574.4210918, "ret": {"screen": "1755218574781.jpg", "resolution": [1080, 2400]}, "end_time": 1755218574.797829}}
{"tag": "function", "depth": 1, "time": 1755218574.797829, "data": {"name": "snapshot", "call_args": {"msg": "UIObjectProxy of \"text=\u8bf7\u9009\u62e9\u6240\u5728\u7701/\u5dde\"", "filename": null, "quality": null, "max_size": null}, "start_time": 1755218574.4210918, "ret": {"screen": "1755218574781.jpg", "resolution": [1080, 2400]}, "end_time": 1755218574.797829}}
{"tag": "function", "depth": 1, "time": 1755218574.797829, "data": {"name": "record_ui", "call_args": {"driver": "<poco.drivers.android.uiautomation.AndroidUiautomationPoco object at 0x0000016F52752EB0>", "action": "'click'", "ui": "UIObjectProxy of \"text=\u8bf7\u9009\u62e9\u6240\u5728\u7701/\u5dde\"", "args": "[0.5, 0.4995833333333333]"}, "start_time": 1755218574.797829, "ret": "UIObjectProxy of \"text=\u8bf7\u9009\u62e9\u6240\u5728\u7701/\u5dde\"", "end_time": 1755218574.797829}}
{"tag": "function", "depth": 2, "time": 1755218575.1892042, "data": {"name": "try_log_screen", "call_args": {"screen": null, "quality": null, "max_size": null}, "start_time": 1755218574.797829, "ret": {"screen": "1755218575168.jpg", "resolution": [1080, 2400]}, "end_time": 1755218575.1892042}}
{"tag": "function", "depth": 1, "time": 1755218575.3726928, "data": {"name": "touch", "call_args": {"v": [540.0, 1199.0], "kwargs": {"duration": 0.01}, "times": 1}, "start_time": 1755218574.797829, "ret": [540.0, 1199.0], "end_time": 1755218575.3726928}}
{"tag": "info", "depth": 0, "time": 1755218576.9733288, "data": {"name": "\u70b9\u51fb\u300a\u65b0\u589e\u5730\u5740\u300b\u9875\u9762\u300a\u7701\u5dde\u300b\u5143\u7d20\u6210\u529f", "traceback": null, "log": "\u70b9\u51fb\u300a\u65b0\u589e\u5730\u5740\u300b\u9875\u9762\u300a\u7701\u5dde\u300b\u5143\u7d20\u6210\u529f"}}
{"tag": "function", "depth": 2, "time": 1755218577.4993968, "data": {"name": "try_log_screen", "call_args": {"screen": null, "quality": null, "max_size": null}, "start_time": 1755218577.147061, "ret": {"screen": "1755218577481.jpg", "resolution": [1080, 2400]}, "end_time": 1755218577.4993968}}
{"tag": "function", "depth": 1, "time": 1755218577.4993968, "data": {"name": "assert_equal", "call_args": {"first": true, "second": true, "msg": "\u7b80\u4f53\u4e2d\u6587--\u300a\u7701\u5dde\u300b\u9875\u9762\u300a\u53d6\u6d88\u300b\u5143\u7d20"}, "start_time": 1755218577.147061, "ret": null, "end_time": 1755218577.147061}}
{"tag": "function", "depth": 2, "time": 1755218578.1191525, "data": {"name": "try_log_screen", "call_args": {"screen": null, "quality": null, "max_size": null}, "start_time": 1755218577.7570615, "ret": {"screen": "1755218578099.jpg", "resolution": [1080, 2400]}, "end_time": 1755218578.1191525}}
{"tag": "function", "depth": 1, "time": 1755218578.1191525, "data": {"name": "assert_equal", "call_args": {"first": true, "second": true, "msg": "\u7b80\u4f53\u4e2d\u6587--\u300a\u7701\u5dde\u300b\u9875\u9762\u300a\u7701/\u5dde\u300b\u5143\u7d20"}, "start_time": 1755218577.7570615, "ret": null, "end_time": 1755218577.7570615}}
{"tag": "function", "depth": 2, "time": 1755218578.7174454, "data": {"name": "try_log_screen", "call_args": {"screen": null, "quality": null, "max_size": null}, "start_time": 1755218578.3641284, "ret": {"screen": "1755218578696.jpg", "resolution": [1080, 2400]}, "end_time": 1755218578.7174454}}
{"tag": "function", "depth": 1, "time": 1755218578.7174454, "data": {"name": "assert_equal", "call_args": {"first": true, "second": true, "msg": "\u7b80\u4f53\u4e2d\u6587--\u300a\u7701\u5dde\u300b\u9875\u9762\u300a\u786e\u5b9a\u300b\u5143\u7d20"}, "start_time": 1755218578.3641284, "ret": null, "end_time": 1755218578.3641284}}
{"tag": "info", "depth": 0, "time": 1755218578.7174454, "data": {"name": "\u8ba1\u5212\u70b9\u51fb3\u6b21\u8fd4\u56de\u6309\u952e", "traceback": null, "log": "\u8ba1\u5212\u70b9\u51fb3\u6b21\u8fd4\u56de\u6309\u952e"}}
{"tag": "function", "depth": 1, "time": 1755218578.9389935, "data": {"name": "keyevent", "call_args": {"keyname": "BACK", "kwargs": {}}, "start_time": 1755218578.7174454, "ret": null, "end_time": 1755218578.9389935}}
{"tag": "info", "depth": 0, "time": 1755218578.9389935, "data": {"name": "\u7b2c1\u6b21\u70b9\u51fb\u8fd4\u56de\u6309\u952e\u6210\u529f", "traceback": null, "log": "\u7b2c1\u6b21\u70b9\u51fb\u8fd4\u56de\u6309\u952e\u6210\u529f"}}
{"tag": "function", "depth": 1, "time": 1755218579.9393973, "data": {"name": "sleep", "call_args": {"secs": 1.0}, "start_time": 1755218578.9389935, "ret": null, "end_time": 1755218579.9393973}}
{"tag": "function", "depth": 1, "time": 1755218580.1433818, "data": {"name": "keyevent", "call_args": {"keyname": "BACK", "kwargs": {}}, "start_time": 1755218579.9393973, "ret": null, "end_time": 1755218580.1433818}}
{"tag": "info", "depth": 0, "time": 1755218580.1433818, "data": {"name": "\u7b2c2\u6b21\u70b9\u51fb\u8fd4\u56de\u6309\u952e\u6210\u529f", "traceback": null, "log": "\u7b2c2\u6b21\u70b9\u51fb\u8fd4\u56de\u6309\u952e\u6210\u529f"}}
{"tag": "function", "depth": 1, "time": 1755218581.1437821, "data": {"name": "sleep", "call_args": {"secs": 1.0}, "start_time": 1755218580.1433818, "ret": null, "end_time": 1755218581.1437821}}
{"tag": "function", "depth": 1, "time": 1755218581.3604538, "data": {"name": "keyevent", "call_args": {"keyname": "BACK", "kwargs": {}}, "start_time": 1755218581.1437821, "ret": null, "end_time": 1755218581.3604538}}
{"tag": "info", "depth": 0, "time": 1755218581.3604538, "data": {"name": "\u7b2c3\u6b21\u70b9\u51fb\u8fd4\u56de\u6309\u952e\u6210\u529f", "traceback": null, "log": "\u7b2c3\u6b21\u70b9\u51fb\u8fd4\u56de\u6309\u952e\u6210\u529f"}}
{"tag": "function", "depth": 1, "time": 1755218582.360854, "data": {"name": "sleep", "call_args": {"secs": 1.0}, "start_time": 1755218581.3604538, "ret": null, "end_time": 1755218582.360854}}
{"tag": "info", "depth": 0, "time": 1755218582.3618302, "data": {"name": "\u83b7\u53d6\u5230\u300a\u5347\u7ea7\u5f39\u7a97\u300b\u9875\u9762\u300a\u4e0b\u6b21\u518d\u8bf4\u300b\u5143\u7d20name\u5b9a\u4f4d\u4fe1\u606f", "traceback": null, "log": "\u83b7\u53d6\u5230\u300a\u5347\u7ea7\u5f39\u7a97\u300b\u9875\u9762\u300a\u4e0b\u6b21\u518d\u8bf4\u300b\u5143\u7d20name\u5b9a\u4f4d\u4fe1\u606f"}}
{"tag": "info", "depth": 0, "time": 1755218582.8791063, "data": {"name": "\u6ca1\u6709\u5b9a\u4f4d\u5230\u300a\u5347\u7ea7\u5f39\u7a97\u300b\u9875\u9762\u300a\u4e0b\u6b21\u518d\u8bf4\u300b\u5143\u7d20", "traceback": null, "log": "\u6ca1\u6709\u5b9a\u4f4d\u5230\u300a\u5347\u7ea7\u5f39\u7a97\u300b\u9875\u9762\u300a\u4e0b\u6b21\u518d\u8bf4\u300b\u5143\u7d20"}}
{"tag": "info", "depth": 0, "time": 1755218582.8800826, "data": {"name": "\u83b7\u53d6\u5230\u300a\u8ba2\u9605\u83b7\u53d6\u300b\u9875\u9762\u300a30\u5929\u540e\u518d\u63d0\u793a\u300b\u5143\u7d20text\u5b9a\u4f4d\u4fe1\u606f", "traceback": null, "log": "\u83b7\u53d6\u5230\u300a\u8ba2\u9605\u83b7\u53d6\u300b\u9875\u9762\u300a30\u5929\u540e\u518d\u63d0\u793a\u300b\u5143\u7d20text\u5b9a\u4f4d\u4fe1\u606f"}}
{"tag": "info", "depth": 0, "time": 1755218582.9601142, "data": {"name": "\u6ca1\u6709\u5b9a\u4f4d\u5230\u300a\u8ba2\u9605\u83b7\u53d6\u300b\u9875\u9762\u300a30\u5929\u540e\u518d\u63d0\u793a\u300b\u5143\u7d20", "traceback": null, "log": "\u6ca1\u6709\u5b9a\u4f4d\u5230\u300a\u8ba2\u9605\u83b7\u53d6\u300b\u9875\u9762\u300a30\u5929\u540e\u518d\u63d0\u793a\u300b\u5143\u7d20"}}
{"tag": "info", "depth": 0, "time": 1755218583.1201785, "data": {"name": "\u7ecf\u8fc70\u6b21\u70b9\u51fb\u8fd4\u56de\u6309\u952e\uff0c\u627e\u5230'\u6211\u7684'\u5143\u7d20\uff0c\u5f53\u524d\u5728\u4e00\u7ea7\u9875\u9762", "traceback": null, "log": "\u7ecf\u8fc70\u6b21\u70b9\u51fb\u8fd4\u56de\u6309\u952e\uff0c\u627e\u5230'\u6211\u7684'\u5143\u7d20\uff0c\u5f53\u524d\u5728\u4e00\u7ea7\u9875\u9762"}}
{"tag": "function", "depth": 2, "time": 1755218583.1201785, "data": {"name": "try_log_screen", "call_args": {"screen": null, "quality": null, "max_size": null}, "start_time": 1755218583.1201785, "ret": null, "end_time": 1755218583.1201785}}
{"tag": "function", "depth": 1, "time": 1755218583.820951, "data": {"name": "swipe", "call_args": {"v1": [500, 500], "v2": [500, 1900], "kwargs": {}, "vector": null}, "start_time": 1755218583.1201785, "ret": [[500, 500], [500, 1900]], "end_time": 1755218583.820951}}
{"tag": "info", "depth": 0, "time": 1755218583.820951, "data": {"name": "\u4ece\u4e0a\u5f80\u4e0b\u6ed1\u52a8,\u5c55\u793a\u4e0a\u65b9\u5185\u5bb9", "traceback": null, "log": "\u4ece\u4e0a\u5f80\u4e0b\u6ed1\u52a8,\u5c55\u793a\u4e0a\u65b9\u5185\u5bb9"}}
{"tag": "info", "depth": 0, "time": 1755218583.821922, "data": {"name": "\u83b7\u53d6\u5230\u300a\u6211\u7684\u300b\u9875\u9762\u300a\u6211\u7684\u300b\u5143\u7d20text\u5b9a\u4f4d\u4fe1\u606f", "traceback": null, "log": "\u83b7\u53d6\u5230\u300a\u6211\u7684\u300b\u9875\u9762\u300a\u6211\u7684\u300b\u5143\u7d20text\u5b9a\u4f4d\u4fe1\u606f"}}
{"tag": "info", "depth": 0, "time": 1755218584.8760028, "data": {"name": "\u5b9a\u4f4d\u5230\u300a\u6211\u7684\u300b\u9875\u9762\u300a\u6211\u7684\u300b\u5143\u7d20", "traceback": null, "log": "\u5b9a\u4f4d\u5230\u300a\u6211\u7684\u300b\u9875\u9762\u300a\u6211\u7684\u300b\u5143\u7d20"}}
{"tag": "function", "depth": 2, "time": 1755218585.5738444, "data": {"name": "try_log_screen", "call_args": {"quality": 10, "max_size": null, "screen": null}, "start_time": 1755218585.1941833, "ret": {"screen": "1755218585556.jpg", "resolution": [1080, 2400]}, "end_time": 1755218585.5738444}}
{"tag": "function", "depth": 1, "time": 1755218585.5738444, "data": {"name": "snapshot", "call_args": {"msg": "UIObjectProxy of \"text=\u6211\u7684\"", "filename": null, "quality": null, "max_size": null}, "start_time": 1755218585.1941833, "ret": {"screen": "1755218585556.jpg", "resolution": [1080, 2400]}, "end_time": 1755218585.5738444}}
{"tag": "function", "depth": 1, "time": 1755218585.5738444, "data": {"name": "record_ui", "call_args": {"driver": "<poco.drivers.android.uiautomation.AndroidUiautomationPoco object at 0x0000016F52752EB0>", "action": "'click'", "ui": "UIObjectProxy of \"text=\u6211\u7684\"", "args": "[0.9, 0.9533333333333334]"}, "start_time": 1755218585.5738444, "ret": "UIObjectProxy of \"text=\u6211\u7684\"", "end_time": 1755218585.5738444}}
{"tag": "function", "depth": 2, "time": 1755218585.943752, "data": {"name": "try_log_screen", "call_args": {"screen": null, "quality": null, "max_size": null}, "start_time": 1755218585.5738444, "ret": {"screen": "1755218585927.jpg", "resolution": [1080, 2400]}, "end_time": 1755218585.943752}}
{"tag": "function", "depth": 1, "time": 1755218586.1272392, "data": {"name": "touch", "call_args": {"v": [972.0, 2288.0], "kwargs": {"duration": 0.01}, "times": 1}, "start_time": 1755218585.5738444, "ret": [972.0, 2288.0], "end_time": 1755218586.1272392}}
{"tag": "info", "depth": 0, "time": 1755218587.727876, "data": {"name": "\u70b9\u51fb\u300a\u6211\u7684\u300b\u9875\u9762\u300a\u6211\u7684\u300b\u5143\u7d20\u6210\u529f", "traceback": null, "log": "\u70b9\u51fb\u300a\u6211\u7684\u300b\u9875\u9762\u300a\u6211\u7684\u300b\u5143\u7d20\u6210\u529f"}}
{"tag": "function", "depth": 2, "time": 1755218588.3535333, "data": {"name": "try_log_screen", "call_args": {"screen": null, "quality": null, "max_size": null}, "start_time": 1755218587.9728518, "ret": {"screen": "1755218588337.jpg", "resolution": [1080, 2400]}, "end_time": 1755218588.3535333}}
{"tag": "function", "depth": 1, "time": 1755218588.3535333, "data": {"name": "assert_equal", "call_args": {"first": true, "second": true, "msg": "\u7b80\u4f53\u4e2d\u6587--\u300a\u6211\u7684\u300b\u9875\u9762\u300a\u6211\u7684\u300b\u5143\u7d20"}, "start_time": 1755218587.9728518, "ret": null, "end_time": 1755218587.9728518}}
{"tag": "function", "depth": 2, "time": 1755218588.8961523, "data": {"name": "try_log_screen", "call_args": {"screen": null, "quality": null, "max_size": null}, "start_time": 1755218588.5389316, "ret": {"screen": "1755218588880.jpg", "resolution": [1080, 2400]}, "end_time": 1755218588.8961523}}
{"tag": "function", "depth": 1, "time": 1755218588.8961523, "data": {"name": "assert_equal", "call_args": {"first": true, "second": true, "msg": "\u7b80\u4f53\u4e2d\u6587--\u300a\u6211\u7684\u300b\u9875\u9762\u300a\u6211\u7684\u8d26\u6237\u300b\u5143\u7d20"}, "start_time": 1755218588.5389316, "ret": null, "end_time": 1755218588.5389316}}
{"tag": "function", "depth": 2, "time": 1755218589.525669, "data": {"name": "try_log_screen", "call_args": {"screen": null, "quality": null, "max_size": null}, "start_time": 1755218589.1401527, "ret": {"screen": "1755218589510.jpg", "resolution": [1080, 2400]}, "end_time": 1755218589.525669}}
{"tag": "function", "depth": 1, "time": 1755218589.525669, "data": {"name": "assert_equal", "call_args": {"first": true, "second": true, "msg": "\u7b80\u4f53\u4e2d\u6587--\u300a\u6211\u7684\u300b\u9875\u9762\u300a\u5730\u5740\u7ba1\u7406\u300b\u5143\u7d20"}, "start_time": 1755218589.1401527, "ret": null, "end_time": 1755218589.1401527}}
{"tag": "function", "depth": 2, "time": 1755218590.0478325, "data": {"name": "try_log_screen", "call_args": {"screen": null, "quality": null, "max_size": null}, "start_time": 1755218589.7033057, "ret": {"screen": "1755218590032.jpg", "resolution": [1080, 2400]}, "end_time": 1755218590.0478325}}
{"tag": "function", "depth": 1, "time": 1755218590.0478325, "data": {"name": "assert_equal", "call_args": {"first": true, "second": true, "msg": "\u7b80\u4f53\u4e2d\u6587--\u300a\u6211\u7684\u300b\u9875\u9762\u300aBLUETTI STAR\u300b\u5143\u7d20"}, "start_time": 1755218589.7033057, "ret": null, "end_time": 1755218589.7033057}}
{"tag": "function", "depth": 2, "time": 1755218590.6031773, "data": {"name": "try_log_screen", "call_args": {"screen": null, "quality": null, "max_size": null}, "start_time": 1755218590.236201, "ret": {"screen": "1755218590586.jpg", "resolution": [1080, 2400]}, "end_time": 1755218590.6031773}}
{"tag": "function", "depth": 1, "time": 1755218590.6031773, "data": {"name": "assert_equal", "call_args": {"first": true, "second": true, "msg": "\u7b80\u4f53\u4e2d\u6587--\u300a\u6211\u7684\u300b\u9875\u9762\u300aBLUETTI INSTALLER\u300b\u5143\u7d20"}, "start_time": 1755218590.236201, "ret": null, "end_time": 1755218590.236201}}
{"tag": "function", "depth": 2, "time": 1755218591.1614487, "data": {"name": "try_log_screen", "call_args": {"screen": null, "quality": null, "max_size": null}, "start_time": 1755218590.7837374, "ret": {"screen": "1755218591143.jpg", "resolution": [1080, 2400]}, "end_time": 1755218591.1614487}}
{"tag": "function", "depth": 1, "time": 1755218591.1614487, "data": {"name": "assert_equal", "call_args": {"first": true, "second": true, "msg": "\u7b80\u4f53\u4e2d\u6587--\u300a\u6211\u7684\u300b\u9875\u9762\u300a\u6211\u7684\u8ba2\u5355\u300b\u5143\u7d20"}, "start_time": 1755218590.7837374, "ret": null, "end_time": 1755218590.7837374}}
{"tag": "function", "depth": 2, "time": 1755218591.724597, "data": {"name": "try_log_screen", "call_args": {"screen": null, "quality": null, "max_size": null}, "start_time": 1755218591.3556688, "ret": {"screen": "1755218591708.jpg", "resolution": [1080, 2400]}, "end_time": 1755218591.724597}}
{"tag": "function", "depth": 1, "time": 1755218591.724597, "data": {"name": "assert_equal", "call_args": {"first": true, "second": true, "msg": "\u7b80\u4f53\u4e2d\u6587--\u300a\u6211\u7684\u300b\u9875\u9762\u300a\u6211\u7684\u8d2d\u7269\u8f66\u300b\u5143\u7d20"}, "start_time": 1755218591.3556688, "ret": null, "end_time": 1755218591.3556688}}
{"tag": "function", "depth": 2, "time": 1755218592.298489, "data": {"name": "try_log_screen", "call_args": {"screen": null, "quality": null, "max_size": null}, "start_time": 1755218591.9363885, "ret": {"screen": "1755218592282.jpg", "resolution": [1080, 2400]}, "end_time": 1755218592.298489}}
{"tag": "function", "depth": 1, "time": 1755218592.298489, "data": {"name": "assert_equal", "call_args": {"first": true, "second": true, "msg": "\u7b80\u4f53\u4e2d\u6587--\u300a\u6211\u7684\u300b\u9875\u9762\u300a\u6211\u7684\u4f18\u60e0\u5238\u300b\u5143\u7d20"}, "start_time": 1755218591.9363885, "ret": null, "end_time": 1755218591.9363885}}
{"tag": "function", "depth": 2, "time": 1755218592.906568, "data": {"name": "try_log_screen", "call_args": {"screen": null, "quality": null, "max_size": null}, "start_time": 1755218592.5180893, "ret": {"screen": "1755218592890.jpg", "resolution": [1080, 2400]}, "end_time": 1755218592.906568}}
{"tag": "function", "depth": 1, "time": 1755218592.906568, "data": {"name": "assert_equal", "call_args": {"first": true, "second": true, "msg": "\u7b80\u4f53\u4e2d\u6587--\u300a\u6211\u7684\u300b\u9875\u9762\u300a\u5f15\u8350\u8ba1\u5212\u300b\u5143\u7d20"}, "start_time": 1755218592.5180893, "ret": null, "end_time": 1755218592.5180893}}
{"tag": "function", "depth": 2, "time": 1755218593.4667623, "data": {"name": "try_log_screen", "call_args": {"screen": null, "quality": null, "max_size": null}, "start_time": 1755218593.1085706, "ret": {"screen": "1755218593450.jpg", "resolution": [1080, 2400]}, "end_time": 1755218593.4667623}}
{"tag": "function", "depth": 1, "time": 1755218593.4667623, "data": {"name": "assert_equal", "call_args": {"first": true, "second": true, "msg": "\u7b80\u4f53\u4e2d\u6587--\u300a\u6211\u7684\u300b\u9875\u9762\u300aApp\u8bc4\u5206\u300b\u5143\u7d20"}, "start_time": 1755218593.1085706, "ret": null, "end_time": 1755218593.1085706}}
{"tag": "function", "depth": 2, "time": 1755218594.031866, "data": {"name": "try_log_screen", "call_args": {"screen": null, "quality": null, "max_size": null}, "start_time": 1755218593.6531732, "ret": {"screen": "1755218594015.jpg", "resolution": [1080, 2400]}, "end_time": 1755218594.031866}}
{"tag": "function", "depth": 1, "time": 1755218594.031866, "data": {"name": "assert_equal", "call_args": {"first": true, "second": true, "msg": "\u7b80\u4f53\u4e2d\u6587--\u300a\u6211\u7684\u300b\u9875\u9762\u300a\u95ee\u9898\u53cd\u9988\u300b\u5143\u7d20"}, "start_time": 1755218593.6522012, "ret": null, "end_time": 1755218593.6531732}}
{"tag": "function", "depth": 2, "time": 1755218594.630154, "data": {"name": "try_log_screen", "call_args": {"screen": null, "quality": null, "max_size": null}, "start_time": 1755218594.2573173, "ret": {"screen": "1755218594613.jpg", "resolution": [1080, 2400]}, "end_time": 1755218594.630154}}
{"tag": "function", "depth": 1, "time": 1755218594.630154, "data": {"name": "assert_equal", "call_args": {"first": true, "second": true, "msg": "\u7b80\u4f53\u4e2d\u6587--\u300a\u6211\u7684\u300b\u9875\u9762\u300a\u7b7e\u5230\u300b\u5143\u7d20"}, "start_time": 1755218594.2563417, "ret": null, "end_time": 1755218594.2573173}}
{"tag": "function", "depth": 2, "time": 1755218595.117173, "data": {"name": "try_log_screen", "call_args": {"screen": null, "quality": null, "max_size": null}, "start_time": 1755218594.7297013, "ret": {"screen": "1755218595099.jpg", "resolution": [1080, 2400]}, "end_time": 1755218595.117173}}
{"tag": "function", "depth": 1, "time": 1755218595.117173, "data": {"name": "assert_equal", "call_args": {"first": false, "second": true, "msg": "\u7b80\u4f53\u4e2d\u6587--\u300a\u6211\u7684\u300b\u9875\u9762\u300a\u5927\u8f6c\u76d8\u300b\u5143\u7d20"}, "start_time": 1755218594.7297013, "traceback": "Traceback (most recent call last):\n  File \"D:\\pythonProjects\\blu-test\\.venv\\lib\\site-packages\\airtest\\utils\\logwraper.py\", line 134, in wrapper\n    res = f(*args, **kwargs)\n  File \"D:\\pythonProjects\\blu-test\\.venv\\lib\\site-packages\\airtest\\core\\assertions.py\", line 69, in assert_equal\n    assert first == second, \"%s and %s are not equal, message: %s\" % (first, second, msg)\nAssertionError: False and True are not equal, message: \u7b80\u4f53\u4e2d\u6587--\u300a\u6211\u7684\u300b\u9875\u9762\u300a\u5927\u8f6c\u76d8\u300b\u5143\u7d20\n", "end_time": 1755218594.7297013}}
{"tag": "info", "depth": 0, "time": 1755218595.117173, "data": {"name": "\u6ca1\u627e\u5230\u5143\u7d20\uff0c\u5411\u4e0a\u6ed1\u4e00\u4e0b\uff0c\u518d\u8bd5\u8bd5", "traceback": null, "log": "\u6ca1\u627e\u5230\u5143\u7d20\uff0c\u5411\u4e0a\u6ed1\u4e00\u4e0b\uff0c\u518d\u8bd5\u8bd5"}}
{"tag": "function", "depth": 2, "time": 1755218595.5046499, "data": {"name": "try_log_screen", "call_args": {"screen": null, "quality": null, "max_size": null}, "start_time": 1755218595.117173, "ret": {"screen": "1755218595487.jpg", "resolution": [1080, 2400]}, "end_time": 1755218595.5046499}}
{"tag": "function", "depth": 1, "time": 1755218596.2054183, "data": {"name": "swipe", "call_args": {"v1": [500, 1900], "v2": [500, 500], "kwargs": {}, "vector": null}, "start_time": 1755218595.117173, "ret": [[500, 1900], [500, 500]], "end_time": 1755218596.2054183}}
{"tag": "info", "depth": 0, "time": 1755218596.2054183, "data": {"name": "\u4ece\u4e0b\u5f80\u4e0a\u6ed1\u52a8\uff0c\u5c55\u793a\u4e0b\u65b9\u5185\u5bb9", "traceback": null, "log": "\u4ece\u4e0b\u5f80\u4e0a\u6ed1\u52a8\uff0c\u5c55\u793a\u4e0b\u65b9\u5185\u5bb9"}}
{"tag": "function", "depth": 2, "time": 1755218597.4283426, "data": {"name": "try_log_screen", "call_args": {"screen": null, "quality": null, "max_size": null}, "start_time": 1755218597.0750365, "ret": {"screen": "1755218597412.jpg", "resolution": [1080, 2400]}, "end_time": 1755218597.4283426}}
{"tag": "function", "depth": 1, "time": 1755218597.4283426, "data": {"name": "assert_equal", "call_args": {"first": true, "second": true, "msg": "\u7b80\u4f53\u4e2d\u6587--\u300a\u6211\u7684\u300b\u9875\u9762\u300a\u5927\u8f6c\u76d8\u300b\u5143\u7d20"}, "start_time": 1755218597.0750365, "ret": null, "end_time": 1755218597.0750365}}
{"tag": "function", "depth": 2, "time": 1755218597.9026806, "data": {"name": "try_log_screen", "call_args": {"screen": null, "quality": null, "max_size": null}, "start_time": 1755218597.6089027, "ret": {"screen": "1755218597887.jpg", "resolution": [1080, 2400]}, "end_time": 1755218597.9026806}}
{"tag": "function", "depth": 1, "time": 1755218597.9026806, "data": {"name": "assert_equal", "call_args": {"first": true, "second": true, "msg": "\u7b80\u4f53\u4e2d\u6587--\u300a\u6211\u7684\u300b\u9875\u9762\u300a\u6e05\u7406\u7f13\u5b58\u300b\u5143\u7d20"}, "start_time": 1755218597.6079264, "ret": null, "end_time": 1755218597.6089027}}
{"tag": "function", "depth": 2, "time": 1755218598.4814477, "data": {"name": "try_log_screen", "call_args": {"screen": null, "quality": null, "max_size": null}, "start_time": 1755218598.1222785, "ret": {"screen": "1755218598464.jpg", "resolution": [1080, 2400]}, "end_time": 1755218598.4814477}}
{"tag": "function", "depth": 1, "time": 1755218598.4814477, "data": {"name": "assert_equal", "call_args": {"first": true, "second": true, "msg": "\u7b80\u4f53\u4e2d\u6587--\u300a\u6211\u7684\u300b\u9875\u9762\u300a\u7528\u6237\u534f\u8bae\u300b\u5143\u7d20"}, "start_time": 1755218598.1222785, "ret": null, "end_time": 1755218598.1222785}}
{"tag": "function", "depth": 2, "time": 1755218599.0446033, "data": {"name": "try_log_screen", "call_args": {"screen": null, "quality": null, "max_size": null}, "start_time": 1755218598.6825445, "ret": {"screen": "1755218599028.jpg", "resolution": [1080, 2400]}, "end_time": 1755218599.0446033}}
{"tag": "function", "depth": 1, "time": 1755218599.0446033, "data": {"name": "assert_equal", "call_args": {"first": true, "second": true, "msg": "\u7b80\u4f53\u4e2d\u6587--\u300a\u6211\u7684\u300b\u9875\u9762\u300a\u9690\u79c1\u653f\u7b56\u300b\u5143\u7d20"}, "start_time": 1755218598.681527, "ret": null, "end_time": 1755218598.6825445}}
{"tag": "function", "depth": 2, "time": 1755218599.6009192, "data": {"name": "try_log_screen", "call_args": {"screen": null, "quality": null, "max_size": null}, "start_time": 1755218599.243707, "ret": {"screen": "1755218599584.jpg", "resolution": [1080, 2400]}, "end_time": 1755218599.6009192}}
{"tag": "function", "depth": 1, "time": 1755218599.6009192, "data": {"name": "assert_equal", "call_args": {"first": true, "second": true, "msg": "\u7b80\u4f53\u4e2d\u6587--\u300a\u6211\u7684\u300b\u9875\u9762\u300a\u901a\u7528\u8bbe\u7f6e\u300b\u5143\u7d20"}, "start_time": 1755218599.243707, "ret": null, "end_time": 1755218599.243707}}
{"tag": "function", "depth": 2, "time": 1755218600.1621194, "data": {"name": "try_log_screen", "call_args": {"screen": null, "quality": null, "max_size": null}, "start_time": 1755218599.7853832, "ret": {"screen": "1755218600145.jpg", "resolution": [1080, 2400]}, "end_time": 1755218600.1621194}}
{"tag": "function", "depth": 1, "time": 1755218600.1621194, "data": {"name": "assert_equal", "call_args": {"first": true, "second": true, "msg": "\u7b80\u4f53\u4e2d\u6587--\u300a\u6211\u7684\u300b\u9875\u9762\u300a\u8ba2\u9605\u54c1\u724c\u300b\u5143\u7d20"}, "start_time": 1755218599.784407, "ret": null, "end_time": 1755218599.7853832}}
{"tag": "info", "depth": 0, "time": 1755218600.1630952, "data": {"name": "\u83b7\u53d6\u5230\u300a\u5347\u7ea7\u5f39\u7a97\u300b\u9875\u9762\u300a\u4e0b\u6b21\u518d\u8bf4\u300b\u5143\u7d20name\u5b9a\u4f4d\u4fe1\u606f", "traceback": null, "log": "\u83b7\u53d6\u5230\u300a\u5347\u7ea7\u5f39\u7a97\u300b\u9875\u9762\u300a\u4e0b\u6b21\u518d\u8bf4\u300b\u5143\u7d20name\u5b9a\u4f4d\u4fe1\u606f"}}
{"tag": "info", "depth": 0, "time": 1755218600.2860715, "data": {"name": "\u6ca1\u6709\u5b9a\u4f4d\u5230\u300a\u5347\u7ea7\u5f39\u7a97\u300b\u9875\u9762\u300a\u4e0b\u6b21\u518d\u8bf4\u300b\u5143\u7d20", "traceback": null, "log": "\u6ca1\u6709\u5b9a\u4f4d\u5230\u300a\u5347\u7ea7\u5f39\u7a97\u300b\u9875\u9762\u300a\u4e0b\u6b21\u518d\u8bf4\u300b\u5143\u7d20"}}
{"tag": "info", "depth": 0, "time": 1755218600.2870474, "data": {"name": "\u83b7\u53d6\u5230\u300a\u8ba2\u9605\u83b7\u53d6\u300b\u9875\u9762\u300a30\u5929\u540e\u518d\u63d0\u793a\u300b\u5143\u7d20text\u5b9a\u4f4d\u4fe1\u606f", "traceback": null, "log": "\u83b7\u53d6\u5230\u300a\u8ba2\u9605\u83b7\u53d6\u300b\u9875\u9762\u300a30\u5929\u540e\u518d\u63d0\u793a\u300b\u5143\u7d20text\u5b9a\u4f4d\u4fe1\u606f"}}
{"tag": "info", "depth": 0, "time": 1755218600.4451592, "data": {"name": "\u6ca1\u6709\u5b9a\u4f4d\u5230\u300a\u8ba2\u9605\u83b7\u53d6\u300b\u9875\u9762\u300a30\u5929\u540e\u518d\u63d0\u793a\u300b\u5143\u7d20", "traceback": null, "log": "\u6ca1\u6709\u5b9a\u4f4d\u5230\u300a\u8ba2\u9605\u83b7\u53d6\u300b\u9875\u9762\u300a30\u5929\u540e\u518d\u63d0\u793a\u300b\u5143\u7d20"}}
{"tag": "info", "depth": 0, "time": 1755218600.6364574, "data": {"name": "\u7ecf\u8fc70\u6b21\u70b9\u51fb\u8fd4\u56de\u6309\u952e\uff0c\u627e\u5230'\u6211\u7684'\u5143\u7d20\uff0c\u5f53\u524d\u5728\u4e00\u7ea7\u9875\u9762", "traceback": null, "log": "\u7ecf\u8fc70\u6b21\u70b9\u51fb\u8fd4\u56de\u6309\u952e\uff0c\u627e\u5230'\u6211\u7684'\u5143\u7d20\uff0c\u5f53\u524d\u5728\u4e00\u7ea7\u9875\u9762"}}
{"tag": "function", "depth": 2, "time": 1755218600.6364574, "data": {"name": "try_log_screen", "call_args": {"screen": null, "quality": null, "max_size": null}, "start_time": 1755218600.6364574, "ret": null, "end_time": 1755218600.6364574}}
{"tag": "function", "depth": 1, "time": 1755218601.3372273, "data": {"name": "swipe", "call_args": {"v1": [500, 500], "v2": [500, 1900], "kwargs": {}, "vector": null}, "start_time": 1755218600.6364574, "ret": [[500, 500], [500, 1900]], "end_time": 1755218601.3372273}}
{"tag": "info", "depth": 0, "time": 1755218601.3372273, "data": {"name": "\u4ece\u4e0a\u5f80\u4e0b\u6ed1\u52a8,\u5c55\u793a\u4e0a\u65b9\u5185\u5bb9", "traceback": null, "log": "\u4ece\u4e0a\u5f80\u4e0b\u6ed1\u52a8,\u5c55\u793a\u4e0a\u65b9\u5185\u5bb9"}}
{"tag": "info", "depth": 0, "time": 1755218601.3382037, "data": {"name": "\u83b7\u53d6\u5230\u300a\u6211\u7684\u300b\u9875\u9762\u300a\u6211\u7684\u300b\u5143\u7d20text\u5b9a\u4f4d\u4fe1\u606f", "traceback": null, "log": "\u83b7\u53d6\u5230\u300a\u6211\u7684\u300b\u9875\u9762\u300a\u6211\u7684\u300b\u5143\u7d20text\u5b9a\u4f4d\u4fe1\u606f"}}
{"tag": "info", "depth": 0, "time": 1755218603.0422957, "data": {"name": "\u5b9a\u4f4d\u5230\u300a\u6211\u7684\u300b\u9875\u9762\u300a\u6211\u7684\u300b\u5143\u7d20", "traceback": null, "log": "\u5b9a\u4f4d\u5230\u300a\u6211\u7684\u300b\u9875\u9762\u300a\u6211\u7684\u300b\u5143\u7d20"}}
{"tag": "function", "depth": 2, "time": 1755218603.6835282, "data": {"name": "try_log_screen", "call_args": {"quality": 10, "max_size": null, "screen": null}, "start_time": 1755218603.308748, "ret": {"screen": "1755218603667.jpg", "resolution": [1080, 2400]}, "end_time": 1755218603.6835282}}
{"tag": "function", "depth": 1, "time": 1755218603.6835282, "data": {"name": "snapshot", "call_args": {"msg": "UIObjectProxy of \"text=\u6211\u7684\"", "filename": null, "quality": null, "max_size": null}, "start_time": 1755218603.308748, "ret": {"screen": "1755218603667.jpg", "resolution": [1080, 2400]}, "end_time": 1755218603.6835282}}
{"tag": "function", "depth": 1, "time": 1755218603.6835282, "data": {"name": "record_ui", "call_args": {"driver": "<poco.drivers.android.uiautomation.AndroidUiautomationPoco object at 0x0000016F52752EB0>", "action": "'click'", "ui": "UIObjectProxy of \"text=\u6211\u7684\"", "args": "[0.9, 0.9533333333333334]"}, "start_time": 1755218603.6835282, "ret": "UIObjectProxy of \"text=\u6211\u7684\"", "end_time": 1755218603.6835282}}
{"tag": "function", "depth": 2, "time": 1755218604.0505083, "data": {"name": "try_log_screen", "call_args": {"screen": null, "quality": null, "max_size": null}, "start_time": 1755218603.6835282, "ret": {"screen": "1755218604031.jpg", "resolution": [1080, 2400]}, "end_time": 1755218604.0505083}}
{"tag": "function", "depth": 1, "time": 1755218604.233996, "data": {"name": "touch", "call_args": {"v": [972.0, 2288.0], "kwargs": {"duration": 0.01}, "times": 1}, "start_time": 1755218603.6835282, "ret": [972.0, 2288.0], "end_time": 1755218604.233996}}
{"tag": "info", "depth": 0, "time": 1755218605.8346715, "data": {"name": "\u70b9\u51fb\u300a\u6211\u7684\u300b\u9875\u9762\u300a\u6211\u7684\u300b\u5143\u7d20\u6210\u529f", "traceback": null, "log": "\u70b9\u51fb\u300a\u6211\u7684\u300b\u9875\u9762\u300a\u6211\u7684\u300b\u5143\u7d20\u6210\u529f"}}
{"tag": "info", "depth": 0, "time": 1755218605.8766246, "data": {"name": "\u83b7\u53d6\u5230\u300a\u6211\u7684\u300b\u9875\u9762\u300a\u6211\u7684\u8d26\u6237\u300b\u5143\u7d20text\u5b9a\u4f4d\u4fe1\u606f", "traceback": null, "log": "\u83b7\u53d6\u5230\u300a\u6211\u7684\u300b\u9875\u9762\u300a\u6211\u7684\u8d26\u6237\u300b\u5143\u7d20text\u5b9a\u4f4d\u4fe1\u606f"}}
{"tag": "info", "depth": 0, "time": 1755218606.0357125, "data": {"name": "\u5b9a\u4f4d\u5230\u300a\u6211\u7684\u300b\u9875\u9762\u300a\u6211\u7684\u8d26\u6237\u300b\u5143\u7d20", "traceback": null, "log": "\u5b9a\u4f4d\u5230\u300a\u6211\u7684\u300b\u9875\u9762\u300a\u6211\u7684\u8d26\u6237\u300b\u5143\u7d20"}}
{"tag": "function", "depth": 2, "time": 1755218606.7052526, "data": {"name": "try_log_screen", "call_args": {"quality": 10, "max_size": null, "screen": null}, "start_time": 1755218606.3470569, "ret": {"screen": "1755218606688.jpg", "resolution": [1080, 2400]}, "end_time": 1755218606.7052526}}
{"tag": "function", "depth": 1, "time": 1755218606.7062292, "data": {"name": "snapshot", "call_args": {"msg": "UIObjectProxy of \"text=\u6211\u7684\u8d26\u6237\"", "filename": null, "quality": null, "max_size": null}, "start_time": 1755218606.3470569, "ret": {"screen": "1755218606688.jpg", "resolution": [1080, 2400]}, "end_time": 1755218606.7062292}}
{"tag": "function", "depth": 1, "time": 1755218606.7062292, "data": {"name": "record_ui", "call_args": {"driver": "<poco.drivers.android.uiautomation.AndroidUiautomationPoco object at 0x0000016F52752EB0>", "action": "'click'", "ui": "UIObjectProxy of \"text=\u6211\u7684\u8d26\u6237\"", "args": "[0.262037037037037, 0.37583333333333335]"}, "start_time": 1755218606.7062292, "ret": "UIObjectProxy of \"text=\u6211\u7684\u8d26\u6237\"", "end_time": 1755218606.7062292}}
{"tag": "function", "depth": 2, "time": 1755218607.059538, "data": {"name": "try_log_screen", "call_args": {"screen": null, "quality": null, "max_size": null}, "start_time": 1755218606.7062292, "ret": {"screen": "1755218607043.jpg", "resolution": [1080, 2400]}, "end_time": 1755218607.059538}}
{"tag": "function", "depth": 1, "time": 1755218607.2430294, "data": {"name": "touch", "call_args": {"v": [283.0, 902.0], "kwargs": {"duration": 0.01}, "times": 1}, "start_time": 1755218606.7062292, "ret": [283.0, 902.0], "end_time": 1755218607.2430294}}
{"tag": "info", "depth": 0, "time": 1755218608.8436654, "data": {"name": "\u70b9\u51fb\u300a\u6211\u7684\u300b\u9875\u9762\u300a\u6211\u7684\u8d26\u6237\u300b\u5143\u7d20\u6210\u529f", "traceback": null, "log": "\u70b9\u51fb\u300a\u6211\u7684\u300b\u9875\u9762\u300a\u6211\u7684\u8d26\u6237\u300b\u5143\u7d20\u6210\u529f"}}
{"tag": "function", "depth": 2, "time": 1755218609.3990111, "data": {"name": "try_log_screen", "call_args": {"screen": null, "quality": null, "max_size": null}, "start_time": 1755218609.0632653, "ret": {"screen": "1755218609383.jpg", "resolution": [1080, 2400]}, "end_time": 1755218609.3990111}}
{"tag": "function", "depth": 1, "time": 1755218609.3990111, "data": {"name": "assert_equal", "call_args": {"first": true, "second": true, "msg": "\u7b80\u4f53\u4e2d\u6587--\u300a\u6211\u7684\u8d26\u6237\u300b\u9875\u9762\u300a\u6211\u7684\u8d26\u6237\u300b\u5143\u7d20"}, "start_time": 1755218609.0632653, "ret": null, "end_time": 1755218609.0632653}}
{"tag": "function", "depth": 2, "time": 1755218609.782577, "data": {"name": "try_log_screen", "call_args": {"screen": null, "quality": null, "max_size": null}, "start_time": 1755218609.5190575, "ret": {"screen": "1755218609765.jpg", "resolution": [1080, 2400]}, "end_time": 1755218609.782577}}
{"tag": "function", "depth": 1, "time": 1755218609.782577, "data": {"name": "assert_equal", "call_args": {"first": true, "second": true, "msg": "\u7b80\u4f53\u4e2d\u6587--\u300a\u6211\u7684\u8d26\u6237\u300b\u9875\u9762\u300a\u6635\u79f0\u300b\u5143\u7d20"}, "start_time": 1755218609.5190575, "ret": null, "end_time": 1755218609.5190575}}
{"tag": "function", "depth": 2, "time": 1755218610.2149496, "data": {"name": "try_log_screen", "call_args": {"screen": null, "quality": null, "max_size": null}, "start_time": 1755218609.864566, "ret": {"screen": "1755218610199.jpg", "resolution": [1080, 2400]}, "end_time": 1755218610.2149496}}
{"tag": "function", "depth": 1, "time": 1755218610.2149496, "data": {"name": "assert_equal", "call_args": {"first": false, "second": true, "msg": "\u7b80\u4f53\u4e2d\u6587--\u300a\u6211\u7684\u8d26\u6237\u300b\u9875\u9762\u300a\u4e2d\u56fd\u300b\u5143\u7d20"}, "start_time": 1755218609.864566, "traceback": "Traceback (most recent call last):\n  File \"D:\\pythonProjects\\blu-test\\.venv\\lib\\site-packages\\airtest\\utils\\logwraper.py\", line 134, in wrapper\n    res = f(*args, **kwargs)\n  File \"D:\\pythonProjects\\blu-test\\.venv\\lib\\site-packages\\airtest\\core\\assertions.py\", line 69, in assert_equal\n    assert first == second, \"%s and %s are not equal, message: %s\" % (first, second, msg)\nAssertionError: False and True are not equal, message: \u7b80\u4f53\u4e2d\u6587--\u300a\u6211\u7684\u8d26\u6237\u300b\u9875\u9762\u300a\u4e2d\u56fd\u300b\u5143\u7d20\n", "end_time": 1755218609.864566}}
{"tag": "info", "depth": 0, "time": 1755218610.2149496, "data": {"name": "\u6ca1\u627e\u5230\u5143\u7d20\uff0c\u5411\u4e0a\u6ed1\u4e00\u4e0b\uff0c\u518d\u8bd5\u8bd5", "traceback": null, "log": "\u6ca1\u627e\u5230\u5143\u7d20\uff0c\u5411\u4e0a\u6ed1\u4e00\u4e0b\uff0c\u518d\u8bd5\u8bd5"}}
{"tag": "function", "depth": 2, "time": 1755218610.5721629, "data": {"name": "try_log_screen", "call_args": {"screen": null, "quality": null, "max_size": null}, "start_time": 1755218610.2159262, "ret": {"screen": "1755218610553.jpg", "resolution": [1080, 2400]}, "end_time": 1755218610.5721629}}
{"tag": "function", "depth": 1, "time": 1755218611.2729347, "data": {"name": "swipe", "call_args": {"v1": [500, 1900], "v2": [500, 500], "kwargs": {}, "vector": null}, "start_time": 1755218610.2149496, "ret": [[500, 1900], [500, 500]], "end_time": 1755218611.2729347}}
{"tag": "info", "depth": 0, "time": 1755218611.2729347, "data": {"name": "\u4ece\u4e0b\u5f80\u4e0a\u6ed1\u52a8\uff0c\u5c55\u793a\u4e0b\u65b9\u5185\u5bb9", "traceback": null, "log": "\u4ece\u4e0b\u5f80\u4e0a\u6ed1\u52a8\uff0c\u5c55\u793a\u4e0b\u65b9\u5185\u5bb9"}}
{"tag": "function", "depth": 2, "time": 1755218611.6662576, "data": {"name": "try_log_screen", "call_args": {"screen": null, "quality": null, "max_size": null}, "start_time": 1755218611.3266146, "ret": {"screen": "1755218611649.jpg", "resolution": [1080, 2400]}, "end_time": 1755218611.6662576}}
{"tag": "function", "depth": 1, "time": 1755218611.6662576, "data": {"name": "assert_equal", "call_args": {"first": false, "second": true, "msg": "\u7b80\u4f53\u4e2d\u6587--\u300a\u6211\u7684\u8d26\u6237\u300b\u9875\u9762\u300a\u4e2d\u56fd\u300b\u5143\u7d20"}, "start_time": 1755218611.3266146, "traceback": "Traceback (most recent call last):\n  File \"D:\\pythonProjects\\blu-test\\common_android\\assert_methods.py\", line 27, in assert_translation_by_find_ele\n    assert_equal(poco(text=single_translation).exists(), True, assert_text)\n  File \"D:\\pythonProjects\\blu-test\\.venv\\lib\\site-packages\\airtest\\utils\\logwraper.py\", line 134, in wrapper\n    res = f(*args, **kwargs)\n  File \"D:\\pythonProjects\\blu-test\\.venv\\lib\\site-packages\\airtest\\core\\assertions.py\", line 69, in assert_equal\n    assert first == second, \"%s and %s are not equal, message: %s\" % (first, second, msg)\nAssertionError: False and True are not equal, message: \u7b80\u4f53\u4e2d\u6587--\u300a\u6211\u7684\u8d26\u6237\u300b\u9875\u9762\u300a\u4e2d\u56fd\u300b\u5143\u7d20\n\nDuring handling of the above exception, another exception occurred:\n\nTraceback (most recent call last):\n  File \"D:\\pythonProjects\\blu-test\\.venv\\lib\\site-packages\\airtest\\utils\\logwraper.py\", line 134, in wrapper\n    res = f(*args, **kwargs)\n  File \"D:\\pythonProjects\\blu-test\\.venv\\lib\\site-packages\\airtest\\core\\assertions.py\", line 69, in assert_equal\n    assert first == second, \"%s and %s are not equal, message: %s\" % (first, second, msg)\nAssertionError: False and True are not equal, message: \u7b80\u4f53\u4e2d\u6587--\u300a\u6211\u7684\u8d26\u6237\u300b\u9875\u9762\u300a\u4e2d\u56fd\u300b\u5143\u7d20\n", "end_time": 1755218611.3266146}}
{"tag": "info", "depth": 0, "time": 1755218611.6662576, "data": {"name": "\u6ca1\u627e\u5230\u5143\u7d20\uff0c\u518d\u5411\u4e0a\u6ed1\u4e00\u4e0b\uff0c\u518d\u8bd5\u8bd5", "traceback": null, "log": "\u6ca1\u627e\u5230\u5143\u7d20\uff0c\u518d\u5411\u4e0a\u6ed1\u4e00\u4e0b\uff0c\u518d\u8bd5\u8bd5"}}
{"tag": "function", "depth": 2, "time": 1755218612.0068877, "data": {"name": "try_log_screen", "call_args": {"screen": null, "quality": null, "max_size": null}, "start_time": 1755218611.6662576, "ret": {"screen": "1755218611990.jpg", "resolution": [1080, 2400]}, "end_time": 1755218612.0068877}}
{"tag": "function", "depth": 1, "time": 1755218612.7076504, "data": {"name": "swipe", "call_args": {"v1": [500, 1900], "v2": [500, 500], "kwargs": {}, "vector": null}, "start_time": 1755218611.6662576, "ret": [[500, 1900], [500, 500]], "end_time": 1755218612.7076504}}
{"tag": "info", "depth": 0, "time": 1755218612.7076504, "data": {"name": "\u4ece\u4e0b\u5f80\u4e0a\u6ed1\u52a8\uff0c\u5c55\u793a\u4e0b\u65b9\u5185\u5bb9", "traceback": null, "log": "\u4ece\u4e0b\u5f80\u4e0a\u6ed1\u52a8\uff0c\u5c55\u793a\u4e0b\u65b9\u5185\u5bb9"}}
{"tag": "function", "depth": 2, "time": 1755218613.08146, "data": {"name": "try_log_screen", "call_args": {"screen": null, "quality": null, "max_size": null}, "start_time": 1755218612.748643, "ret": {"screen": "1755218613064.jpg", "resolution": [1080, 2400]}, "end_time": 1755218613.08146}}
{"tag": "function", "depth": 1, "time": 1755218613.08146, "data": {"name": "assert_equal", "call_args": {"first": false, "second": true, "msg": "\u7b80\u4f53\u4e2d\u6587--\u300a\u6211\u7684\u8d26\u6237\u300b\u9875\u9762\u300a\u4e2d\u56fd\u300b\u5143\u7d20"}, "start_time": 1755218612.7476664, "traceback": "Traceback (most recent call last):\n  File \"D:\\pythonProjects\\blu-test\\common_android\\assert_methods.py\", line 27, in assert_translation_by_find_ele\n    assert_equal(poco(text=single_translation).exists(), True, assert_text)\n  File \"D:\\pythonProjects\\blu-test\\.venv\\lib\\site-packages\\airtest\\utils\\logwraper.py\", line 134, in wrapper\n    res = f(*args, **kwargs)\n  File \"D:\\pythonProjects\\blu-test\\.venv\\lib\\site-packages\\airtest\\core\\assertions.py\", line 69, in assert_equal\n    assert first == second, \"%s and %s are not equal, message: %s\" % (first, second, msg)\nAssertionError: False and True are not equal, message: \u7b80\u4f53\u4e2d\u6587--\u300a\u6211\u7684\u8d26\u6237\u300b\u9875\u9762\u300a\u4e2d\u56fd\u300b\u5143\u7d20\n\nDuring handling of the above exception, another exception occurred:\n\nTraceback (most recent call last):\n  File \"D:\\pythonProjects\\blu-test\\common_android\\assert_methods.py\", line 31, in assert_translation_by_find_ele\n    assert_equal(poco(text=single_translation).exists(), True, assert_text)\n  File \"D:\\pythonProjects\\blu-test\\.venv\\lib\\site-packages\\airtest\\utils\\logwraper.py\", line 134, in wrapper\n    res = f(*args, **kwargs)\n  File \"D:\\pythonProjects\\blu-test\\.venv\\lib\\site-packages\\airtest\\core\\assertions.py\", line 69, in assert_equal\n    assert first == second, \"%s and %s are not equal, message: %s\" % (first, second, msg)\nAssertionError: False and True are not equal, message: \u7b80\u4f53\u4e2d\u6587--\u300a\u6211\u7684\u8d26\u6237\u300b\u9875\u9762\u300a\u4e2d\u56fd\u300b\u5143\u7d20\n\nDuring handling of the above exception, another exception occurred:\n\nTraceback (most recent call last):\n  File \"D:\\pythonProjects\\blu-test\\.venv\\lib\\site-packages\\airtest\\utils\\logwraper.py\", line 134, in wrapper\n    res = f(*args, **kwargs)\n  File \"D:\\pythonProjects\\blu-test\\.venv\\lib\\site-packages\\airtest\\core\\assertions.py\", line 69, in assert_equal\n    assert first == second, \"%s and %s are not equal, message: %s\" % (first, second, msg)\nAssertionError: False and True are not equal, message: \u7b80\u4f53\u4e2d\u6587--\u300a\u6211\u7684\u8d26\u6237\u300b\u9875\u9762\u300a\u4e2d\u56fd\u300b\u5143\u7d20\n", "end_time": 1755218612.748643}}
{"tag": "info", "depth": 0, "time": 1755218613.08146, "data": {"name": "\u6ca1\u627e\u5230\u5143\u7d20\uff0c\u518d\u518d\u5411\u4e0a\u6ed1\u4e00\u4e0b\uff0c\u518d\u8bd5\u8bd5", "traceback": null, "log": "\u6ca1\u627e\u5230\u5143\u7d20\uff0c\u518d\u518d\u5411\u4e0a\u6ed1\u4e00\u4e0b\uff0c\u518d\u8bd5\u8bd5"}}
{"tag": "function", "depth": 2, "time": 1755218613.4376998, "data": {"name": "try_log_screen", "call_args": {"screen": null, "quality": null, "max_size": null}, "start_time": 1755218613.08146, "ret": {"screen": "1755218613422.jpg", "resolution": [1080, 2400]}, "end_time": 1755218613.4376998}}
{"tag": "function", "depth": 1, "time": 1755218614.138471, "data": {"name": "swipe", "call_args": {"v1": [500, 1900], "v2": [500, 500], "kwargs": {}, "vector": null}, "start_time": 1755218613.08146, "ret": [[500, 1900], [500, 500]], "end_time": 1755218614.138471}}
{"tag": "info", "depth": 0, "time": 1755218614.138471, "data": {"name": "\u4ece\u4e0b\u5f80\u4e0a\u6ed1\u52a8\uff0c\u5c55\u793a\u4e0b\u65b9\u5185\u5bb9", "traceback": null, "log": "\u4ece\u4e0b\u5f80\u4e0a\u6ed1\u52a8\uff0c\u5c55\u793a\u4e0b\u65b9\u5185\u5bb9"}}
{"tag": "function", "depth": 2, "time": 1755218614.5435112, "data": {"name": "try_log_screen", "call_args": {"screen": null, "quality": null, "max_size": null}, "start_time": 1755218614.204851, "ret": {"screen": "1755218614527.jpg", "resolution": [1080, 2400]}, "end_time": 1755218614.5435112}}
{"tag": "function", "depth": 1, "time": 1755218614.5435112, "data": {"name": "assert_equal", "call_args": {"first": false, "second": true, "msg": "\u7b80\u4f53\u4e2d\u6587--\u300a\u6211\u7684\u8d26\u6237\u300b\u9875\u9762\u300a\u4e2d\u56fd\u300b\u5143\u7d20"}, "start_time": 1755218614.204851, "traceback": "Traceback (most recent call last):\n  File \"D:\\pythonProjects\\blu-test\\common_android\\assert_methods.py\", line 27, in assert_translation_by_find_ele\n    assert_equal(poco(text=single_translation).exists(), True, assert_text)\n  File \"D:\\pythonProjects\\blu-test\\.venv\\lib\\site-packages\\airtest\\utils\\logwraper.py\", line 134, in wrapper\n    res = f(*args, **kwargs)\n  File \"D:\\pythonProjects\\blu-test\\.venv\\lib\\site-packages\\airtest\\core\\assertions.py\", line 69, in assert_equal\n    assert first == second, \"%s and %s are not equal, message: %s\" % (first, second, msg)\nAssertionError: False and True are not equal, message: \u7b80\u4f53\u4e2d\u6587--\u300a\u6211\u7684\u8d26\u6237\u300b\u9875\u9762\u300a\u4e2d\u56fd\u300b\u5143\u7d20\n\nDuring handling of the above exception, another exception occurred:\n\nTraceback (most recent call last):\n  File \"D:\\pythonProjects\\blu-test\\common_android\\assert_methods.py\", line 31, in assert_translation_by_find_ele\n    assert_equal(poco(text=single_translation).exists(), True, assert_text)\n  File \"D:\\pythonProjects\\blu-test\\.venv\\lib\\site-packages\\airtest\\utils\\logwraper.py\", line 134, in wrapper\n    res = f(*args, **kwargs)\n  File \"D:\\pythonProjects\\blu-test\\.venv\\lib\\site-packages\\airtest\\core\\assertions.py\", line 69, in assert_equal\n    assert first == second, \"%s and %s are not equal, message: %s\" % (first, second, msg)\nAssertionError: False and True are not equal, message: \u7b80\u4f53\u4e2d\u6587--\u300a\u6211\u7684\u8d26\u6237\u300b\u9875\u9762\u300a\u4e2d\u56fd\u300b\u5143\u7d20\n\nDuring handling of the above exception, another exception occurred:\n\nTraceback (most recent call last):\n  File \"D:\\pythonProjects\\blu-test\\common_android\\assert_methods.py\", line 35, in assert_translation_by_find_ele\n    assert_equal(poco(text=single_translation).exists(), True, assert_text)\n  File \"D:\\pythonProjects\\blu-test\\.venv\\lib\\site-packages\\airtest\\utils\\logwraper.py\", line 134, in wrapper\n    res = f(*args, **kwargs)\n  File \"D:\\pythonProjects\\blu-test\\.venv\\lib\\site-packages\\airtest\\core\\assertions.py\", line 69, in assert_equal\n    assert first == second, \"%s and %s are not equal, message: %s\" % (first, second, msg)\nAssertionError: False and True are not equal, message: \u7b80\u4f53\u4e2d\u6587--\u300a\u6211\u7684\u8d26\u6237\u300b\u9875\u9762\u300a\u4e2d\u56fd\u300b\u5143\u7d20\n\nDuring handling of the above exception, another exception occurred:\n\nTraceback (most recent call last):\n  File \"D:\\pythonProjects\\blu-test\\.venv\\lib\\site-packages\\airtest\\utils\\logwraper.py\", line 134, in wrapper\n    res = f(*args, **kwargs)\n  File \"D:\\pythonProjects\\blu-test\\.venv\\lib\\site-packages\\airtest\\core\\assertions.py\", line 69, in assert_equal\n    assert first == second, \"%s and %s are not equal, message: %s\" % (first, second, msg)\nAssertionError: False and True are not equal, message: \u7b80\u4f53\u4e2d\u6587--\u300a\u6211\u7684\u8d26\u6237\u300b\u9875\u9762\u300a\u4e2d\u56fd\u300b\u5143\u7d20\n", "end_time": 1755218614.204851}}
{"tag": "info", "depth": 0, "time": 1755218614.544487, "data": {"name": "\u83b7\u53d6\u5230\u300a\u5347\u7ea7\u5f39\u7a97\u300b\u9875\u9762\u300a\u4e0b\u6b21\u518d\u8bf4\u300b\u5143\u7d20name\u5b9a\u4f4d\u4fe1\u606f", "traceback": null, "log": "\u83b7\u53d6\u5230\u300a\u5347\u7ea7\u5f39\u7a97\u300b\u9875\u9762\u300a\u4e0b\u6b21\u518d\u8bf4\u300b\u5143\u7d20name\u5b9a\u4f4d\u4fe1\u606f"}}
{"tag": "info", "depth": 0, "time": 1755218614.6362271, "data": {"name": "\u6ca1\u6709\u5b9a\u4f4d\u5230\u300a\u5347\u7ea7\u5f39\u7a97\u300b\u9875\u9762\u300a\u4e0b\u6b21\u518d\u8bf4\u300b\u5143\u7d20", "traceback": null, "log": "\u6ca1\u6709\u5b9a\u4f4d\u5230\u300a\u5347\u7ea7\u5f39\u7a97\u300b\u9875\u9762\u300a\u4e0b\u6b21\u518d\u8bf4\u300b\u5143\u7d20"}}
{"tag": "info", "depth": 0, "time": 1755218614.6372075, "data": {"name": "\u83b7\u53d6\u5230\u300a\u8ba2\u9605\u83b7\u53d6\u300b\u9875\u9762\u300a30\u5929\u540e\u518d\u63d0\u793a\u300b\u5143\u7d20text\u5b9a\u4f4d\u4fe1\u606f", "traceback": null, "log": "\u83b7\u53d6\u5230\u300a\u8ba2\u9605\u83b7\u53d6\u300b\u9875\u9762\u300a30\u5929\u540e\u518d\u63d0\u793a\u300b\u5143\u7d20text\u5b9a\u4f4d\u4fe1\u606f"}}
{"tag": "info", "depth": 0, "time": 1755218614.744563, "data": {"name": "\u6ca1\u6709\u5b9a\u4f4d\u5230\u300a\u8ba2\u9605\u83b7\u53d6\u300b\u9875\u9762\u300a30\u5929\u540e\u518d\u63d0\u793a\u300b\u5143\u7d20", "traceback": null, "log": "\u6ca1\u6709\u5b9a\u4f4d\u5230\u300a\u8ba2\u9605\u83b7\u53d6\u300b\u9875\u9762\u300a30\u5929\u540e\u518d\u63d0\u793a\u300b\u5143\u7d20"}}
{"tag": "function", "depth": 1, "time": 1755218615.8415914, "data": {"name": "keyevent", "call_args": {"keyname": "BACK", "kwargs": {}}, "start_time": 1755218615.6161366, "ret": null, "end_time": 1755218615.8415914}}
{"tag": "function", "depth": 1, "time": 1755218616.8419914, "data": {"name": "sleep", "call_args": {"secs": 1.0}, "start_time": 1755218615.8415914, "ret": null, "end_time": 1755218616.8419914}}
{"tag": "info", "depth": 0, "time": 1755218616.8419914, "data": {"name": "\u7b2c1\u6b21\u70b9\u51fb\u8fd4\u56de\u6309\u952e\uff0c\u5c1d\u8bd5\u8fd4\u56de\u542f\u52a8\u9875\u6216\u4e00\u7ea7\u9875\u9762", "traceback": null, "log": "\u7b2c1\u6b21\u70b9\u51fb\u8fd4\u56de\u6309\u952e\uff0c\u5c1d\u8bd5\u8fd4\u56de\u542f\u52a8\u9875\u6216\u4e00\u7ea7\u9875\u9762"}}
{"tag": "info", "depth": 0, "time": 1755218617.1826155, "data": {"name": "\u7ecf\u8fc71\u6b21\u70b9\u51fb\u8fd4\u56de\u6309\u952e\uff0c\u627e\u5230'\u6211\u7684'\u5143\u7d20\uff0c\u5f53\u524d\u5728\u4e00\u7ea7\u9875\u9762", "traceback": null, "log": "\u7ecf\u8fc71\u6b21\u70b9\u51fb\u8fd4\u56de\u6309\u952e\uff0c\u627e\u5230'\u6211\u7684'\u5143\u7d20\uff0c\u5f53\u524d\u5728\u4e00\u7ea7\u9875\u9762"}}
{"tag": "function", "depth": 2, "time": 1755218617.1826155, "data": {"name": "try_log_screen", "call_args": {"screen": null, "quality": null, "max_size": null}, "start_time": 1755218617.1826155, "ret": null, "end_time": 1755218617.1826155}}
{"tag": "function", "depth": 1, "time": 1755218617.8833835, "data": {"name": "swipe", "call_args": {"v1": [500, 500], "v2": [500, 1900], "kwargs": {}, "vector": null}, "start_time": 1755218617.1826155, "ret": [[500, 500], [500, 1900]], "end_time": 1755218617.8833835}}
{"tag": "info", "depth": 0, "time": 1755218617.8833835, "data": {"name": "\u4ece\u4e0a\u5f80\u4e0b\u6ed1\u52a8,\u5c55\u793a\u4e0a\u65b9\u5185\u5bb9", "traceback": null, "log": "\u4ece\u4e0a\u5f80\u4e0b\u6ed1\u52a8,\u5c55\u793a\u4e0a\u65b9\u5185\u5bb9"}}
{"tag": "info", "depth": 0, "time": 1755218617.885336, "data": {"name": "\u83b7\u53d6\u5230\u300a\u5347\u7ea7\u5f39\u7a97\u300b\u9875\u9762\u300a\u4e0b\u6b21\u518d\u8bf4\u300b\u5143\u7d20name\u5b9a\u4f4d\u4fe1\u606f", "traceback": null, "log": "\u83b7\u53d6\u5230\u300a\u5347\u7ea7\u5f39\u7a97\u300b\u9875\u9762\u300a\u4e0b\u6b21\u518d\u8bf4\u300b\u5143\u7d20name\u5b9a\u4f4d\u4fe1\u606f"}}
{"tag": "info", "depth": 0, "time": 1755218618.7920368, "data": {"name": "\u6ca1\u6709\u5b9a\u4f4d\u5230\u300a\u5347\u7ea7\u5f39\u7a97\u300b\u9875\u9762\u300a\u4e0b\u6b21\u518d\u8bf4\u300b\u5143\u7d20", "traceback": null, "log": "\u6ca1\u6709\u5b9a\u4f4d\u5230\u300a\u5347\u7ea7\u5f39\u7a97\u300b\u9875\u9762\u300a\u4e0b\u6b21\u518d\u8bf4\u300b\u5143\u7d20"}}
{"tag": "info", "depth": 0, "time": 1755218618.7930133, "data": {"name": "\u83b7\u53d6\u5230\u300a\u8ba2\u9605\u83b7\u53d6\u300b\u9875\u9762\u300a30\u5929\u540e\u518d\u63d0\u793a\u300b\u5143\u7d20text\u5b9a\u4f4d\u4fe1\u606f", "traceback": null, "log": "\u83b7\u53d6\u5230\u300a\u8ba2\u9605\u83b7\u53d6\u300b\u9875\u9762\u300a30\u5929\u540e\u518d\u63d0\u793a\u300b\u5143\u7d20text\u5b9a\u4f4d\u4fe1\u606f"}}
{"tag": "info", "depth": 0, "time": 1755218619.2683294, "data": {"name": "\u6ca1\u6709\u5b9a\u4f4d\u5230\u300a\u8ba2\u9605\u83b7\u53d6\u300b\u9875\u9762\u300a30\u5929\u540e\u518d\u63d0\u793a\u300b\u5143\u7d20", "traceback": null, "log": "\u6ca1\u6709\u5b9a\u4f4d\u5230\u300a\u8ba2\u9605\u83b7\u53d6\u300b\u9875\u9762\u300a30\u5929\u540e\u518d\u63d0\u793a\u300b\u5143\u7d20"}}
{"tag": "info", "depth": 0, "time": 1755218619.4371765, "data": {"name": "\u7ecf\u8fc70\u6b21\u70b9\u51fb\u8fd4\u56de\u6309\u952e\uff0c\u627e\u5230'\u6211\u7684'\u5143\u7d20\uff0c\u5f53\u524d\u5728\u4e00\u7ea7\u9875\u9762", "traceback": null, "log": "\u7ecf\u8fc70\u6b21\u70b9\u51fb\u8fd4\u56de\u6309\u952e\uff0c\u627e\u5230'\u6211\u7684'\u5143\u7d20\uff0c\u5f53\u524d\u5728\u4e00\u7ea7\u9875\u9762"}}
