<!DOCTYPE html>
<html lang="en">
<head>
    <meta charset="UTF-8">
    <title>测试报告</title>

    <link rel="stylesheet" href="https://cdn.staticfile.org/twitter-bootstrap/4.5.0/css/bootstrap.min.css">
    <script src=" https://cdn.staticfile.org/jquery/2.0.0/jquery.min.js"></script>
    <script src="https://cdn.staticfile.org/echarts/5.1.2/echarts.min.js"></script>
    <!--    页面样式-->
    <style type="text/css">
        /*标题样式*/
        .title {
            width: auto;
            height: 60px;
            text-align: center;
            font: bolder 38px/60px "Microsoft YaHei UI";
        }

        /*汇总信息样式*/
        .summary {
            width: 90%;
            position: absolute;
            top: 120px;
            margin-left: 5%;

        }

        .text-left {
            font: bolder 20px/30px "Microsoft YaHei UI";
        }

        .left {
            width: 50%;
            float: left;

        }

        .right {
            width: 50%;
            float: right;

        }

        .desc {
            float: left;
            width: 100%;
        }

        .list-group-item span {
            font: normal 16px/38px "Microsoft YaHei UI";
            padding: 30px;

        }

        .list-group-item {
            position: relative;
            display: block;
            padding: .4rem 1.25rem;
            background-color: #fff;
            border: 1px solid rgba(0, 0, 0, .125);
        }

        /* 执行信息样式   */
        .test_info {
            width: 90%;
            position: absolute;
            top: 900px;
            margin-left: 5%;

            color: #28a745 !important;
        }

        .table td, th {
            border: solid 2px rgba(9, 122, 51, 0.11) !important;
            padding: 0;
            line-height: 40px;
            text-align: center;

        }


        select {
            border: 0;
            padding: 0;
            margin: 0;
            height: 2em;
            width: 8em;
            margin-left: 2em;
        }

        option {
            text-align: center;
            height: 36px;
            font: none 18px/36px "Microsoft YaHei UI";
            color: #28a745 !important;
        }

        .test_log {
            background: rgba(163, 171, 189, 0.15);
            width: 100%;
            height: 50px;
            border-top: none;
            border-bottom: none;
            display: none;
            text-align: left;
        }

        .test_log td {
            text-align: left;
            height: 30px;
            margin: 0;
            padding-left: 3em;
            padding-right:3em;
            font: none 18px/24px "Microsoft YaHei UI";
            color: #9e141a;
        }

        pre {
            margin: 0;
            white-space: pre-wrap;
            white-space: -moz-pre-wrap;
            white-space: -o-pre-wrap;
            word-wrap: break-word;
            line-height: 22px;
            font-size: 14px
        }

        /*    测试图表显示*/
        .char {
            width: 90%;
            position: absolute;
            top: 450px;
            margin-left: 5%;
            color: #28a745 !important;
        }

    </style>

</head>
<body>

<!--报告标题-->
<div class="title text-success">
    <div class="shadow-lg p-3 mb-5 bg-white rounded">UI测试报告</div>
</div>

<!--汇总信息-->
<div class="summary">
    <p class="text-left text-success">测试结果汇总</p>
    <div class="left">
        <ul class="list-group">
            <li class="list-group-item">
                <button type="button" class="btn btn-success">测试人员</button>
                <span class="text-dark">lql</span>
            </li>
            <li class="list-group-item">
                <button type="button" class="btn btn-success">开始时间</button>
                <span class="text-dark">2025-08-28 18:02:08</span>
            </li>
            <li class="list-group-item">
                <button type="button" class="btn btn-success">执行时间</button>
                <span class="text-dark">713.67 S</span>
            </li>
            <li class="list-group-item">
                <button type="button" class="btn btn-success">用例总数</button>
                <span class="text-dark">47</span>
            </li>


        </ul>
    </div>
    <div class="right">
        <ul class="list-group">

            <li class="list-group-item">
                <button type="button" class="btn btn-success">成功用例</button>
                <span class="text-success">23</span>
            </li>
            <li class="list-group-item">
                <button type="button" class="btn btn-warning">失败用例</button>
                <span class="text-warning">23</span>
            </li>
            <li class="list-group-item">
                <button type="button" class="btn btn-danger">错误用例</button>
                <span class="text-danger">1</span>
            </li>
            <li class="list-group-item">
                <button type="button" class="btn btn-secondary">跳过用例</button>
                <span class="text-secondary">0</span>
            </li>
        </ul>
    </div>
    <div class="desc">
        <ul class="list-group">
            <li class="list-group-item">
                <button type="button" class="btn btn-success">描述信息</button>
                <span class="text-secondary">android UI测试</span>
            </li>
        </ul>
    </div>


</div>

<!--测试图表-->
<div class="char">
    <p class="text-left text-success">图表展示</p>
    <div id="char2" style="width: 49%;height: 400px;float: left"></div>
    <div id="char" style="width: 49%;height: 400px ;float: left"></div>
</div>

<!--详细信息-->
<div class="test_info">

    <p class="text-left text-success">详细信息</p>
    <div class="table_data">

        <table class="table">
            <thead class="bg-success text-light">
            <tr>
                <th scope="col" style="width: 5%;padding: 0">编号</th>
                <th scope="col" style="width: 20%;padding: 0">
                    <span>测试类</span>
                    <select id="testClass">
                        <option>所有</option>
                        
                            <option>TestUniversal</option>
                        
                    </select>

                </th>

                <th scope="col" style="width: 15%;padding: 0">测试方法</th>
                <th scope="col" style="width: 20%;padding: 0">用例描述</th>
                <th scope="col" style="width: 15%;padding: 0">执行时间</th>
                <th scope="col" style="width: 20%;padding: 0">

                    <span>执行结果</span>
                    <select id="testResult">
                        <option>所有</option>
                        <option class="text-success">成功</option>
                        <option class="text-warning">失败</option>
                        <option class="text-danger">错误</option>
                        <option class="text-info">跳过</option>
                    </select>

                </th>
                <th scope="col" style="width: 10%;padding: 0">详细信息</th>
            </tr>
            </thead>
            <tbody>
            
                <tr>
                    <td>1</td>
                    <td class="TestUniversal">TestUniversal</td>
                    <td>test_community_cocreate</td>
                    <td>社区-cocreate</td>
                    <td>2.42s</td>
                    
                        <td class="text-success">成功</td>
                    
                    <td>
                        <button type="button" class="btn btn-success btn_info">查看详情</button>
                    </td>
                </tr>

                <tr class="test_log">

                    <td colspan="7" class="small text-muted" style=" word-wrap:break-word; word-break:break-all">
                        

                            <pre>没有获取到ini文件value值
test_community_cocreate (universal_test_for_all_device.TestUniversal)执行——>【通过】
</pre>
                        
                        
                    </td>
                </tr>
            
                <tr>
                    <td>2</td>
                    <td class="TestUniversal">TestUniversal</td>
                    <td>test_community_event</td>
                    <td>社区-event</td>
                    <td>2.37s</td>
                    
                        <td class="text-success">成功</td>
                    
                    <td>
                        <button type="button" class="btn btn-success btn_info">查看详情</button>
                    </td>
                </tr>

                <tr class="test_log">

                    <td colspan="7" class="small text-muted" style=" word-wrap:break-word; word-break:break-all">
                        

                            <pre>没有获取到ini文件value值
test_community_event (universal_test_for_all_device.TestUniversal)执行——>【通过】
</pre>
                        
                        
                    </td>
                </tr>
            
                <tr>
                    <td>3</td>
                    <td class="TestUniversal">TestUniversal</td>
                    <td>test_community_life</td>
                    <td>社区-life</td>
                    <td>2.37s</td>
                    
                        <td class="text-success">成功</td>
                    
                    <td>
                        <button type="button" class="btn btn-success btn_info">查看详情</button>
                    </td>
                </tr>

                <tr class="test_log">

                    <td colspan="7" class="small text-muted" style=" word-wrap:break-word; word-break:break-all">
                        

                            <pre>没有获取到ini文件value值
test_community_life (universal_test_for_all_device.TestUniversal)执行——>【通过】
</pre>
                        
                        
                    </td>
                </tr>
            
                <tr>
                    <td>4</td>
                    <td class="TestUniversal">TestUniversal</td>
                    <td>test_community_main_page</td>
                    <td>社区</td>
                    <td>2.38s</td>
                    
                        <td class="text-danger">错误</td>
                    
                    <td>
                        <button type="button" class="btn btn-success btn_info">查看详情</button>
                    </td>
                </tr>

                <tr class="test_log">

                    <td colspan="7" class="small text-muted" style=" word-wrap:break-word; word-break:break-all">
                        

                            <pre>Traceback (most recent call last):
</pre>
                        

                            <pre>  File "C:\Users\admin\AppData\Local\Programs\Python\Python39\lib\unittest\case.py", line 59, in testPartExecutor
    yield
</pre>
                        

                            <pre>  File "C:\Users\admin\AppData\Local\Programs\Python\Python39\lib\unittest\case.py", line 593, in run
    self._callTestMethod(testMethod)
</pre>
                        

                            <pre>  File "C:\Users\admin\AppData\Local\Programs\Python\Python39\lib\unittest\case.py", line 550, in _callTestMethod
    method()
</pre>
                        

                            <pre>  File "D:\pythonProjects\blu-test\ui_android\universal_test_for_all_device.py", line 912, in test_community_main_page
    assert_ele_is_exist("社区", "消息")
</pre>
                        

                            <pre>  File "D:\pythonProjects\blu-test\common_android\assert_methods.py", line 44, in assert_ele_is_exist
    assert_equal(ele.exists(), is_exist, f"《{section}》页面《{key}》元素存在性为{is_exist}")
</pre>
                        

                            <pre>AttributeError: 'NoneType' object has no attribute 'exists'
</pre>
                        

                            <pre>没有获取到ini文件value值
没有获取到ini文件value值
test_community_main_page (universal_test_for_all_device.TestUniversal)执行——>【错误Error】
</pre>
                        
                        
                    </td>
                </tr>
            
                <tr>
                    <td>5</td>
                    <td class="TestUniversal">TestUniversal</td>
                    <td>test_community_message</td>
                    <td>社区-消息</td>
                    <td>2.44s</td>
                    
                        <td class="text-success">成功</td>
                    
                    <td>
                        <button type="button" class="btn btn-success btn_info">查看详情</button>
                    </td>
                </tr>

                <tr class="test_log">

                    <td colspan="7" class="small text-muted" style=" word-wrap:break-word; word-break:break-all">
                        

                            <pre>没有获取到ini文件value值
test_community_message (universal_test_for_all_device.TestUniversal)执行——>【通过】
</pre>
                        
                        
                    </td>
                </tr>
            
                <tr>
                    <td>6</td>
                    <td class="TestUniversal">TestUniversal</td>
                    <td>test_community_news</td>
                    <td>社区-news</td>
                    <td>2.27s</td>
                    
                        <td class="text-success">成功</td>
                    
                    <td>
                        <button type="button" class="btn btn-success btn_info">查看详情</button>
                    </td>
                </tr>

                <tr class="test_log">

                    <td colspan="7" class="small text-muted" style=" word-wrap:break-word; word-break:break-all">
                        

                            <pre>没有获取到ini文件value值
test_community_news (universal_test_for_all_device.TestUniversal)执行——>【通过】
</pre>
                        
                        
                    </td>
                </tr>
            
                <tr>
                    <td>7</td>
                    <td class="TestUniversal">TestUniversal</td>
                    <td>test_community_search</td>
                    <td>社区-搜索</td>
                    <td>2.83s</td>
                    
                        <td class="text-success">成功</td>
                    
                    <td>
                        <button type="button" class="btn btn-success btn_info">查看详情</button>
                    </td>
                </tr>

                <tr class="test_log">

                    <td colspan="7" class="small text-muted" style=" word-wrap:break-word; word-break:break-all">
                        

                            <pre>没有获取到ini文件value值
test_community_search (universal_test_for_all_device.TestUniversal)执行——>【通过】
</pre>
                        
                        
                    </td>
                </tr>
            
                <tr>
                    <td>8</td>
                    <td class="TestUniversal">TestUniversal</td>
                    <td>test_community_user_center</td>
                    <td>社区-用户中心</td>
                    <td>2.37s</td>
                    
                        <td class="text-success">成功</td>
                    
                    <td>
                        <button type="button" class="btn btn-success btn_info">查看详情</button>
                    </td>
                </tr>

                <tr class="test_log">

                    <td colspan="7" class="small text-muted" style=" word-wrap:break-word; word-break:break-all">
                        

                            <pre>没有获取到ini文件value值
test_community_user_center (universal_test_for_all_device.TestUniversal)执行——>【通过】
</pre>
                        
                        
                    </td>
                </tr>
            
                <tr>
                    <td>9</td>
                    <td class="TestUniversal">TestUniversal</td>
                    <td>test_home_about_bluetti</td>
                    <td>首页-关于我们</td>
                    <td>16.7s</td>
                    
                        <td class="text-warning">失败</td>
                    
                    <td>
                        <button type="button" class="btn btn-success btn_info">查看详情</button>
                    </td>
                </tr>

                <tr class="test_log">

                    <td colspan="7" class="small text-muted" style=" word-wrap:break-word; word-break:break-all">
                        

                            <pre>D:\pythonProjects\blu-test\.venv\lib\site-packages\airtest\core\android\cap_methods\adbcap.py:10: UserWarning: Currently using ADB screenshots, the efficiency may be very low.
  warnings.warn("Currently using ADB screenshots, the efficiency may be very low.")
test_home_about_bluetti (universal_test_for_all_device.TestUniversal)执行——>【失败】
</pre>
                        

                            <pre>Traceback (most recent call last):
</pre>
                        

                            <pre>  File "C:\Users\admin\AppData\Local\Programs\Python\Python39\lib\unittest\case.py", line 59, in testPartExecutor
    yield
</pre>
                        

                            <pre>  File "C:\Users\admin\AppData\Local\Programs\Python\Python39\lib\unittest\case.py", line 593, in run
    self._callTestMethod(testMethod)
</pre>
                        

                            <pre>  File "C:\Users\admin\AppData\Local\Programs\Python\Python39\lib\unittest\case.py", line 550, in _callTestMethod
    method()
</pre>
                        

                            <pre>  File "D:\pythonProjects\blu-test\ui_android\universal_test_for_all_device.py", line 1038, in test_home_about_bluetti
    assert_ele_is_exist("关于我们", "标题")
</pre>
                        

                            <pre>  File "D:\pythonProjects\blu-test\common_android\assert_methods.py", line 44, in assert_ele_is_exist
    assert_equal(ele.exists(), is_exist, f"《{section}》页面《{key}》元素存在性为{is_exist}")
</pre>
                        

                            <pre>  File "D:\pythonProjects\blu-test\.venv\lib\site-packages\airtest\utils\logwraper.py", line 134, in wrapper
    res = f(*args, **kwargs)
</pre>
                        

                            <pre>  File "D:\pythonProjects\blu-test\.venv\lib\site-packages\airtest\core\assertions.py", line 69, in assert_equal
    assert first == second, "%s and %s are not equal, message: %s" % (first, second, msg)
</pre>
                        

                            <pre>AssertionError: False and True are not equal, message: 《关于我们》页面《标题》元素存在性为True
</pre>
                        
                        
                    </td>
                </tr>
            
                <tr>
                    <td>10</td>
                    <td class="TestUniversal">TestUniversal</td>
                    <td>test_home_calculator</td>
                    <td>首页-选型推荐</td>
                    <td>20.8s</td>
                    
                        <td class="text-warning">失败</td>
                    
                    <td>
                        <button type="button" class="btn btn-success btn_info">查看详情</button>
                    </td>
                </tr>

                <tr class="test_log">

                    <td colspan="7" class="small text-muted" style=" word-wrap:break-word; word-break:break-all">
                        

                            <pre>test_home_calculator (universal_test_for_all_device.TestUniversal)执行——>【失败】
</pre>
                        

                            <pre>Traceback (most recent call last):
</pre>
                        

                            <pre>  File "C:\Users\admin\AppData\Local\Programs\Python\Python39\lib\unittest\case.py", line 59, in testPartExecutor
    yield
</pre>
                        

                            <pre>  File "C:\Users\admin\AppData\Local\Programs\Python\Python39\lib\unittest\case.py", line 593, in run
    self._callTestMethod(testMethod)
</pre>
                        

                            <pre>  File "C:\Users\admin\AppData\Local\Programs\Python\Python39\lib\unittest\case.py", line 550, in _callTestMethod
    method()
</pre>
                        

                            <pre>  File "D:\pythonProjects\blu-test\ui_android\universal_test_for_all_device.py", line 1001, in test_home_calculator
    assert_ele_is_exist("首页", "选型推荐")
</pre>
                        

                            <pre>  File "D:\pythonProjects\blu-test\common_android\assert_methods.py", line 44, in assert_ele_is_exist
    assert_equal(ele.exists(), is_exist, f"《{section}》页面《{key}》元素存在性为{is_exist}")
</pre>
                        

                            <pre>  File "D:\pythonProjects\blu-test\.venv\lib\site-packages\airtest\utils\logwraper.py", line 134, in wrapper
    res = f(*args, **kwargs)
</pre>
                        

                            <pre>  File "D:\pythonProjects\blu-test\.venv\lib\site-packages\airtest\core\assertions.py", line 69, in assert_equal
    assert first == second, "%s and %s are not equal, message: %s" % (first, second, msg)
</pre>
                        

                            <pre>AssertionError: False and True are not equal, message: 《首页》页面《选型推荐》元素存在性为True
</pre>
                        
                        
                    </td>
                </tr>
            
                <tr>
                    <td>11</td>
                    <td class="TestUniversal">TestUniversal</td>
                    <td>test_home_contact_us</td>
                    <td>首页-联系我们</td>
                    <td>11.9s</td>
                    
                        <td class="text-success">成功</td>
                    
                    <td>
                        <button type="button" class="btn btn-success btn_info">查看详情</button>
                    </td>
                </tr>

                <tr class="test_log">

                    <td colspan="7" class="small text-muted" style=" word-wrap:break-word; word-break:break-all">
                        

                            <pre>test_home_contact_us (universal_test_for_all_device.TestUniversal)执行——>【通过】
</pre>
                        
                        
                    </td>
                </tr>
            
                <tr>
                    <td>12</td>
                    <td class="TestUniversal">TestUniversal</td>
                    <td>test_home_guidelines</td>
                    <td>首页-用户指引</td>
                    <td>11.7s</td>
                    
                        <td class="text-success">成功</td>
                    
                    <td>
                        <button type="button" class="btn btn-success btn_info">查看详情</button>
                    </td>
                </tr>

                <tr class="test_log">

                    <td colspan="7" class="small text-muted" style=" word-wrap:break-word; word-break:break-all">
                        

                            <pre>test_home_guidelines (universal_test_for_all_device.TestUniversal)执行——>【通过】
</pre>
                        
                        
                    </td>
                </tr>
            
                <tr>
                    <td>13</td>
                    <td class="TestUniversal">TestUniversal</td>
                    <td>test_home_how_to_use</td>
                    <td>首页-how to use</td>
                    <td>15.1s</td>
                    
                        <td class="text-warning">失败</td>
                    
                    <td>
                        <button type="button" class="btn btn-success btn_info">查看详情</button>
                    </td>
                </tr>

                <tr class="test_log">

                    <td colspan="7" class="small text-muted" style=" word-wrap:break-word; word-break:break-all">
                        

                            <pre>test_home_how_to_use (universal_test_for_all_device.TestUniversal)执行——>【失败】
</pre>
                        

                            <pre>Traceback (most recent call last):
</pre>
                        

                            <pre>  File "C:\Users\admin\AppData\Local\Programs\Python\Python39\lib\unittest\case.py", line 59, in testPartExecutor
    yield
</pre>
                        

                            <pre>  File "C:\Users\admin\AppData\Local\Programs\Python\Python39\lib\unittest\case.py", line 593, in run
    self._callTestMethod(testMethod)
</pre>
                        

                            <pre>  File "C:\Users\admin\AppData\Local\Programs\Python\Python39\lib\unittest\case.py", line 550, in _callTestMethod
    method()
</pre>
                        

                            <pre>  File "D:\pythonProjects\blu-test\ui_android\universal_test_for_all_device.py", line 1067, in test_home_how_to_use
    assert_ele_is_exist("How-To-Use", "搜索框")
</pre>
                        

                            <pre>  File "D:\pythonProjects\blu-test\common_android\assert_methods.py", line 44, in assert_ele_is_exist
    assert_equal(ele.exists(), is_exist, f"《{section}》页面《{key}》元素存在性为{is_exist}")
</pre>
                        

                            <pre>  File "D:\pythonProjects\blu-test\.venv\lib\site-packages\airtest\utils\logwraper.py", line 134, in wrapper
    res = f(*args, **kwargs)
</pre>
                        

                            <pre>  File "D:\pythonProjects\blu-test\.venv\lib\site-packages\airtest\core\assertions.py", line 69, in assert_equal
    assert first == second, "%s and %s are not equal, message: %s" % (first, second, msg)
</pre>
                        

                            <pre>AssertionError: False and True are not equal, message: 《How-To-Use》页面《搜索框》元素存在性为True
</pre>
                        
                        
                    </td>
                </tr>
            
                <tr>
                    <td>14</td>
                    <td class="TestUniversal">TestUniversal</td>
                    <td>test_home_laaf</td>
                    <td>首页-LAAF</td>
                    <td>11.4s</td>
                    
                        <td class="text-warning">失败</td>
                    
                    <td>
                        <button type="button" class="btn btn-success btn_info">查看详情</button>
                    </td>
                </tr>

                <tr class="test_log">

                    <td colspan="7" class="small text-muted" style=" word-wrap:break-word; word-break:break-all">
                        

                            <pre>test_home_laaf (universal_test_for_all_device.TestUniversal)执行——>【失败】
</pre>
                        

                            <pre>Traceback (most recent call last):
</pre>
                        

                            <pre>  File "C:\Users\admin\AppData\Local\Programs\Python\Python39\lib\unittest\case.py", line 59, in testPartExecutor
    yield
</pre>
                        

                            <pre>  File "C:\Users\admin\AppData\Local\Programs\Python\Python39\lib\unittest\case.py", line 593, in run
    self._callTestMethod(testMethod)
</pre>
                        

                            <pre>  File "C:\Users\admin\AppData\Local\Programs\Python\Python39\lib\unittest\case.py", line 550, in _callTestMethod
    method()
</pre>
                        

                            <pre>  File "D:\pythonProjects\blu-test\ui_android\universal_test_for_all_device.py", line 1016, in test_home_laaf
    assert_ele_is_exist("LAAF", "LAAF说明标题")
</pre>
                        

                            <pre>  File "D:\pythonProjects\blu-test\common_android\assert_methods.py", line 44, in assert_ele_is_exist
    assert_equal(ele.exists(), is_exist, f"《{section}》页面《{key}》元素存在性为{is_exist}")
</pre>
                        

                            <pre>  File "D:\pythonProjects\blu-test\.venv\lib\site-packages\airtest\utils\logwraper.py", line 134, in wrapper
    res = f(*args, **kwargs)
</pre>
                        

                            <pre>  File "D:\pythonProjects\blu-test\.venv\lib\site-packages\airtest\core\assertions.py", line 69, in assert_equal
    assert first == second, "%s and %s are not equal, message: %s" % (first, second, msg)
</pre>
                        

                            <pre>AssertionError: False and True are not equal, message: 《LAAF》页面《LAAF说明标题》元素存在性为True
</pre>
                        
                        
                    </td>
                </tr>
            
                <tr>
                    <td>15</td>
                    <td class="TestUniversal">TestUniversal</td>
                    <td>test_home_main_page</td>
                    <td>首页</td>
                    <td>5.84s</td>
                    
                        <td class="text-warning">失败</td>
                    
                    <td>
                        <button type="button" class="btn btn-success btn_info">查看详情</button>
                    </td>
                </tr>

                <tr class="test_log">

                    <td colspan="7" class="small text-muted" style=" word-wrap:break-word; word-break:break-all">
                        

                            <pre>test_home_main_page (universal_test_for_all_device.TestUniversal)执行——>【失败】
</pre>
                        

                            <pre>Traceback (most recent call last):
</pre>
                        

                            <pre>  File "C:\Users\admin\AppData\Local\Programs\Python\Python39\lib\unittest\case.py", line 59, in testPartExecutor
    yield
</pre>
                        

                            <pre>  File "C:\Users\admin\AppData\Local\Programs\Python\Python39\lib\unittest\case.py", line 593, in run
    self._callTestMethod(testMethod)
</pre>
                        

                            <pre>  File "C:\Users\admin\AppData\Local\Programs\Python\Python39\lib\unittest\case.py", line 550, in _callTestMethod
    method()
</pre>
                        

                            <pre>  File "D:\pythonProjects\blu-test\ui_android\universal_test_for_all_device.py", line 980, in test_home_main_page
    assert_ele_is_exist("首页", "天气")
</pre>
                        

                            <pre>  File "D:\pythonProjects\blu-test\common_android\assert_methods.py", line 44, in assert_ele_is_exist
    assert_equal(ele.exists(), is_exist, f"《{section}》页面《{key}》元素存在性为{is_exist}")
</pre>
                        

                            <pre>  File "D:\pythonProjects\blu-test\.venv\lib\site-packages\airtest\utils\logwraper.py", line 134, in wrapper
    res = f(*args, **kwargs)
</pre>
                        

                            <pre>  File "D:\pythonProjects\blu-test\.venv\lib\site-packages\airtest\core\assertions.py", line 69, in assert_equal
    assert first == second, "%s and %s are not equal, message: %s" % (first, second, msg)
</pre>
                        

                            <pre>AssertionError: False and True are not equal, message: 《首页》页面《天气》元素存在性为True
</pre>
                        
                        
                    </td>
                </tr>
            
                <tr>
                    <td>16</td>
                    <td class="TestUniversal">TestUniversal</td>
                    <td>test_home_weather</td>
                    <td>首页-天气</td>
                    <td>5.14s</td>
                    
                        <td class="text-warning">失败</td>
                    
                    <td>
                        <button type="button" class="btn btn-success btn_info">查看详情</button>
                    </td>
                </tr>

                <tr class="test_log">

                    <td colspan="7" class="small text-muted" style=" word-wrap:break-word; word-break:break-all">
                        

                            <pre>test_home_weather (universal_test_for_all_device.TestUniversal)执行——>【失败】
</pre>
                        

                            <pre>Traceback (most recent call last):
</pre>
                        

                            <pre>  File "C:\Users\admin\AppData\Local\Programs\Python\Python39\lib\unittest\case.py", line 59, in testPartExecutor
    yield
</pre>
                        

                            <pre>  File "C:\Users\admin\AppData\Local\Programs\Python\Python39\lib\unittest\case.py", line 593, in run
    self._callTestMethod(testMethod)
</pre>
                        

                            <pre>  File "C:\Users\admin\AppData\Local\Programs\Python\Python39\lib\unittest\case.py", line 550, in _callTestMethod
    method()
</pre>
                        

                            <pre>  File "D:\pythonProjects\blu-test\ui_android\universal_test_for_all_device.py", line 991, in test_home_weather
    assert_ele_is_exist("首页", "天气关闭按钮")
</pre>
                        

                            <pre>  File "D:\pythonProjects\blu-test\common_android\assert_methods.py", line 44, in assert_ele_is_exist
    assert_equal(ele.exists(), is_exist, f"《{section}》页面《{key}》元素存在性为{is_exist}")
</pre>
                        

                            <pre>  File "D:\pythonProjects\blu-test\.venv\lib\site-packages\airtest\utils\logwraper.py", line 134, in wrapper
    res = f(*args, **kwargs)
</pre>
                        

                            <pre>  File "D:\pythonProjects\blu-test\.venv\lib\site-packages\airtest\core\assertions.py", line 69, in assert_equal
    assert first == second, "%s and %s are not equal, message: %s" % (first, second, msg)
</pre>
                        

                            <pre>AssertionError: False and True are not equal, message: 《首页》页面《天气关闭按钮》元素存在性为True
</pre>
                        
                        
                    </td>
                </tr>
            
                <tr>
                    <td>17</td>
                    <td class="TestUniversal">TestUniversal</td>
                    <td>test_me_address</td>
                    <td>我的-地址管理</td>
                    <td>48.2s</td>
                    
                        <td class="text-success">成功</td>
                    
                    <td>
                        <button type="button" class="btn btn-success btn_info">查看详情</button>
                    </td>
                </tr>

                <tr class="test_log">

                    <td colspan="7" class="small text-muted" style=" word-wrap:break-word; word-break:break-all">
                        

                            <pre>test_me_address (universal_test_for_all_device.TestUniversal)执行——>【通过】
</pre>
                        
                        
                    </td>
                </tr>
            
                <tr>
                    <td>18</td>
                    <td class="TestUniversal">TestUniversal</td>
                    <td>test_me_app_mark</td>
                    <td>我的-app评分</td>
                    <td>6.18s</td>
                    
                        <td class="text-success">成功</td>
                    
                    <td>
                        <button type="button" class="btn btn-success btn_info">查看详情</button>
                    </td>
                </tr>

                <tr class="test_log">

                    <td colspan="7" class="small text-muted" style=" word-wrap:break-word; word-break:break-all">
                        

                            <pre>test_me_app_mark (universal_test_for_all_device.TestUniversal)执行——>【通过】
</pre>
                        
                        
                    </td>
                </tr>
            
                <tr>
                    <td>19</td>
                    <td class="TestUniversal">TestUniversal</td>
                    <td>test_me_bluetti_star</td>
                    <td>我的-BLUETTI STAR</td>
                    <td>25.1s</td>
                    
                        <td class="text-success">成功</td>
                    
                    <td>
                        <button type="button" class="btn btn-success btn_info">查看详情</button>
                    </td>
                </tr>

                <tr class="test_log">

                    <td colspan="7" class="small text-muted" style=" word-wrap:break-word; word-break:break-all">
                        

                            <pre>test_me_bluetti_star (universal_test_for_all_device.TestUniversal)执行——>【通过】
</pre>
                        
                        
                    </td>
                </tr>
            
                <tr>
                    <td>20</td>
                    <td class="TestUniversal">TestUniversal</td>
                    <td>test_me_clear_cache</td>
                    <td>我的-清理缓存</td>
                    <td>15.1s</td>
                    
                        <td class="text-warning">失败</td>
                    
                    <td>
                        <button type="button" class="btn btn-success btn_info">查看详情</button>
                    </td>
                </tr>

                <tr class="test_log">

                    <td colspan="7" class="small text-muted" style=" word-wrap:break-word; word-break:break-all">
                        

                            <pre>test_me_clear_cache (universal_test_for_all_device.TestUniversal)执行——>【失败】
</pre>
                        

                            <pre>Traceback (most recent call last):
</pre>
                        

                            <pre>  File "C:\Users\admin\AppData\Local\Programs\Python\Python39\lib\unittest\case.py", line 59, in testPartExecutor
    yield
</pre>
                        

                            <pre>  File "C:\Users\admin\AppData\Local\Programs\Python\Python39\lib\unittest\case.py", line 593, in run
    self._callTestMethod(testMethod)
</pre>
                        

                            <pre>  File "C:\Users\admin\AppData\Local\Programs\Python\Python39\lib\unittest\case.py", line 550, in _callTestMethod
    method()
</pre>
                        

                            <pre>  File "D:\pythonProjects\blu-test\ui_android\universal_test_for_all_device.py", line 341, in test_me_clear_cache
    assert_ele_text("清理缓存", "缓存数据量", "0.0M")
</pre>
                        

                            <pre>  File "D:\pythonProjects\blu-test\common_android\assert_methods.py", line 59, in assert_ele_text
    assert_equal(ele_text,txt,f"《{section}》页面《{key}》元素文本是{txt}")
</pre>
                        

                            <pre>  File "D:\pythonProjects\blu-test\.venv\lib\site-packages\airtest\utils\logwraper.py", line 134, in wrapper
    res = f(*args, **kwargs)
</pre>
                        

                            <pre>  File "D:\pythonProjects\blu-test\.venv\lib\site-packages\airtest\core\assertions.py", line 69, in assert_equal
    assert first == second, "%s and %s are not equal, message: %s" % (first, second, msg)
</pre>
                        

                            <pre>AssertionError: None and 0.0M are not equal, message: 《清理缓存》页面《缓存数据量》元素文本是0.0M
</pre>
                        
                        
                    </td>
                </tr>
            
                <tr>
                    <td>21</td>
                    <td class="TestUniversal">TestUniversal</td>
                    <td>test_me_feedback</td>
                    <td>我的-问题反馈</td>
                    <td>42.9s</td>
                    
                        <td class="text-warning">失败</td>
                    
                    <td>
                        <button type="button" class="btn btn-success btn_info">查看详情</button>
                    </td>
                </tr>

                <tr class="test_log">

                    <td colspan="7" class="small text-muted" style=" word-wrap:break-word; word-break:break-all">
                        

                            <pre>test_me_feedback (universal_test_for_all_device.TestUniversal)执行——>【失败】
</pre>
                        

                            <pre>Traceback (most recent call last):
</pre>
                        

                            <pre>  File "C:\Users\admin\AppData\Local\Programs\Python\Python39\lib\unittest\case.py", line 59, in testPartExecutor
    yield
</pre>
                        

                            <pre>  File "C:\Users\admin\AppData\Local\Programs\Python\Python39\lib\unittest\case.py", line 593, in run
    self._callTestMethod(testMethod)
</pre>
                        

                            <pre>  File "C:\Users\admin\AppData\Local\Programs\Python\Python39\lib\unittest\case.py", line 550, in _callTestMethod
    method()
</pre>
                        

                            <pre>  File "D:\pythonProjects\blu-test\ui_android\universal_test_for_all_device.py", line 231, in test_me_feedback
    assert_ele_is_exist("国家地区", "搜索框")
</pre>
                        

                            <pre>  File "D:\pythonProjects\blu-test\common_android\assert_methods.py", line 44, in assert_ele_is_exist
    assert_equal(ele.exists(), is_exist, f"《{section}》页面《{key}》元素存在性为{is_exist}")
</pre>
                        

                            <pre>  File "D:\pythonProjects\blu-test\.venv\lib\site-packages\airtest\utils\logwraper.py", line 134, in wrapper
    res = f(*args, **kwargs)
</pre>
                        

                            <pre>  File "D:\pythonProjects\blu-test\.venv\lib\site-packages\airtest\core\assertions.py", line 69, in assert_equal
    assert first == second, "%s and %s are not equal, message: %s" % (first, second, msg)
</pre>
                        

                            <pre>AssertionError: False and True are not equal, message: 《国家地区》页面《搜索框》元素存在性为True
</pre>
                        
                        
                    </td>
                </tr>
            
                <tr>
                    <td>22</td>
                    <td class="TestUniversal">TestUniversal</td>
                    <td>test_me_installer</td>
                    <td>我的-安装商</td>
                    <td>22.4s</td>
                    
                        <td class="text-success">成功</td>
                    
                    <td>
                        <button type="button" class="btn btn-success btn_info">查看详情</button>
                    </td>
                </tr>

                <tr class="test_log">

                    <td colspan="7" class="small text-muted" style=" word-wrap:break-word; word-break:break-all">
                        

                            <pre>test_me_installer (universal_test_for_all_device.TestUniversal)执行——>【通过】
</pre>
                        
                        
                    </td>
                </tr>
            
                <tr>
                    <td>23</td>
                    <td class="TestUniversal">TestUniversal</td>
                    <td>test_me_lottery</td>
                    <td>我的-大转盘</td>
                    <td>14.1s</td>
                    
                        <td class="text-warning">失败</td>
                    
                    <td>
                        <button type="button" class="btn btn-success btn_info">查看详情</button>
                    </td>
                </tr>

                <tr class="test_log">

                    <td colspan="7" class="small text-muted" style=" word-wrap:break-word; word-break:break-all">
                        

                            <pre>test_me_lottery (universal_test_for_all_device.TestUniversal)执行——>【失败】
</pre>
                        

                            <pre>Traceback (most recent call last):
</pre>
                        

                            <pre>  File "C:\Users\admin\AppData\Local\Programs\Python\Python39\lib\unittest\case.py", line 59, in testPartExecutor
    yield
</pre>
                        

                            <pre>  File "C:\Users\admin\AppData\Local\Programs\Python\Python39\lib\unittest\case.py", line 593, in run
    self._callTestMethod(testMethod)
</pre>
                        

                            <pre>  File "C:\Users\admin\AppData\Local\Programs\Python\Python39\lib\unittest\case.py", line 550, in _callTestMethod
    method()
</pre>
                        

                            <pre>  File "D:\pythonProjects\blu-test\ui_android\universal_test_for_all_device.py", line 315, in test_me_lottery
    assert_ele_is_exist("大转盘", "活动规则")
</pre>
                        

                            <pre>  File "D:\pythonProjects\blu-test\common_android\assert_methods.py", line 44, in assert_ele_is_exist
    assert_equal(ele.exists(), is_exist, f"《{section}》页面《{key}》元素存在性为{is_exist}")
</pre>
                        

                            <pre>  File "D:\pythonProjects\blu-test\.venv\lib\site-packages\airtest\utils\logwraper.py", line 134, in wrapper
    res = f(*args, **kwargs)
</pre>
                        

                            <pre>  File "D:\pythonProjects\blu-test\.venv\lib\site-packages\airtest\core\assertions.py", line 69, in assert_equal
    assert first == second, "%s and %s are not equal, message: %s" % (first, second, msg)
</pre>
                        

                            <pre>AssertionError: False and True are not equal, message: 《大转盘》页面《活动规则》元素存在性为True
</pre>
                        
                        
                    </td>
                </tr>
            
                <tr>
                    <td>24</td>
                    <td class="TestUniversal">TestUniversal</td>
                    <td>test_me_loyalty_program</td>
                    <td>我的-loyalty_program</td>
                    <td>6.1s</td>
                    
                        <td class="text-warning">失败</td>
                    
                    <td>
                        <button type="button" class="btn btn-success btn_info">查看详情</button>
                    </td>
                </tr>

                <tr class="test_log">

                    <td colspan="7" class="small text-muted" style=" word-wrap:break-word; word-break:break-all">
                        

                            <pre>test_me_loyalty_program (universal_test_for_all_device.TestUniversal)执行——>【失败】
</pre>
                        

                            <pre>Traceback (most recent call last):
</pre>
                        

                            <pre>  File "C:\Users\admin\AppData\Local\Programs\Python\Python39\lib\unittest\case.py", line 59, in testPartExecutor
    yield
</pre>
                        

                            <pre>  File "C:\Users\admin\AppData\Local\Programs\Python\Python39\lib\unittest\case.py", line 593, in run
    self._callTestMethod(testMethod)
</pre>
                        

                            <pre>  File "C:\Users\admin\AppData\Local\Programs\Python\Python39\lib\unittest\case.py", line 550, in _callTestMethod
    method()
</pre>
                        

                            <pre>  File "D:\pythonProjects\blu-test\ui_android\universal_test_for_all_device.py", line 62, in test_me_loyalty_program
    assert_ele_is_exist("忠诚度计划", "标题")
</pre>
                        

                            <pre>  File "D:\pythonProjects\blu-test\common_android\assert_methods.py", line 44, in assert_ele_is_exist
    assert_equal(ele.exists(), is_exist, f"《{section}》页面《{key}》元素存在性为{is_exist}")
</pre>
                        

                            <pre>  File "D:\pythonProjects\blu-test\.venv\lib\site-packages\airtest\utils\logwraper.py", line 134, in wrapper
    res = f(*args, **kwargs)
</pre>
                        

                            <pre>  File "D:\pythonProjects\blu-test\.venv\lib\site-packages\airtest\core\assertions.py", line 69, in assert_equal
    assert first == second, "%s and %s are not equal, message: %s" % (first, second, msg)
</pre>
                        

                            <pre>AssertionError: False and True are not equal, message: 《忠诚度计划》页面《标题》元素存在性为True
</pre>
                        
                        
                    </td>
                </tr>
            
                <tr>
                    <td>25</td>
                    <td class="TestUniversal">TestUniversal</td>
                    <td>test_me_main_page</td>
                    <td>我的</td>
                    <td>7.23s</td>
                    
                        <td class="text-success">成功</td>
                    
                    <td>
                        <button type="button" class="btn btn-success btn_info">查看详情</button>
                    </td>
                </tr>

                <tr class="test_log">

                    <td colspan="7" class="small text-muted" style=" word-wrap:break-word; word-break:break-all">
                        

                            <pre>test_me_main_page (universal_test_for_all_device.TestUniversal)执行——>【通过】
</pre>
                        
                        
                    </td>
                </tr>
            
                <tr>
                    <td>26</td>
                    <td class="TestUniversal">TestUniversal</td>
                    <td>test_me_my_account</td>
                    <td>我的-我的账户</td>
                    <td>8.84s</td>
                    
                        <td class="text-warning">失败</td>
                    
                    <td>
                        <button type="button" class="btn btn-success btn_info">查看详情</button>
                    </td>
                </tr>

                <tr class="test_log">

                    <td colspan="7" class="small text-muted" style=" word-wrap:break-word; word-break:break-all">
                        

                            <pre>test_me_my_account (universal_test_for_all_device.TestUniversal)执行——>【失败】
</pre>
                        

                            <pre>Traceback (most recent call last):
</pre>
                        

                            <pre>  File "C:\Users\admin\AppData\Local\Programs\Python\Python39\lib\unittest\case.py", line 59, in testPartExecutor
    yield
</pre>
                        

                            <pre>  File "C:\Users\admin\AppData\Local\Programs\Python\Python39\lib\unittest\case.py", line 593, in run
    self._callTestMethod(testMethod)
</pre>
                        

                            <pre>  File "C:\Users\admin\AppData\Local\Programs\Python\Python39\lib\unittest\case.py", line 550, in _callTestMethod
    method()
</pre>
                        

                            <pre>  File "D:\pythonProjects\blu-test\ui_android\universal_test_for_all_device.py", line 88, in test_me_my_account
    assert_ele_is_exist("我的账户", "安全中心")
</pre>
                        

                            <pre>  File "D:\pythonProjects\blu-test\common_android\assert_methods.py", line 44, in assert_ele_is_exist
    assert_equal(ele.exists(), is_exist, f"《{section}》页面《{key}》元素存在性为{is_exist}")
</pre>
                        

                            <pre>  File "D:\pythonProjects\blu-test\.venv\lib\site-packages\airtest\utils\logwraper.py", line 134, in wrapper
    res = f(*args, **kwargs)
</pre>
                        

                            <pre>  File "D:\pythonProjects\blu-test\.venv\lib\site-packages\airtest\core\assertions.py", line 69, in assert_equal
    assert first == second, "%s and %s are not equal, message: %s" % (first, second, msg)
</pre>
                        

                            <pre>AssertionError: False and True are not equal, message: 《我的账户》页面《安全中心》元素存在性为True
</pre>
                        
                        
                    </td>
                </tr>
            
                <tr>
                    <td>27</td>
                    <td class="TestUniversal">TestUniversal</td>
                    <td>test_me_privacy_policy</td>
                    <td>我的-隐私政策</td>
                    <td>60.0s</td>
                    
                        <td class="text-success">成功</td>
                    
                    <td>
                        <button type="button" class="btn btn-success btn_info">查看详情</button>
                    </td>
                </tr>

                <tr class="test_log">

                    <td colspan="7" class="small text-muted" style=" word-wrap:break-word; word-break:break-all">
                        

                            <pre>test_me_privacy_policy (universal_test_for_all_device.TestUniversal)执行——>【通过】
</pre>
                        
                        
                    </td>
                </tr>
            
                <tr>
                    <td>28</td>
                    <td class="TestUniversal">TestUniversal</td>
                    <td>test_me_push</td>
                    <td>我的-push</td>
                    <td>5.31s</td>
                    
                        <td class="text-warning">失败</td>
                    
                    <td>
                        <button type="button" class="btn btn-success btn_info">查看详情</button>
                    </td>
                </tr>

                <tr class="test_log">

                    <td colspan="7" class="small text-muted" style=" word-wrap:break-word; word-break:break-all">
                        

                            <pre>test_me_push (universal_test_for_all_device.TestUniversal)执行——>【失败】
</pre>
                        

                            <pre>Traceback (most recent call last):
</pre>
                        

                            <pre>  File "C:\Users\admin\AppData\Local\Programs\Python\Python39\lib\unittest\case.py", line 59, in testPartExecutor
    yield
</pre>
                        

                            <pre>  File "C:\Users\admin\AppData\Local\Programs\Python\Python39\lib\unittest\case.py", line 593, in run
    self._callTestMethod(testMethod)
</pre>
                        

                            <pre>  File "C:\Users\admin\AppData\Local\Programs\Python\Python39\lib\unittest\case.py", line 550, in _callTestMethod
    method()
</pre>
                        

                            <pre>  File "D:\pythonProjects\blu-test\ui_android\universal_test_for_all_device.py", line 50, in test_me_push
    assert_ele_is_exist("push消息列表", "我的消息")
</pre>
                        

                            <pre>  File "D:\pythonProjects\blu-test\common_android\assert_methods.py", line 44, in assert_ele_is_exist
    assert_equal(ele.exists(), is_exist, f"《{section}》页面《{key}》元素存在性为{is_exist}")
</pre>
                        

                            <pre>  File "D:\pythonProjects\blu-test\.venv\lib\site-packages\airtest\utils\logwraper.py", line 134, in wrapper
    res = f(*args, **kwargs)
</pre>
                        

                            <pre>  File "D:\pythonProjects\blu-test\.venv\lib\site-packages\airtest\core\assertions.py", line 69, in assert_equal
    assert first == second, "%s and %s are not equal, message: %s" % (first, second, msg)
</pre>
                        

                            <pre>AssertionError: False and True are not equal, message: 《push消息列表》页面《我的消息》元素存在性为True
</pre>
                        
                        
                    </td>
                </tr>
            
                <tr>
                    <td>29</td>
                    <td class="TestUniversal">TestUniversal</td>
                    <td>test_me_referral_rewards</td>
                    <td>我的-引荐计划</td>
                    <td>8.8s</td>
                    
                        <td class="text-warning">失败</td>
                    
                    <td>
                        <button type="button" class="btn btn-success btn_info">查看详情</button>
                    </td>
                </tr>

                <tr class="test_log">

                    <td colspan="7" class="small text-muted" style=" word-wrap:break-word; word-break:break-all">
                        

                            <pre>test_me_referral_rewards (universal_test_for_all_device.TestUniversal)执行——>【失败】
</pre>
                        

                            <pre>Traceback (most recent call last):
</pre>
                        

                            <pre>  File "C:\Users\admin\AppData\Local\Programs\Python\Python39\lib\unittest\case.py", line 59, in testPartExecutor
    yield
</pre>
                        

                            <pre>  File "C:\Users\admin\AppData\Local\Programs\Python\Python39\lib\unittest\case.py", line 593, in run
    self._callTestMethod(testMethod)
</pre>
                        

                            <pre>  File "C:\Users\admin\AppData\Local\Programs\Python\Python39\lib\unittest\case.py", line 550, in _callTestMethod
    method()
</pre>
                        

                            <pre>  File "D:\pythonProjects\blu-test\ui_android\universal_test_for_all_device.py", line 188, in test_me_referral_rewards
    assert_ele_is_exist("引荐计划", "标题")
</pre>
                        

                            <pre>  File "D:\pythonProjects\blu-test\common_android\assert_methods.py", line 44, in assert_ele_is_exist
    assert_equal(ele.exists(), is_exist, f"《{section}》页面《{key}》元素存在性为{is_exist}")
</pre>
                        

                            <pre>  File "D:\pythonProjects\blu-test\.venv\lib\site-packages\airtest\utils\logwraper.py", line 134, in wrapper
    res = f(*args, **kwargs)
</pre>
                        

                            <pre>  File "D:\pythonProjects\blu-test\.venv\lib\site-packages\airtest\core\assertions.py", line 69, in assert_equal
    assert first == second, "%s and %s are not equal, message: %s" % (first, second, msg)
</pre>
                        

                            <pre>AssertionError: False and True are not equal, message: 《引荐计划》页面《标题》元素存在性为True
</pre>
                        
                        
                    </td>
                </tr>
            
                <tr>
                    <td>30</td>
                    <td class="TestUniversal">TestUniversal</td>
                    <td>test_me_setting</td>
                    <td>我的-通用设置</td>
                    <td>19.9s</td>
                    
                        <td class="text-warning">失败</td>
                    
                    <td>
                        <button type="button" class="btn btn-success btn_info">查看详情</button>
                    </td>
                </tr>

                <tr class="test_log">

                    <td colspan="7" class="small text-muted" style=" word-wrap:break-word; word-break:break-all">
                        

                            <pre>test_me_setting (universal_test_for_all_device.TestUniversal)执行——>【失败】
</pre>
                        

                            <pre>Traceback (most recent call last):
</pre>
                        

                            <pre>  File "C:\Users\admin\AppData\Local\Programs\Python\Python39\lib\unittest\case.py", line 59, in testPartExecutor
    yield
</pre>
                        

                            <pre>  File "C:\Users\admin\AppData\Local\Programs\Python\Python39\lib\unittest\case.py", line 593, in run
    self._callTestMethod(testMethod)
</pre>
                        

                            <pre>  File "C:\Users\admin\AppData\Local\Programs\Python\Python39\lib\unittest\case.py", line 550, in _callTestMethod
    method()
</pre>
                        

                            <pre>  File "D:\pythonProjects\blu-test\ui_android\universal_test_for_all_device.py", line 387, in test_me_setting
    assert_ele_is_exist("字体大小", "大")
</pre>
                        

                            <pre>  File "D:\pythonProjects\blu-test\common_android\assert_methods.py", line 44, in assert_ele_is_exist
    assert_equal(ele.exists(), is_exist, f"《{section}》页面《{key}》元素存在性为{is_exist}")
</pre>
                        

                            <pre>  File "D:\pythonProjects\blu-test\.venv\lib\site-packages\airtest\utils\logwraper.py", line 134, in wrapper
    res = f(*args, **kwargs)
</pre>
                        

                            <pre>  File "D:\pythonProjects\blu-test\.venv\lib\site-packages\airtest\core\assertions.py", line 69, in assert_equal
    assert first == second, "%s and %s are not equal, message: %s" % (first, second, msg)
</pre>
                        

                            <pre>AssertionError: False and True are not equal, message: 《字体大小》页面《大》元素存在性为True
</pre>
                        
                        
                    </td>
                </tr>
            
                <tr>
                    <td>31</td>
                    <td class="TestUniversal">TestUniversal</td>
                    <td>test_me_sign</td>
                    <td>我的-签到</td>
                    <td>10.7s</td>
                    
                        <td class="text-warning">失败</td>
                    
                    <td>
                        <button type="button" class="btn btn-success btn_info">查看详情</button>
                    </td>
                </tr>

                <tr class="test_log">

                    <td colspan="7" class="small text-muted" style=" word-wrap:break-word; word-break:break-all">
                        

                            <pre>test_me_sign (universal_test_for_all_device.TestUniversal)执行——>【失败】
</pre>
                        

                            <pre>Traceback (most recent call last):
</pre>
                        

                            <pre>  File "C:\Users\admin\AppData\Local\Programs\Python\Python39\lib\unittest\case.py", line 59, in testPartExecutor
    yield
</pre>
                        

                            <pre>  File "C:\Users\admin\AppData\Local\Programs\Python\Python39\lib\unittest\case.py", line 593, in run
    self._callTestMethod(testMethod)
</pre>
                        

                            <pre>  File "C:\Users\admin\AppData\Local\Programs\Python\Python39\lib\unittest\case.py", line 550, in _callTestMethod
    method()
</pre>
                        

                            <pre>  File "D:\pythonProjects\blu-test\ui_android\universal_test_for_all_device.py", line 276, in test_me_sign
    assert_ele_is_exist("签到", "签到")
</pre>
                        

                            <pre>  File "D:\pythonProjects\blu-test\common_android\assert_methods.py", line 44, in assert_ele_is_exist
    assert_equal(ele.exists(), is_exist, f"《{section}》页面《{key}》元素存在性为{is_exist}")
</pre>
                        

                            <pre>  File "D:\pythonProjects\blu-test\.venv\lib\site-packages\airtest\utils\logwraper.py", line 134, in wrapper
    res = f(*args, **kwargs)
</pre>
                        

                            <pre>  File "D:\pythonProjects\blu-test\.venv\lib\site-packages\airtest\core\assertions.py", line 69, in assert_equal
    assert first == second, "%s and %s are not equal, message: %s" % (first, second, msg)
</pre>
                        

                            <pre>AssertionError: False and True are not equal, message: 《签到》页面《签到》元素存在性为True
</pre>
                        
                        
                    </td>
                </tr>
            
                <tr>
                    <td>32</td>
                    <td class="TestUniversal">TestUniversal</td>
                    <td>test_me_subscribe</td>
                    <td>我的-订阅品牌</td>
                    <td>25.6s</td>
                    
                        <td class="text-success">成功</td>
                    
                    <td>
                        <button type="button" class="btn btn-success btn_info">查看详情</button>
                    </td>
                </tr>

                <tr class="test_log">

                    <td colspan="7" class="small text-muted" style=" word-wrap:break-word; word-break:break-all">
                        

                            <pre>test_me_subscribe (universal_test_for_all_device.TestUniversal)执行——>【通过】
</pre>
                        
                        
                    </td>
                </tr>
            
                <tr>
                    <td>33</td>
                    <td class="TestUniversal">TestUniversal</td>
                    <td>test_me_user_agreement</td>
                    <td>我的-用户协议</td>
                    <td>93.8s</td>
                    
                        <td class="text-success">成功</td>
                    
                    <td>
                        <button type="button" class="btn btn-success btn_info">查看详情</button>
                    </td>
                </tr>

                <tr class="test_log">

                    <td colspan="7" class="small text-muted" style=" word-wrap:break-word; word-break:break-all">
                        

                            <pre>test_me_user_agreement (universal_test_for_all_device.TestUniversal)执行——>【通过】
</pre>
                        
                        
                    </td>
                </tr>
            
                <tr>
                    <td>34</td>
                    <td class="TestUniversal">TestUniversal</td>
                    <td>test_service_contact_us</td>
                    <td>服务-联系我们</td>
                    <td>10.4s</td>
                    
                        <td class="text-warning">失败</td>
                    
                    <td>
                        <button type="button" class="btn btn-success btn_info">查看详情</button>
                    </td>
                </tr>

                <tr class="test_log">

                    <td colspan="7" class="small text-muted" style=" word-wrap:break-word; word-break:break-all">
                        

                            <pre>test_service_contact_us (universal_test_for_all_device.TestUniversal)执行——>【失败】
</pre>
                        

                            <pre>Traceback (most recent call last):
</pre>
                        

                            <pre>  File "C:\Users\admin\AppData\Local\Programs\Python\Python39\lib\unittest\case.py", line 59, in testPartExecutor
    yield
</pre>
                        

                            <pre>  File "C:\Users\admin\AppData\Local\Programs\Python\Python39\lib\unittest\case.py", line 593, in run
    self._callTestMethod(testMethod)
</pre>
                        

                            <pre>  File "C:\Users\admin\AppData\Local\Programs\Python\Python39\lib\unittest\case.py", line 550, in _callTestMethod
    method()
</pre>
                        

                            <pre>  File "D:\pythonProjects\blu-test\ui_android\universal_test_for_all_device.py", line 756, in test_service_contact_us
    assert_ele_is_exist("联系我们", "全部分类")
</pre>
                        

                            <pre>  File "D:\pythonProjects\blu-test\common_android\assert_methods.py", line 44, in assert_ele_is_exist
    assert_equal(ele.exists(), is_exist, f"《{section}》页面《{key}》元素存在性为{is_exist}")
</pre>
                        

                            <pre>  File "D:\pythonProjects\blu-test\.venv\lib\site-packages\airtest\utils\logwraper.py", line 134, in wrapper
    res = f(*args, **kwargs)
</pre>
                        

                            <pre>  File "D:\pythonProjects\blu-test\.venv\lib\site-packages\airtest\core\assertions.py", line 69, in assert_equal
    assert first == second, "%s and %s are not equal, message: %s" % (first, second, msg)
</pre>
                        

                            <pre>AssertionError: False and True are not equal, message: 《联系我们》页面《全部分类》元素存在性为True
</pre>
                        
                        
                    </td>
                </tr>
            
                <tr>
                    <td>35</td>
                    <td class="TestUniversal">TestUniversal</td>
                    <td>test_service_extend_warranty</td>
                    <td>服务-延保服务</td>
                    <td>20.0s</td>
                    
                        <td class="text-warning">失败</td>
                    
                    <td>
                        <button type="button" class="btn btn-success btn_info">查看详情</button>
                    </td>
                </tr>

                <tr class="test_log">

                    <td colspan="7" class="small text-muted" style=" word-wrap:break-word; word-break:break-all">
                        

                            <pre>test_service_extend_warranty (universal_test_for_all_device.TestUniversal)执行——>【失败】
</pre>
                        

                            <pre>Traceback (most recent call last):
</pre>
                        

                            <pre>  File "C:\Users\admin\AppData\Local\Programs\Python\Python39\lib\unittest\case.py", line 59, in testPartExecutor
    yield
</pre>
                        

                            <pre>  File "C:\Users\admin\AppData\Local\Programs\Python\Python39\lib\unittest\case.py", line 593, in run
    self._callTestMethod(testMethod)
</pre>
                        

                            <pre>  File "C:\Users\admin\AppData\Local\Programs\Python\Python39\lib\unittest\case.py", line 550, in _callTestMethod
    method()
</pre>
                        

                            <pre>  File "D:\pythonProjects\blu-test\ui_android\universal_test_for_all_device.py", line 904, in test_service_extend_warranty
    assert_ele_is_exist("延保服务", "标题")
</pre>
                        

                            <pre>  File "D:\pythonProjects\blu-test\common_android\assert_methods.py", line 44, in assert_ele_is_exist
    assert_equal(ele.exists(), is_exist, f"《{section}》页面《{key}》元素存在性为{is_exist}")
</pre>
                        

                            <pre>  File "D:\pythonProjects\blu-test\.venv\lib\site-packages\airtest\utils\logwraper.py", line 134, in wrapper
    res = f(*args, **kwargs)
</pre>
                        

                            <pre>  File "D:\pythonProjects\blu-test\.venv\lib\site-packages\airtest\core\assertions.py", line 69, in assert_equal
    assert first == second, "%s and %s are not equal, message: %s" % (first, second, msg)
</pre>
                        

                            <pre>AssertionError: False and True are not equal, message: 《延保服务》页面《标题》元素存在性为True
</pre>
                        
                        
                    </td>
                </tr>
            
                <tr>
                    <td>36</td>
                    <td class="TestUniversal">TestUniversal</td>
                    <td>test_service_faq</td>
                    <td>服务-常见问题</td>
                    <td>9.96s</td>
                    
                        <td class="text-warning">失败</td>
                    
                    <td>
                        <button type="button" class="btn btn-success btn_info">查看详情</button>
                    </td>
                </tr>

                <tr class="test_log">

                    <td colspan="7" class="small text-muted" style=" word-wrap:break-word; word-break:break-all">
                        

                            <pre>test_service_faq (universal_test_for_all_device.TestUniversal)执行——>【失败】
</pre>
                        

                            <pre>Traceback (most recent call last):
</pre>
                        

                            <pre>  File "C:\Users\admin\AppData\Local\Programs\Python\Python39\lib\unittest\case.py", line 59, in testPartExecutor
    yield
</pre>
                        

                            <pre>  File "C:\Users\admin\AppData\Local\Programs\Python\Python39\lib\unittest\case.py", line 593, in run
    self._callTestMethod(testMethod)
</pre>
                        

                            <pre>  File "C:\Users\admin\AppData\Local\Programs\Python\Python39\lib\unittest\case.py", line 550, in _callTestMethod
    method()
</pre>
                        

                            <pre>  File "D:\pythonProjects\blu-test\ui_android\universal_test_for_all_device.py", line 506, in test_service_faq
    assert_ele_is_exist("常见问题", "搜索")
</pre>
                        

                            <pre>  File "D:\pythonProjects\blu-test\common_android\assert_methods.py", line 44, in assert_ele_is_exist
    assert_equal(ele.exists(), is_exist, f"《{section}》页面《{key}》元素存在性为{is_exist}")
</pre>
                        

                            <pre>  File "D:\pythonProjects\blu-test\.venv\lib\site-packages\airtest\utils\logwraper.py", line 134, in wrapper
    res = f(*args, **kwargs)
</pre>
                        

                            <pre>  File "D:\pythonProjects\blu-test\.venv\lib\site-packages\airtest\core\assertions.py", line 69, in assert_equal
    assert first == second, "%s and %s are not equal, message: %s" % (first, second, msg)
</pre>
                        

                            <pre>AssertionError: False and True are not equal, message: 《常见问题》页面《搜索》元素存在性为True
</pre>
                        
                        
                    </td>
                </tr>
            
                <tr>
                    <td>37</td>
                    <td class="TestUniversal">TestUniversal</td>
                    <td>test_service_feedback</td>
                    <td>服务-问题反馈</td>
                    <td>8.7s</td>
                    
                        <td class="text-success">成功</td>
                    
                    <td>
                        <button type="button" class="btn btn-success btn_info">查看详情</button>
                    </td>
                </tr>

                <tr class="test_log">

                    <td colspan="7" class="small text-muted" style=" word-wrap:break-word; word-break:break-all">
                        

                            <pre>test_service_feedback (universal_test_for_all_device.TestUniversal)执行——>【通过】
</pre>
                        
                        
                    </td>
                </tr>
            
                <tr>
                    <td>38</td>
                    <td class="TestUniversal">TestUniversal</td>
                    <td>test_service_guidelines</td>
                    <td>服务-用户指引</td>
                    <td>9.11s</td>
                    
                        <td class="text-warning">失败</td>
                    
                    <td>
                        <button type="button" class="btn btn-success btn_info">查看详情</button>
                    </td>
                </tr>

                <tr class="test_log">

                    <td colspan="7" class="small text-muted" style=" word-wrap:break-word; word-break:break-all">
                        

                            <pre>test_service_guidelines (universal_test_for_all_device.TestUniversal)执行——>【失败】
</pre>
                        

                            <pre>Traceback (most recent call last):
</pre>
                        

                            <pre>  File "C:\Users\admin\AppData\Local\Programs\Python\Python39\lib\unittest\case.py", line 59, in testPartExecutor
    yield
</pre>
                        

                            <pre>  File "C:\Users\admin\AppData\Local\Programs\Python\Python39\lib\unittest\case.py", line 593, in run
    self._callTestMethod(testMethod)
</pre>
                        

                            <pre>  File "C:\Users\admin\AppData\Local\Programs\Python\Python39\lib\unittest\case.py", line 550, in _callTestMethod
    method()
</pre>
                        

                            <pre>  File "D:\pythonProjects\blu-test\ui_android\universal_test_for_all_device.py", line 599, in test_service_guidelines
    assert_ele_is_exist("用户指引", "全部分类")
</pre>
                        

                            <pre>  File "D:\pythonProjects\blu-test\common_android\assert_methods.py", line 44, in assert_ele_is_exist
    assert_equal(ele.exists(), is_exist, f"《{section}》页面《{key}》元素存在性为{is_exist}")
</pre>
                        

                            <pre>  File "D:\pythonProjects\blu-test\.venv\lib\site-packages\airtest\utils\logwraper.py", line 134, in wrapper
    res = f(*args, **kwargs)
</pre>
                        

                            <pre>  File "D:\pythonProjects\blu-test\.venv\lib\site-packages\airtest\core\assertions.py", line 69, in assert_equal
    assert first == second, "%s and %s are not equal, message: %s" % (first, second, msg)
</pre>
                        

                            <pre>AssertionError: False and True are not equal, message: 《用户指引》页面《全部分类》元素存在性为True
</pre>
                        
                        
                    </td>
                </tr>
            
                <tr>
                    <td>39</td>
                    <td class="TestUniversal">TestUniversal</td>
                    <td>test_service_installation</td>
                    <td>服务-安装</td>
                    <td>15.6s</td>
                    
                        <td class="text-warning">失败</td>
                    
                    <td>
                        <button type="button" class="btn btn-success btn_info">查看详情</button>
                    </td>
                </tr>

                <tr class="test_log">

                    <td colspan="7" class="small text-muted" style=" word-wrap:break-word; word-break:break-all">
                        

                            <pre>test_service_installation (universal_test_for_all_device.TestUniversal)执行——>【失败】
</pre>
                        

                            <pre>Traceback (most recent call last):
</pre>
                        

                            <pre>  File "C:\Users\admin\AppData\Local\Programs\Python\Python39\lib\unittest\case.py", line 59, in testPartExecutor
    yield
</pre>
                        

                            <pre>  File "C:\Users\admin\AppData\Local\Programs\Python\Python39\lib\unittest\case.py", line 593, in run
    self._callTestMethod(testMethod)
</pre>
                        

                            <pre>  File "C:\Users\admin\AppData\Local\Programs\Python\Python39\lib\unittest\case.py", line 550, in _callTestMethod
    method()
</pre>
                        

                            <pre>  File "D:\pythonProjects\blu-test\ui_android\universal_test_for_all_device.py", line 834, in test_service_installation
    assert_ele_is_exist("地址管理", "新增地址")
</pre>
                        

                            <pre>  File "D:\pythonProjects\blu-test\common_android\assert_methods.py", line 44, in assert_ele_is_exist
    assert_equal(ele.exists(), is_exist, f"《{section}》页面《{key}》元素存在性为{is_exist}")
</pre>
                        

                            <pre>  File "D:\pythonProjects\blu-test\.venv\lib\site-packages\airtest\utils\logwraper.py", line 134, in wrapper
    res = f(*args, **kwargs)
</pre>
                        

                            <pre>  File "D:\pythonProjects\blu-test\.venv\lib\site-packages\airtest\core\assertions.py", line 69, in assert_equal
    assert first == second, "%s and %s are not equal, message: %s" % (first, second, msg)
</pre>
                        

                            <pre>AssertionError: False and True are not equal, message: 《地址管理》页面《新增地址》元素存在性为True
</pre>
                        
                        
                    </td>
                </tr>
            
                <tr>
                    <td>40</td>
                    <td class="TestUniversal">TestUniversal</td>
                    <td>test_service_main_page</td>
                    <td>服务</td>
                    <td>3.81s</td>
                    
                        <td class="text-success">成功</td>
                    
                    <td>
                        <button type="button" class="btn btn-success btn_info">查看详情</button>
                    </td>
                </tr>

                <tr class="test_log">

                    <td colspan="7" class="small text-muted" style=" word-wrap:break-word; word-break:break-all">
                        

                            <pre>test_service_main_page (universal_test_for_all_device.TestUniversal)执行——>【通过】
</pre>
                        
                        
                    </td>
                </tr>
            
                <tr>
                    <td>41</td>
                    <td class="TestUniversal">TestUniversal</td>
                    <td>test_service_maintenance</td>
                    <td>服务-维修</td>
                    <td>9.43s</td>
                    
                        <td class="text-success">成功</td>
                    
                    <td>
                        <button type="button" class="btn btn-success btn_info">查看详情</button>
                    </td>
                </tr>

                <tr class="test_log">

                    <td colspan="7" class="small text-muted" style=" word-wrap:break-word; word-break:break-all">
                        

                            <pre>test_service_maintenance (universal_test_for_all_device.TestUniversal)执行——>【通过】
</pre>
                        
                        
                    </td>
                </tr>
            
                <tr>
                    <td>42</td>
                    <td class="TestUniversal">TestUniversal</td>
                    <td>test_service_progress</td>
                    <td>服务-处理进度</td>
                    <td>12.5s</td>
                    
                        <td class="text-success">成功</td>
                    
                    <td>
                        <button type="button" class="btn btn-success btn_info">查看详情</button>
                    </td>
                </tr>

                <tr class="test_log">

                    <td colspan="7" class="small text-muted" style=" word-wrap:break-word; word-break:break-all">
                        

                            <pre>test_service_progress (universal_test_for_all_device.TestUniversal)执行——>【通过】
</pre>
                        
                        
                    </td>
                </tr>
            
                <tr>
                    <td>43</td>
                    <td class="TestUniversal">TestUniversal</td>
                    <td>test_service_refund</td>
                    <td>服务-退款政策</td>
                    <td>10.1s</td>
                    
                        <td class="text-success">成功</td>
                    
                    <td>
                        <button type="button" class="btn btn-success btn_info">查看详情</button>
                    </td>
                </tr>

                <tr class="test_log">

                    <td colspan="7" class="small text-muted" style=" word-wrap:break-word; word-break:break-all">
                        

                            <pre>test_service_refund (universal_test_for_all_device.TestUniversal)执行——>【通过】
</pre>
                        
                        
                    </td>
                </tr>
            
                <tr>
                    <td>44</td>
                    <td class="TestUniversal">TestUniversal</td>
                    <td>test_service_register_product</td>
                    <td>服务-产品登记</td>
                    <td>19.3s</td>
                    
                        <td class="text-warning">失败</td>
                    
                    <td>
                        <button type="button" class="btn btn-success btn_info">查看详情</button>
                    </td>
                </tr>

                <tr class="test_log">

                    <td colspan="7" class="small text-muted" style=" word-wrap:break-word; word-break:break-all">
                        

                            <pre>test_service_register_product (universal_test_for_all_device.TestUniversal)执行——>【失败】
</pre>
                        

                            <pre>Traceback (most recent call last):
</pre>
                        

                            <pre>  File "C:\Users\admin\AppData\Local\Programs\Python\Python39\lib\unittest\case.py", line 59, in testPartExecutor
    yield
</pre>
                        

                            <pre>  File "C:\Users\admin\AppData\Local\Programs\Python\Python39\lib\unittest\case.py", line 593, in run
    self._callTestMethod(testMethod)
</pre>
                        

                            <pre>  File "C:\Users\admin\AppData\Local\Programs\Python\Python39\lib\unittest\case.py", line 550, in _callTestMethod
    method()
</pre>
                        

                            <pre>  File "D:\pythonProjects\blu-test\ui_android\universal_test_for_all_device.py", line 894, in test_service_register_product
    assert_ele_is_exist("产品登记", "标题")
</pre>
                        

                            <pre>  File "D:\pythonProjects\blu-test\common_android\assert_methods.py", line 44, in assert_ele_is_exist
    assert_equal(ele.exists(), is_exist, f"《{section}》页面《{key}》元素存在性为{is_exist}")
</pre>
                        

                            <pre>  File "D:\pythonProjects\blu-test\.venv\lib\site-packages\airtest\utils\logwraper.py", line 134, in wrapper
    res = f(*args, **kwargs)
</pre>
                        

                            <pre>  File "D:\pythonProjects\blu-test\.venv\lib\site-packages\airtest\core\assertions.py", line 69, in assert_equal
    assert first == second, "%s and %s are not equal, message: %s" % (first, second, msg)
</pre>
                        

                            <pre>AssertionError: False and True are not equal, message: 《产品登记》页面《标题》元素存在性为True
</pre>
                        
                        
                    </td>
                </tr>
            
                <tr>
                    <td>45</td>
                    <td class="TestUniversal">TestUniversal</td>
                    <td>test_service_trade_in</td>
                    <td>服务-以旧换新</td>
                    <td>18.2s</td>
                    
                        <td class="text-warning">失败</td>
                    
                    <td>
                        <button type="button" class="btn btn-success btn_info">查看详情</button>
                    </td>
                </tr>

                <tr class="test_log">

                    <td colspan="7" class="small text-muted" style=" word-wrap:break-word; word-break:break-all">
                        

                            <pre>test_service_trade_in (universal_test_for_all_device.TestUniversal)执行——>【失败】
</pre>
                        

                            <pre>Traceback (most recent call last):
</pre>
                        

                            <pre>  File "C:\Users\admin\AppData\Local\Programs\Python\Python39\lib\unittest\case.py", line 59, in testPartExecutor
    yield
</pre>
                        

                            <pre>  File "C:\Users\admin\AppData\Local\Programs\Python\Python39\lib\unittest\case.py", line 593, in run
    self._callTestMethod(testMethod)
</pre>
                        

                            <pre>  File "C:\Users\admin\AppData\Local\Programs\Python\Python39\lib\unittest\case.py", line 550, in _callTestMethod
    method()
</pre>
                        

                            <pre>  File "D:\pythonProjects\blu-test\ui_android\universal_test_for_all_device.py", line 816, in test_service_trade_in
    assert_ele_is_exist("以旧换新", "标题")
</pre>
                        

                            <pre>  File "D:\pythonProjects\blu-test\common_android\assert_methods.py", line 44, in assert_ele_is_exist
    assert_equal(ele.exists(), is_exist, f"《{section}》页面《{key}》元素存在性为{is_exist}")
</pre>
                        

                            <pre>  File "D:\pythonProjects\blu-test\.venv\lib\site-packages\airtest\utils\logwraper.py", line 134, in wrapper
    res = f(*args, **kwargs)
</pre>
                        

                            <pre>  File "D:\pythonProjects\blu-test\.venv\lib\site-packages\airtest\core\assertions.py", line 69, in assert_equal
    assert first == second, "%s and %s are not equal, message: %s" % (first, second, msg)
</pre>
                        

                            <pre>AssertionError: False and True are not equal, message: 《以旧换新》页面《标题》元素存在性为True
</pre>
                        
                        
                    </td>
                </tr>
            
                <tr>
                    <td>46</td>
                    <td class="TestUniversal">TestUniversal</td>
                    <td>test_service_trouble_shooting</td>
                    <td>服务-故障排查</td>
                    <td>8.96s</td>
                    
                        <td class="text-warning">失败</td>
                    
                    <td>
                        <button type="button" class="btn btn-success btn_info">查看详情</button>
                    </td>
                </tr>

                <tr class="test_log">

                    <td colspan="7" class="small text-muted" style=" word-wrap:break-word; word-break:break-all">
                        

                            <pre>test_service_trouble_shooting (universal_test_for_all_device.TestUniversal)执行——>【失败】
</pre>
                        

                            <pre>Traceback (most recent call last):
</pre>
                        

                            <pre>  File "C:\Users\admin\AppData\Local\Programs\Python\Python39\lib\unittest\case.py", line 59, in testPartExecutor
    yield
</pre>
                        

                            <pre>  File "C:\Users\admin\AppData\Local\Programs\Python\Python39\lib\unittest\case.py", line 593, in run
    self._callTestMethod(testMethod)
</pre>
                        

                            <pre>  File "C:\Users\admin\AppData\Local\Programs\Python\Python39\lib\unittest\case.py", line 550, in _callTestMethod
    method()
</pre>
                        

                            <pre>  File "D:\pythonProjects\blu-test\ui_android\universal_test_for_all_device.py", line 673, in test_service_trouble_shooting
    assert_ele_is_exist("常见问题", "搜索")
</pre>
                        

                            <pre>  File "D:\pythonProjects\blu-test\common_android\assert_methods.py", line 44, in assert_ele_is_exist
    assert_equal(ele.exists(), is_exist, f"《{section}》页面《{key}》元素存在性为{is_exist}")
</pre>
                        

                            <pre>  File "D:\pythonProjects\blu-test\.venv\lib\site-packages\airtest\utils\logwraper.py", line 134, in wrapper
    res = f(*args, **kwargs)
</pre>
                        

                            <pre>  File "D:\pythonProjects\blu-test\.venv\lib\site-packages\airtest\core\assertions.py", line 69, in assert_equal
    assert first == second, "%s and %s are not equal, message: %s" % (first, second, msg)
</pre>
                        

                            <pre>AssertionError: False and True are not equal, message: 《常见问题》页面《搜索》元素存在性为True
</pre>
                        
                        
                    </td>
                </tr>
            
                <tr>
                    <td>47</td>
                    <td class="TestUniversal">TestUniversal</td>
                    <td>test_service_warranty</td>
                    <td>服务-保修政策</td>
                    <td>10.1s</td>
                    
                        <td class="text-success">成功</td>
                    
                    <td>
                        <button type="button" class="btn btn-success btn_info">查看详情</button>
                    </td>
                </tr>

                <tr class="test_log">

                    <td colspan="7" class="small text-muted" style=" word-wrap:break-word; word-break:break-all">
                        

                            <pre>test_service_warranty (universal_test_for_all_device.TestUniversal)执行——>【通过】
</pre>
                        
                        
                    </td>
                </tr>
            

            </tbody>
        </table>
    </div>

    <div style="height: 200px"></div>
</div>


<script>
    var tbodyTr = $('tbody tr');
    var testResult = $("#testResult");
    var testClass = $("#testClass");
    <!--    用例执行详细信息显示切换-->
    $(".btn_info").click(function () {
        $(this).parent().parent().next().toggle();

    });
    // 当选择用例类之后触发
    testClass.change(function () {
        var cls = $(this).val();
        var res = testResult.val();
        elementDisplay(cls, res);
        sort()
    });
    testResult.change(function () {
        var res = $(this).val();
        var cls = testClass.val();
        elementDisplay(cls, res);
        sort()
    });

    function elementDisplay(cls, res) {
        // 用例数据的显示
        if (cls === "所有") {
            if (res === "所有") {
                tbodyTr.has('button').show();
            } else if (res === '成功') {
                tbodyTr.hide();
                tbodyTr.has('button').has('.text-success').show()

            } else if (res === '失败') {
                tbodyTr.hide();
                tbodyTr.has('button').has('.text-warning').show()

            } else if (res === '错误') {
                tbodyTr.hide();
                tbodyTr.has('button').has('.text-danger').show()

            } else if (res === '跳过') {
                tbodyTr.hide();
                tbodyTr.has('button').has('.text-info').show()
            }
        } else {
            if (res === "所有") {
                tbodyTr.hide();
                tbodyTr.has('button').has('.' + cls + '').show()
            } else if (res === '成功') {
                tbodyTr.hide();
                tbodyTr.has('button').has('.' + cls + '').has('.text-success').show()
            } else if (res === '失败') {
                tbodyTr.hide();
                tbodyTr.has('button').has('.' + cls + '').has('.text-warning').show()
            } else if (res === '错误') {
                tbodyTr.hide();
                tbodyTr.has('button').has('.' + cls + '').has('.text-danger').show()
            } else if (res === '跳过') {
                tbodyTr.hide();
                tbodyTr.has('button').has('.' + cls + '').has('.text-info').show()
            }
        }
    }

    function sort() {
        //重新排列显示序号
        // 选择所有可以见的tr
        var visibleTr = tbodyTr.filter(":visible");

        visibleTr.each(function (index, element) {
            element.firstElementChild.innerHTML = index + 1;

        })

    }


</script>

<script type="text/javascript">
    // 基于准备好的dom，初始化echarts实例
    var myChart = echarts.init(document.getElementById('char'));
    var myChart2 = echarts.init(document.getElementById('char2'));
    // 指定图表的配置项和数据
    option = {
        color: ['#00a10a', '#ddb518', 'rgba(204,46,41,0.73)', '#85898c'],
        tooltip: {
            trigger: 'item',
            formatter: '{a} <br/>{b}: {c} ({d}%)'
        },
        legend: {
            orient: 'vertical',
            left: 10,
            data: ['通过', '失败', '错误', '跳过']
        },
        series: [
            {
                name: '测试结果',
                type: 'pie',
                radius: ['50%', '70%'],
                avoidLabelOverlap: false,
                label: {
                    show: false,
                    position: 'center'
                },
                emphasis: {
                    label: {
                        show: true,
                        fontSize: '30',
                        fontWeight: 'bold'
                    }
                },
                labelLine: {
                    show: false
                },
                data: [
                    {value: 23, name: '通过'},
                    {value: 23, name: '失败'},
                    {value: 1, name: '错误'},
                    {value: 0, name: '跳过'}
                ]
            }
        ]
    };
    option2 = {
        tooltip: {
            formatter: '{a} <br/>{b} : {c}%'
        },
        toolbox: {
            feature: {
                restore: {},
                saveAsImage: {}
            }
        },
        series: [
            {
                name: '测试结果',
                type: 'gauge',
                detail: {formatter: '48.94%'},
                data: [{value: '48.94', name: '用例通过率'}],
                axisLine: {
                    lineStyle: {
                        color: [
                            [0.2, '#c20000'],
                            [0.8, '#ddb518'],
                            [1, '#00a10a']]
                    }
                }
            }
        ]
    };


    myChart2.setOption(option2);
    // 使用刚指定的配置项和数据显示图表。
    myChart.setOption(option);
</script>


</body>
</html>