{"tag": "function", "depth": 1, "time": 1760682529.532765, "data": {"name": "connect_device", "call_args": {"uri": "ios:///http+usbmux://00008103-0005491036D9001E"}, "start_time": 1760682529.4781127, "traceback": "Traceback (most recent call last):\n  File \"D:\\pythonProjects\\blu-test\\.venv\\lib\\site-packages\\tidevice\\_device.py\", line 501, in start_service\n    return self._unsafe_start_service(name)\n  File \"D:\\pythonProjects\\blu-test\\.venv\\lib\\site-packages\\tidevice\\_device.py\", line 509, in _unsafe_start_service\n    with self.create_session() as _s:\n  File \"D:\\pythonProjects\\blu-test\\.venv\\lib\\site-packages\\tidevice\\_device.py\", line 300, in create_session\n    s = self.create_inner_connection()\n  File \"D:\\pythonProjects\\blu-test\\.venv\\lib\\site-packages\\tidevice\\_device.py\", line 286, in create_inner_connection\n    device_id = self.info.device_id\n  File \"D:\\pythonProjects\\blu-test\\.venv\\lib\\site-packages\\tidevice\\_device.py\", line 120, in info\n    raise MuxError(\"Device: {} not ready\".format(self._udid))\ntidevice.exceptions.MuxError: Device: 00008103-0005491036D9001E not ready\n\nDuring handling of the above exception, another exception occurred:\n\nTraceback (most recent call last):\n  File \"D:\\pythonProjects\\blu-test\\.venv\\lib\\site-packages\\airtest\\utils\\logwraper.py\", line 134, in wrapper\n    res = f(*args, **kwargs)\n  File \"D:\\pythonProjects\\blu-test\\.venv\\lib\\site-packages\\airtest\\core\\api.py\", line 74, in connect_device\n    dev = init_device(platform, uuid, **params)\n  File \"D:\\pythonProjects\\blu-test\\.venv\\lib\\site-packages\\airtest\\core\\api.py\", line 42, in init_device\n    dev = cls(uuid, **kwargs)\n  File \"D:\\pythonProjects\\blu-test\\.venv\\lib\\site-packages\\airtest\\core\\ios\\ios.py\", line 651, in __init__\n    self.driver = wda.USBClient(udid=self.udid, port=8100, wda_bundle_id=self.wda_bundle_id)\n  File \"D:\\pythonProjects\\blu-test\\.venv\\lib\\site-packages\\airtest\\core\\ios\\ios.py\", line 713, in wda_bundle_id\n    self._wda_bundle_id = self._get_default_wda_bundle_id()\n  File \"D:\\pythonProjects\\blu-test\\.venv\\lib\\site-packages\\airtest\\core\\ios\\ios.py\", line 693, in _get_default_wda_bundle_id\n    wda_list = TIDevice.list_wda(self.udid)\n  File \"D:\\pythonProjects\\blu-test\\.venv\\lib\\site-packages\\airtest\\core\\ios\\ios.py\", line 75, in wrapper\n    return func(*args, **kwargs)\n  File \"D:\\pythonProjects\\blu-test\\.venv\\lib\\site-packages\\airtest\\core\\ios\\ios.py\", line 179, in list_wda\n    app_list = TIDevice.list_app(udid)\n  File \"D:\\pythonProjects\\blu-test\\.venv\\lib\\site-packages\\airtest\\core\\ios\\ios.py\", line 75, in wrapper\n    return func(*args, **kwargs)\n  File \"D:\\pythonProjects\\blu-test\\.venv\\lib\\site-packages\\airtest\\core\\ios\\ios.py\", line 162, in list_app\n    for info in BaseDevice(udid, Usbmux()).installation.iter_installed(app_type=app_type):\n  File \"D:\\pythonProjects\\blu-test\\.venv\\lib\\site-packages\\tidevice\\_device.py\", line 601, in installation\n    conn = self.start_service(Installation.SERVICE_NAME)\n  File \"D:\\pythonProjects\\blu-test\\.venv\\lib\\site-packages\\tidevice\\_device.py\", line 503, in start_service\n    self.mount_developer_image()\n  File \"D:\\pythonProjects\\blu-test\\.venv\\lib\\site-packages\\tidevice\\_device.py\", line 644, in mount_developer_image\n    product_version = self.get_value(\"ProductVersion\")\n  File \"D:\\pythonProjects\\blu-test\\.venv\\lib\\site-packages\\tidevice\\_device.py\", line 366, in get_value\n    with self.create_session() as conn:\n  File \"D:\\pythonProjects\\blu-test\\.venv\\lib\\site-packages\\tidevice\\_device.py\", line 300, in create_session\n    s = self.create_inner_connection()\n  File \"D:\\pythonProjects\\blu-test\\.venv\\lib\\site-packages\\tidevice\\_device.py\", line 286, in create_inner_connection\n    device_id = self.info.device_id\n  File \"D:\\pythonProjects\\blu-test\\.venv\\lib\\site-packages\\tidevice\\_device.py\", line 120, in info\n    raise MuxError(\"Device: {} not ready\".format(self._udid))\ntidevice.exceptions.MuxError: Device: 00008103-0005491036D9001E not ready\n", "end_time": 1760682529.532765}}
